{"/home/laimonas/git/crypto-signals/client/public/assets/analytics.e2e-dataset.js": {"path":"/home/laimonas/git/crypto-signals/client/public/assets/analytics.e2e-dataset.js","statementMap":{"0":{"start":{"line":1,"column":26},"end":{"line":7,"column":1}}},"fnMap":{},"branchMap":{},"s":{"0":0},"f":{},"b":{}}
,"/home/laimonas/git/crypto-signals/client/public/assets/chart-globals.js": {"path":"/home/laimonas/git/crypto-signals/client/public/assets/chart-globals.js","statementMap":{"0":{"start":{"line":3,"column":2},"end":{"line":3,"column":71}},"1":{"start":{"line":5,"column":2},"end":{"line":17,"column":3}},"2":{"start":{"line":6,"column":18},"end":{"line":6,"column":54}},"3":{"start":{"line":7,"column":18},"end":{"line":7,"column":22}},"4":{"start":{"line":10,"column":8},"end":{"line":10,"column":61}},"5":{"start":{"line":13,"column":8},"end":{"line":13,"column":31}},"6":{"start":{"line":16,"column":4},"end":{"line":16,"column":25}},"7":{"start":{"line":19,"column":16},"end":{"line":19,"column":42}},"8":{"start":{"line":20,"column":2},"end":{"line":24,"column":4}},"9":{"start":{"line":25,"column":2},"end":{"line":25,"column":30}}},"fnMap":{"0":{"name":"freezeCanvasEnv","decl":{"start":{"line":1,"column":16},"end":{"line":1,"column":31}},"loc":{"start":{"line":1,"column":62},"end":{"line":26,"column":1}},"line":1},"1":{"name":"(anonymous_1)","decl":{"start":{"line":9,"column":6},"end":{"line":9,"column":7}},"loc":{"start":{"line":9,"column":24},"end":{"line":11,"column":7}},"line":9},"2":{"name":"(anonymous_2)","decl":{"start":{"line":12,"column":6},"end":{"line":12,"column":7}},"loc":{"start":{"line":12,"column":19},"end":{"line":14,"column":7}},"line":12}},"branchMap":{"0":{"loc":{"start":{"line":1,"column":32},"end":{"line":1,"column":44}},"type":"default-arg","locations":[{"start":{"line":1,"column":38},"end":{"line":1,"column":44}}],"line":1},"1":{"loc":{"start":{"line":1,"column":46},"end":{"line":1,"column":60}},"type":"default-arg","locations":[{"start":{"line":1,"column":52},"end":{"line":1,"column":60}}],"line":1},"2":{"loc":{"start":{"line":3,"column":2},"end":{"line":3,"column":70}},"type":"binary-expr","locations":[{"start":{"line":3,"column":2},"end":{"line":3,"column":13}},{"start":{"line":3,"column":18},"end":{"line":3,"column":27}},{"start":{"line":3,"column":32},"end":{"line":3,"column":68}}],"line":3},"3":{"loc":{"start":{"line":5,"column":2},"end":{"line":17,"column":3}},"type":"if","locations":[{"start":{"line":5,"column":2},"end":{"line":17,"column":3}},{"start":{},"end":{}}],"line":5},"4":{"loc":{"start":{"line":10,"column":15},"end":{"line":10,"column":60}},"type":"cond-expr","locations":[{"start":{"line":10,"column":26},"end":{"line":10,"column":41}},{"start":{"line":10,"column":44},"end":{"line":10,"column":60}}],"line":10}},"s":{"0":0,"1":0,"2":0,"3":0,"4":0,"5":0,"6":0,"7":0,"8":0,"9":0},"f":{"0":0,"1":0,"2":0},"b":{"0":[0],"1":[0],"2":[0,0,0],"3":[0,0],"4":[0,0]}}
,"/home/laimonas/git/crypto-signals/client/public/assets/nav.js": {"path":"/home/laimonas/git/crypto-signals/client/public/assets/nav.js","statementMap":{"0":{"start":{"line":2,"column":14},"end":{"line":2,"column":38}},"1":{"start":{"line":3,"column":2},"end":{"line":3,"column":19}},"2":{"start":{"line":3,"column":12},"end":{"line":3,"column":19}},"3":{"start":{"line":4,"column":18},"end":{"line":4,"column":63}},"4":{"start":{"line":5,"column":2},"end":{"line":11,"column":3}},"5":{"start":{"line":6,"column":17},"end":{"line":6,"column":45}},"6":{"start":{"line":7,"column":21},"end":{"line":7,"column":43}},"7":{"start":{"line":8,"column":4},"end":{"line":8,"column":43}},"8":{"start":{"line":9,"column":4},"end":{"line":10,"column":43}},"9":{"start":{"line":9,"column":18},"end":{"line":9,"column":57}},"10":{"start":{"line":10,"column":9},"end":{"line":10,"column":43}},"11":{"start":{"line":16,"column":17},"end":{"line":16,"column":49}},"12":{"start":{"line":17,"column":4},"end":{"line":17,"column":22}},"13":{"start":{"line":17,"column":15},"end":{"line":17,"column":22}},"14":{"start":{"line":18,"column":16},"end":{"line":18,"column":55}},"15":{"start":{"line":19,"column":17},"end":{"line":19,"column":33}},"16":{"start":{"line":20,"column":4},"end":{"line":20,"column":67}},"17":{"start":{"line":20,"column":17},"end":{"line":20,"column":39}},"18":{"start":{"line":20,"column":45},"end":{"line":20,"column":67}},"19":{"start":{"line":23,"column":2},"end":{"line":23,"column":49}},"20":{"start":{"line":24,"column":2},"end":{"line":24,"column":71}},"21":{"start":{"line":25,"column":2},"end":{"line":25,"column":55}},"22":{"start":{"line":27,"column":2},"end":{"line":27,"column":12}},"23":{"start":{"line":29,"column":17},"end":{"line":29,"column":55}},"24":{"start":{"line":30,"column":16},"end":{"line":30,"column":53}},"25":{"start":{"line":31,"column":2},"end":{"line":36,"column":3}},"26":{"start":{"line":32,"column":4},"end":{"line":35,"column":7}},"27":{"start":{"line":33,"column":19},"end":{"line":33,"column":49}},"28":{"start":{"line":34,"column":6},"end":{"line":34,"column":57}},"29":{"start":{"line":38,"column":2},"end":{"line":44,"column":12}},"30":{"start":{"line":39,"column":14},"end":{"line":39,"column":80}},"31":{"start":{"line":39,"column":71},"end":{"line":39,"column":79}},"32":{"start":{"line":40,"column":15},"end":{"line":40,"column":53}},"33":{"start":{"line":41,"column":4},"end":{"line":43,"column":5}},"34":{"start":{"line":42,"column":6},"end":{"line":42,"column":81}},"35":{"start":{"line":47,"column":0},"end":{"line":49,"column":1}},"36":{"start":{"line":48,"column":2},"end":{"line":48,"column":69}},"37":{"start":{"line":48,"column":54},"end":{"line":48,"column":65}}},"fnMap":{"0":{"name":"initNav","decl":{"start":{"line":1,"column":22},"end":{"line":1,"column":29}},"loc":{"start":{"line":1,"column":69},"end":{"line":12,"column":1}},"line":1},"1":{"name":"autoInit","decl":{"start":{"line":14,"column":15},"end":{"line":14,"column":23}},"loc":{"start":{"line":14,"column":26},"end":{"line":45,"column":1}},"line":14},"2":{"name":"inject","decl":{"start":{"line":15,"column":17},"end":{"line":15,"column":23}},"loc":{"start":{"line":15,"column":56},"end":{"line":21,"column":3}},"line":15},"3":{"name":"(anonymous_3)","decl":{"start":{"line":32,"column":37},"end":{"line":32,"column":38}},"loc":{"start":{"line":32,"column":43},"end":{"line":35,"column":5}},"line":32},"4":{"name":"(anonymous_4)","decl":{"start":{"line":39,"column":66},"end":{"line":39,"column":67}},"loc":{"start":{"line":39,"column":71},"end":{"line":39,"column":79}},"line":39},"5":{"name":"(anonymous_5)","decl":{"start":{"line":48,"column":46},"end":{"line":48,"column":47}},"loc":{"start":{"line":48,"column":52},"end":{"line":48,"column":67}},"line":48}},"branchMap":{"0":{"loc":{"start":{"line":1,"column":30},"end":{"line":1,"column":44}},"type":"default-arg","locations":[{"start":{"line":1,"column":36},"end":{"line":1,"column":44}}],"line":1},"1":{"loc":{"start":{"line":1,"column":46},"end":{"line":1,"column":67}},"type":"default-arg","locations":[{"start":{"line":1,"column":52},"end":{"line":1,"column":67}}],"line":1},"2":{"loc":{"start":{"line":3,"column":2},"end":{"line":3,"column":19}},"type":"if","locations":[{"start":{"line":3,"column":2},"end":{"line":3,"column":19}},{"start":{},"end":{}}],"line":3},"3":{"loc":{"start":{"line":4,"column":18},"end":{"line":4,"column":63}},"type":"binary-expr","locations":[{"start":{"line":4,"column":18},"end":{"line":4,"column":47}},{"start":{"line":4,"column":51},"end":{"line":4,"column":63}}],"line":4},"4":{"loc":{"start":{"line":6,"column":17},"end":{"line":6,"column":45}},"type":"binary-expr","locations":[{"start":{"line":6,"column":17},"end":{"line":6,"column":39}},{"start":{"line":6,"column":43},"end":{"line":6,"column":45}}],"line":6},"5":{"loc":{"start":{"line":9,"column":4},"end":{"line":10,"column":43}},"type":"if","locations":[{"start":{"line":9,"column":4},"end":{"line":10,"column":43}},{"start":{"line":10,"column":9},"end":{"line":10,"column":43}}],"line":9},"6":{"loc":{"start":{"line":15,"column":39},"end":{"line":15,"column":54}},"type":"default-arg","locations":[{"start":{"line":15,"column":49},"end":{"line":15,"column":54}}],"line":15},"7":{"loc":{"start":{"line":17,"column":4},"end":{"line":17,"column":22}},"type":"if","locations":[{"start":{"line":17,"column":4},"end":{"line":17,"column":22}},{"start":{},"end":{}}],"line":17},"8":{"loc":{"start":{"line":20,"column":4},"end":{"line":20,"column":67}},"type":"if","locations":[{"start":{"line":20,"column":4},"end":{"line":20,"column":67}},{"start":{"line":20,"column":45},"end":{"line":20,"column":67}}],"line":20},"9":{"loc":{"start":{"line":31,"column":2},"end":{"line":36,"column":3}},"type":"if","locations":[{"start":{"line":31,"column":2},"end":{"line":36,"column":3}},{"start":{},"end":{}}],"line":31},"10":{"loc":{"start":{"line":31,"column":6},"end":{"line":31,"column":21}},"type":"binary-expr","locations":[{"start":{"line":31,"column":6},"end":{"line":31,"column":12}},{"start":{"line":31,"column":16},"end":{"line":31,"column":21}}],"line":31},"11":{"loc":{"start":{"line":41,"column":4},"end":{"line":43,"column":5}},"type":"if","locations":[{"start":{"line":41,"column":4},"end":{"line":43,"column":5}},{"start":{},"end":{}}],"line":41},"12":{"loc":{"start":{"line":41,"column":8},"end":{"line":41,"column":24}},"type":"binary-expr","locations":[{"start":{"line":41,"column":8},"end":{"line":41,"column":10}},{"start":{"line":41,"column":14},"end":{"line":41,"column":24}}],"line":41},"13":{"loc":{"start":{"line":42,"column":36},"end":{"line":42,"column":79}},"type":"cond-expr","locations":[{"start":{"line":42,"column":47},"end":{"line":42,"column":74}},{"start":{"line":42,"column":77},"end":{"line":42,"column":79}}],"line":42},"14":{"loc":{"start":{"line":47,"column":0},"end":{"line":49,"column":1}},"type":"if","locations":[{"start":{"line":47,"column":0},"end":{"line":49,"column":1}},{"start":{},"end":{}}],"line":47},"15":{"loc":{"start":{"line":47,"column":4},"end":{"line":47,"column":66}},"type":"binary-expr","locations":[{"start":{"line":47,"column":4},"end":{"line":47,"column":33}},{"start":{"line":47,"column":37},"end":{"line":47,"column":66}}],"line":47}},"s":{"0":1,"1":1,"2":0,"3":1,"4":1,"5":4,"6":4,"7":4,"8":4,"9":1,"10":3,"11":0,"12":0,"13":0,"14":0,"15":0,"16":0,"17":0,"18":0,"19":0,"20":0,"21":0,"22":0,"23":0,"24":0,"25":0,"26":0,"27":0,"28":0,"29":0,"30":0,"31":0,"32":0,"33":0,"34":0,"35":1,"36":0,"37":0},"f":{"0":1,"1":0,"2":0,"3":0,"4":0,"5":0},"b":{"0":[0],"1":[0],"2":[0,1],"3":[1,0],"4":[4,0],"5":[1,3],"6":[0],"7":[0,0],"8":[0,0],"9":[0,0],"10":[0,0],"11":[0,0],"12":[0,0],"13":[0,0],"14":[0,1],"15":[1,1]},"_coverageSchema":"1a1c01bbd47fc00a2c39e90264f33305004495a9","hash":"9eebc1e084cdb4e93028881c1706739ba65a320a"}
,"/home/laimonas/git/crypto-signals/client/public/assets/ui-breadcrumbs.js": {"path":"/home/laimonas/git/crypto-signals/client/public/assets/ui-breadcrumbs.js","statementMap":{"0":{"start":{"line":2,"column":16},"end":{"line":2,"column":55}},"1":{"start":{"line":3,"column":2},"end":{"line":3,"column":21}},"2":{"start":{"line":3,"column":14},"end":{"line":3,"column":21}},"3":{"start":{"line":4,"column":15},"end":{"line":4,"column":80}},"4":{"start":{"line":5,"column":20},"end":{"line":5,"column":96}},"5":{"start":{"line":6,"column":16},"end":{"line":6,"column":24}},"6":{"start":{"line":7,"column":2},"end":{"line":7,"column":29}},"7":{"start":{"line":7,"column":12},"end":{"line":7,"column":29}},"8":{"start":{"line":8,"column":2},"end":{"line":8,"column":39}},"9":{"start":{"line":8,"column":17},"end":{"line":8,"column":39}},"10":{"start":{"line":9,"column":2},"end":{"line":9,"column":40}},"11":{"start":{"line":10,"column":22},"end":{"line":10,"column":39}},"12":{"start":{"line":11,"column":2},"end":{"line":11,"column":72}},"13":{"start":{"line":14,"column":0},"end":{"line":16,"column":1}},"14":{"start":{"line":15,"column":2},"end":{"line":15,"column":71}},"15":{"start":{"line":15,"column":52},"end":{"line":15,"column":69}}},"fnMap":{"0":{"name":"initBreadcrumbs","decl":{"start":{"line":1,"column":16},"end":{"line":1,"column":31}},"loc":{"start":{"line":1,"column":78},"end":{"line":12,"column":1}},"line":1},"1":{"name":"(anonymous_1)","decl":{"start":{"line":15,"column":46},"end":{"line":15,"column":47}},"loc":{"start":{"line":15,"column":52},"end":{"line":15,"column":69}},"line":15}},"branchMap":{"0":{"loc":{"start":{"line":1,"column":32},"end":{"line":1,"column":46}},"type":"default-arg","locations":[{"start":{"line":1,"column":38},"end":{"line":1,"column":46}}],"line":1},"1":{"loc":{"start":{"line":1,"column":48},"end":{"line":1,"column":76}},"type":"default-arg","locations":[{"start":{"line":1,"column":60},"end":{"line":1,"column":76}}],"line":1},"2":{"loc":{"start":{"line":3,"column":2},"end":{"line":3,"column":21}},"type":"if","locations":[{"start":{"line":3,"column":2},"end":{"line":3,"column":21}},{"start":{},"end":{}}],"line":3},"3":{"loc":{"start":{"line":4,"column":15},"end":{"line":4,"column":80}},"type":"binary-expr","locations":[{"start":{"line":4,"column":15},"end":{"line":4,"column":74}},{"start":{"line":4,"column":78},"end":{"line":4,"column":80}}],"line":4},"4":{"loc":{"start":{"line":7,"column":2},"end":{"line":7,"column":29}},"type":"if","locations":[{"start":{"line":7,"column":2},"end":{"line":7,"column":29}},{"start":{},"end":{}}],"line":7},"5":{"loc":{"start":{"line":8,"column":2},"end":{"line":8,"column":39}},"type":"if","locations":[{"start":{"line":8,"column":2},"end":{"line":8,"column":39}},{"start":{},"end":{}}],"line":8},"6":{"loc":{"start":{"line":10,"column":22},"end":{"line":10,"column":39}},"type":"binary-expr","locations":[{"start":{"line":10,"column":22},"end":{"line":10,"column":31}},{"start":{"line":10,"column":35},"end":{"line":10,"column":39}}],"line":10},"7":{"loc":{"start":{"line":11,"column":14},"end":{"line":11,"column":71}},"type":"cond-expr","locations":[{"start":{"line":11,"column":28},"end":{"line":11,"column":59}},{"start":{"line":11,"column":62},"end":{"line":11,"column":71}}],"line":11},"8":{"loc":{"start":{"line":14,"column":0},"end":{"line":16,"column":1}},"type":"if","locations":[{"start":{"line":14,"column":0},"end":{"line":16,"column":1}},{"start":{},"end":{}}],"line":14},"9":{"loc":{"start":{"line":14,"column":4},"end":{"line":14,"column":66}},"type":"binary-expr","locations":[{"start":{"line":14,"column":4},"end":{"line":14,"column":33}},{"start":{"line":14,"column":37},"end":{"line":14,"column":66}}],"line":14}},"s":{"0":1,"1":1,"2":0,"3":1,"4":1,"5":1,"6":1,"7":1,"8":1,"9":1,"10":1,"11":1,"12":1,"13":1,"14":0,"15":0},"f":{"0":1,"1":0},"b":{"0":[0],"1":[0],"2":[0,1],"3":[1,0],"4":[1,0],"5":[1,0],"6":[1,0],"7":[1,0],"8":[0,1],"9":[1,1]},"_coverageSchema":"1a1c01bbd47fc00a2c39e90264f33305004495a9","hash":"bd350488f1d7bc03b855c2cad35b36b52e1d3f4c"}
,"/home/laimonas/git/crypto-signals/client/public/assets/ui-lazy.js": {"path":"/home/laimonas/git/crypto-signals/client/public/assets/ui-lazy.js","statementMap":{"0":{"start":{"line":1,"column":0},"end":{"line":46,"column":5}},"1":{"start":{"line":2,"column":19},"end":{"line":2,"column":44}},"2":{"start":{"line":3,"column":17},"end":{"line":3,"column":40}},"3":{"start":{"line":5,"column":2},"end":{"line":7,"column":4}},"4":{"start":{"line":6,"column":4},"end":{"line":6,"column":60}},"5":{"start":{"line":9,"column":2},"end":{"line":17,"column":4}},"6":{"start":{"line":10,"column":14},"end":{"line":10,"column":32}},"7":{"start":{"line":11,"column":4},"end":{"line":11,"column":71}},"8":{"start":{"line":11,"column":12},"end":{"line":11,"column":71}},"9":{"start":{"line":12,"column":4},"end":{"line":15,"column":5}},"10":{"start":{"line":13,"column":6},"end":{"line":13,"column":23}},"11":{"start":{"line":14,"column":6},"end":{"line":14,"column":22}},"12":{"start":{"line":16,"column":4},"end":{"line":16,"column":55}},"13":{"start":{"line":16,"column":39},"end":{"line":16,"column":55}},"14":{"start":{"line":19,"column":2},"end":{"line":21,"column":4}},"15":{"start":{"line":20,"column":4},"end":{"line":20,"column":26}},"16":{"start":{"line":23,"column":2},"end":{"line":41,"column":4}},"17":{"start":{"line":24,"column":14},"end":{"line":24,"column":32}},"18":{"start":{"line":25,"column":4},"end":{"line":32,"column":5}},"19":{"start":{"line":26,"column":6},"end":{"line":31,"column":7}},"20":{"start":{"line":27,"column":8},"end":{"line":27,"column":25}},"21":{"start":{"line":28,"column":8},"end":{"line":28,"column":24}},"22":{"start":{"line":30,"column":8},"end":{"line":30,"column":58}},"23":{"start":{"line":33,"column":4},"end":{"line":40,"column":5}},"24":{"start":{"line":34,"column":6},"end":{"line":39,"column":7}},"25":{"start":{"line":35,"column":20},"end":{"line":35,"column":78}},"26":{"start":{"line":36,"column":8},"end":{"line":36,"column":73}},"27":{"start":{"line":38,"column":8},"end":{"line":38,"column":60}},"28":{"start":{"line":43,"column":2},"end":{"line":43,"column":26}},"29":{"start":{"line":44,"column":2},"end":{"line":44,"column":22}},"30":{"start":{"line":45,"column":2},"end":{"line":45,"column":13}},"31":{"start":{"line":48,"column":21},"end":{"line":48,"column":74}},"32":{"start":{"line":48,"column":40},"end":{"line":48,"column":74}},"33":{"start":{"line":49,"column":23},"end":{"line":49,"column":60}},"34":{"start":{"line":49,"column":33},"end":{"line":49,"column":60}}},"fnMap":{"0":{"name":"(anonymous_0)","decl":{"start":{"line":1,"column":17},"end":{"line":1,"column":18}},"loc":{"start":{"line":1,"column":54},"end":{"line":46,"column":1}},"line":1},"1":{"name":"(anonymous_1)","decl":{"start":{"line":5,"column":17},"end":{"line":5,"column":18}},"loc":{"start":{"line":5,"column":43},"end":{"line":7,"column":3}},"line":5},"2":{"name":"(anonymous_2)","decl":{"start":{"line":9,"column":14},"end":{"line":9,"column":15}},"loc":{"start":{"line":9,"column":45},"end":{"line":17,"column":3}},"line":9},"3":{"name":"(anonymous_3)","decl":{"start":{"line":19,"column":16},"end":{"line":19,"column":17}},"loc":{"start":{"line":19,"column":32},"end":{"line":21,"column":3}},"line":19},"4":{"name":"(anonymous_4)","decl":{"start":{"line":23,"column":17},"end":{"line":23,"column":18}},"loc":{"start":{"line":23,"column":50},"end":{"line":41,"column":3}},"line":23},"5":{"name":"(anonymous_5)","decl":{"start":{"line":48,"column":21},"end":{"line":48,"column":22}},"loc":{"start":{"line":48,"column":40},"end":{"line":48,"column":74}},"line":48},"6":{"name":"(anonymous_6)","decl":{"start":{"line":49,"column":23},"end":{"line":49,"column":24}},"loc":{"start":{"line":49,"column":33},"end":{"line":49,"column":60}},"line":49}},"branchMap":{"0":{"loc":{"start":{"line":1,"column":27},"end":{"line":1,"column":52}},"type":"default-arg","locations":[{"start":{"line":1,"column":33},"end":{"line":1,"column":52}}],"line":1},"1":{"loc":{"start":{"line":1,"column":33},"end":{"line":1,"column":52}},"type":"binary-expr","locations":[{"start":{"line":1,"column":33},"end":{"line":1,"column":46}},{"start":{"line":1,"column":50},"end":{"line":1,"column":52}}],"line":1},"2":{"loc":{"start":{"line":2,"column":19},"end":{"line":2,"column":44}},"type":"binary-expr","locations":[{"start":{"line":2,"column":19},"end":{"line":2,"column":31}},{"start":{"line":2,"column":35},"end":{"line":2,"column":44}}],"line":2},"3":{"loc":{"start":{"line":3,"column":17},"end":{"line":3,"column":40}},"type":"binary-expr","locations":[{"start":{"line":3,"column":17},"end":{"line":3,"column":27}},{"start":{"line":3,"column":31},"end":{"line":3,"column":40}}],"line":3},"4":{"loc":{"start":{"line":11,"column":4},"end":{"line":11,"column":71}},"type":"if","locations":[{"start":{"line":11,"column":4},"end":{"line":11,"column":71}},{"start":{},"end":{}}],"line":11},"5":{"loc":{"start":{"line":12,"column":4},"end":{"line":15,"column":5}},"type":"if","locations":[{"start":{"line":12,"column":4},"end":{"line":15,"column":5}},{"start":{},"end":{}}],"line":12},"6":{"loc":{"start":{"line":16,"column":4},"end":{"line":16,"column":55}},"type":"if","locations":[{"start":{"line":16,"column":4},"end":{"line":16,"column":55}},{"start":{},"end":{}}],"line":16},"7":{"loc":{"start":{"line":23,"column":39},"end":{"line":23,"column":48}},"type":"default-arg","locations":[{"start":{"line":23,"column":46},"end":{"line":23,"column":48}}],"line":23},"8":{"loc":{"start":{"line":25,"column":4},"end":{"line":32,"column":5}},"type":"if","locations":[{"start":{"line":25,"column":4},"end":{"line":32,"column":5}},{"start":{},"end":{}}],"line":25},"9":{"loc":{"start":{"line":25,"column":8},"end":{"line":25,"column":22}},"type":"binary-expr","locations":[{"start":{"line":25,"column":8},"end":{"line":25,"column":9}},{"start":{"line":25,"column":13},"end":{"line":25,"column":22}}],"line":25},"10":{"loc":{"start":{"line":33,"column":4},"end":{"line":40,"column":5}},"type":"if","locations":[{"start":{"line":33,"column":4},"end":{"line":40,"column":5}},{"start":{},"end":{}}],"line":33},"11":{"loc":{"start":{"line":33,"column":8},"end":{"line":33,"column":51}},"type":"binary-expr","locations":[{"start":{"line":33,"column":8},"end":{"line":33,"column":21}},{"start":{"line":33,"column":25},"end":{"line":33,"column":51}}],"line":33}},"s":{"0":0,"1":0,"2":0,"3":0,"4":0,"5":0,"6":0,"7":0,"8":0,"9":0,"10":0,"11":0,"12":0,"13":0,"14":0,"15":0,"16":0,"17":0,"18":0,"19":0,"20":0,"21":0,"22":0,"23":0,"24":0,"25":0,"26":0,"27":0,"28":0,"29":0,"30":0,"31":0,"32":0,"33":0,"34":0},"f":{"0":0,"1":0,"2":0,"3":0,"4":0,"5":0,"6":0},"b":{"0":[0],"1":[0,0],"2":[0,0],"3":[0,0],"4":[0,0],"5":[0,0],"6":[0,0],"7":[0],"8":[0,0],"9":[0,0],"10":[0,0],"11":[0,0]}}
,"/home/laimonas/git/crypto-signals/client/public/assets/ui-loader.js": {"path":"/home/laimonas/git/crypto-signals/client/public/assets/ui-loader.js","statementMap":{"0":{"start":{"line":1,"column":0},"end":{"line":82,"column":5}},"1":{"start":{"line":3,"column":14},"end":{"line":3,"column":41}},"2":{"start":{"line":4,"column":4},"end":{"line":4,"column":31}},"3":{"start":{"line":4,"column":13},"end":{"line":4,"column":31}},"4":{"start":{"line":5,"column":4},"end":{"line":5,"column":13}},"5":{"start":{"line":10,"column":4},"end":{"line":10,"column":41}},"6":{"start":{"line":11,"column":20},"end":{"line":11,"column":48}},"7":{"start":{"line":13,"column":4},"end":{"line":52,"column":5}},"8":{"start":{"line":15,"column":18},"end":{"line":15,"column":33}},"9":{"start":{"line":16,"column":8},"end":{"line":16,"column":87}},"10":{"start":{"line":16,"column":21},"end":{"line":16,"column":22}},"11":{"start":{"line":16,"column":36},"end":{"line":16,"column":87}},"12":{"start":{"line":17,"column":8},"end":{"line":17,"column":14}},"13":{"start":{"line":20,"column":8},"end":{"line":20,"column":60}},"14":{"start":{"line":21,"column":8},"end":{"line":21,"column":14}},"15":{"start":{"line":24,"column":18},"end":{"line":24,"column":33}},"16":{"start":{"line":25,"column":8},"end":{"line":25,"column":87}},"17":{"start":{"line":25,"column":21},"end":{"line":25,"column":22}},"18":{"start":{"line":25,"column":36},"end":{"line":25,"column":87}},"19":{"start":{"line":26,"column":8},"end":{"line":26,"column":14}},"20":{"start":{"line":29,"column":8},"end":{"line":29,"column":61}},"21":{"start":{"line":30,"column":8},"end":{"line":30,"column":14}},"22":{"start":{"line":33,"column":18},"end":{"line":33,"column":33}},"23":{"start":{"line":34,"column":8},"end":{"line":34,"column":86}},"24":{"start":{"line":34,"column":21},"end":{"line":34,"column":22}},"25":{"start":{"line":34,"column":36},"end":{"line":34,"column":86}},"26":{"start":{"line":35,"column":8},"end":{"line":35,"column":14}},"27":{"start":{"line":38,"column":21},"end":{"line":38,"column":35}},"28":{"start":{"line":39,"column":22},"end":{"line":39,"column":52}},"29":{"start":{"line":40,"column":8},"end":{"line":44,"column":9}},"30":{"start":{"line":40,"column":21},"end":{"line":40,"column":22}},"31":{"start":{"line":41,"column":21},"end":{"line":41,"column":48}},"32":{"start":{"line":42,"column":10},"end":{"line":42,"column":97}},"33":{"start":{"line":42,"column":23},"end":{"line":42,"column":24}},"34":{"start":{"line":42,"column":38},"end":{"line":42,"column":97}},"35":{"start":{"line":43,"column":10},"end":{"line":43,"column":32}},"36":{"start":{"line":45,"column":8},"end":{"line":45,"column":35}},"37":{"start":{"line":46,"column":8},"end":{"line":46,"column":14}},"38":{"start":{"line":49,"column":18},"end":{"line":49,"column":33}},"39":{"start":{"line":50,"column":8},"end":{"line":50,"column":87}},"40":{"start":{"line":50,"column":21},"end":{"line":50,"column":22}},"41":{"start":{"line":50,"column":36},"end":{"line":50,"column":87}},"42":{"start":{"line":54,"column":4},"end":{"line":54,"column":29}},"43":{"start":{"line":55,"column":4},"end":{"line":55,"column":35}},"44":{"start":{"line":59,"column":4},"end":{"line":59,"column":27}},"45":{"start":{"line":59,"column":20},"end":{"line":59,"column":27}},"46":{"start":{"line":60,"column":4},"end":{"line":60,"column":66}},"47":{"start":{"line":64,"column":4},"end":{"line":64,"column":27}},"48":{"start":{"line":64,"column":20},"end":{"line":64,"column":27}},"49":{"start":{"line":65,"column":4},"end":{"line":65,"column":29}},"50":{"start":{"line":66,"column":4},"end":{"line":66,"column":44}},"51":{"start":{"line":70,"column":4},"end":{"line":78,"column":5}},"52":{"start":{"line":71,"column":6},"end":{"line":71,"column":28}},"53":{"start":{"line":72,"column":18},"end":{"line":72,"column":32}},"54":{"start":{"line":73,"column":6},"end":{"line":73,"column":22}},"55":{"start":{"line":74,"column":6},"end":{"line":74,"column":17}},"56":{"start":{"line":76,"column":6},"end":{"line":76,"column":22}},"57":{"start":{"line":77,"column":6},"end":{"line":77,"column":14}},"58":{"start":{"line":81,"column":2},"end":{"line":81,"column":52}}},"fnMap":{"0":{"name":"(anonymous_0)","decl":{"start":{"line":1,"column":19},"end":{"line":1,"column":20}},"loc":{"start":{"line":1,"column":31},"end":{"line":82,"column":1}},"line":1},"1":{"name":"el","decl":{"start":{"line":2,"column":11},"end":{"line":2,"column":13}},"loc":{"start":{"line":2,"column":24},"end":{"line":6,"column":3}},"line":2},"2":{"name":"renderSkeleton","decl":{"start":{"line":8,"column":11},"end":{"line":8,"column":25}},"loc":{"start":{"line":8,"column":43},"end":{"line":56,"column":3}},"line":8},"3":{"name":"show","decl":{"start":{"line":58,"column":11},"end":{"line":58,"column":15}},"loc":{"start":{"line":58,"column":33},"end":{"line":61,"column":3}},"line":58},"4":{"name":"hide","decl":{"start":{"line":63,"column":11},"end":{"line":63,"column":15}},"loc":{"start":{"line":63,"column":27},"end":{"line":67,"column":3}},"line":63},"5":{"name":"withLoader","decl":{"start":{"line":69,"column":17},"end":{"line":69,"column":27}},"loc":{"start":{"line":69,"column":53},"end":{"line":79,"column":3}},"line":69}},"branchMap":{"0":{"loc":{"start":{"line":4,"column":4},"end":{"line":4,"column":31}},"type":"if","locations":[{"start":{"line":4,"column":4},"end":{"line":4,"column":31}},{"start":{},"end":{}}],"line":4},"1":{"loc":{"start":{"line":13,"column":4},"end":{"line":52,"column":5}},"type":"switch","locations":[{"start":{"line":14,"column":6},"end":{"line":18,"column":7}},{"start":{"line":19,"column":6},"end":{"line":22,"column":7}},{"start":{"line":23,"column":6},"end":{"line":27,"column":7}},{"start":{"line":28,"column":6},"end":{"line":31,"column":7}},{"start":{"line":32,"column":6},"end":{"line":36,"column":7}},{"start":{"line":37,"column":6},"end":{"line":47,"column":7}},{"start":{"line":48,"column":6},"end":{"line":51,"column":7}}],"line":13},"2":{"loc":{"start":{"line":15,"column":18},"end":{"line":15,"column":33}},"type":"binary-expr","locations":[{"start":{"line":15,"column":18},"end":{"line":15,"column":28}},{"start":{"line":15,"column":32},"end":{"line":15,"column":33}}],"line":15},"3":{"loc":{"start":{"line":24,"column":18},"end":{"line":24,"column":33}},"type":"binary-expr","locations":[{"start":{"line":24,"column":18},"end":{"line":24,"column":28}},{"start":{"line":24,"column":32},"end":{"line":24,"column":33}}],"line":24},"4":{"loc":{"start":{"line":33,"column":18},"end":{"line":33,"column":33}},"type":"binary-expr","locations":[{"start":{"line":33,"column":18},"end":{"line":33,"column":28}},{"start":{"line":33,"column":32},"end":{"line":33,"column":33}}],"line":33},"5":{"loc":{"start":{"line":38,"column":21},"end":{"line":38,"column":35}},"type":"binary-expr","locations":[{"start":{"line":38,"column":21},"end":{"line":38,"column":30}},{"start":{"line":38,"column":34},"end":{"line":38,"column":35}}],"line":38},"6":{"loc":{"start":{"line":49,"column":18},"end":{"line":49,"column":33}},"type":"binary-expr","locations":[{"start":{"line":49,"column":18},"end":{"line":49,"column":28}},{"start":{"line":49,"column":32},"end":{"line":49,"column":33}}],"line":49},"7":{"loc":{"start":{"line":59,"column":4},"end":{"line":59,"column":27}},"type":"if","locations":[{"start":{"line":59,"column":4},"end":{"line":59,"column":27}},{"start":{},"end":{}}],"line":59},"8":{"loc":{"start":{"line":60,"column":30},"end":{"line":60,"column":64}},"type":"binary-expr","locations":[{"start":{"line":60,"column":30},"end":{"line":60,"column":34}},{"start":{"line":60,"column":38},"end":{"line":60,"column":64}}],"line":60},"9":{"loc":{"start":{"line":64,"column":4},"end":{"line":64,"column":27}},"type":"if","locations":[{"start":{"line":64,"column":4},"end":{"line":64,"column":27}},{"start":{},"end":{}}],"line":64}},"s":{"0":0,"1":0,"2":0,"3":0,"4":0,"5":0,"6":0,"7":0,"8":0,"9":0,"10":0,"11":0,"12":0,"13":0,"14":0,"15":0,"16":0,"17":0,"18":0,"19":0,"20":0,"21":0,"22":0,"23":0,"24":0,"25":0,"26":0,"27":0,"28":0,"29":0,"30":0,"31":0,"32":0,"33":0,"34":0,"35":0,"36":0,"37":0,"38":0,"39":0,"40":0,"41":0,"42":0,"43":0,"44":0,"45":0,"46":0,"47":0,"48":0,"49":0,"50":0,"51":0,"52":0,"53":0,"54":0,"55":0,"56":0,"57":0,"58":0},"f":{"0":0,"1":0,"2":0,"3":0,"4":0,"5":0},"b":{"0":[0,0],"1":[0,0,0,0,0,0,0],"2":[0,0],"3":[0,0],"4":[0,0],"5":[0,0],"6":[0,0],"7":[0,0],"8":[0,0],"9":[0,0]}}
,"/home/laimonas/git/crypto-signals/client/public/assets/ui-tabs.js": {"path":"/home/laimonas/git/crypto-signals/client/public/assets/ui-tabs.js","statementMap":{"0":{"start":{"line":2,"column":18},"end":{"line":2,"column":56}},"1":{"start":{"line":3,"column":2},"end":{"line":3,"column":23}},"2":{"start":{"line":3,"column":16},"end":{"line":3,"column":23}},"3":{"start":{"line":4,"column":15},"end":{"line":4,"column":67}},"4":{"start":{"line":5,"column":17},"end":{"line":5,"column":105}},"5":{"start":{"line":5,"column":31},"end":{"line":5,"column":88}},"6":{"start":{"line":6,"column":2},"end":{"line":8,"column":5}},"7":{"start":{"line":7,"column":4},"end":{"line":7,"column":60}},"8":{"start":{"line":7,"column":15},"end":{"line":7,"column":60}},"9":{"start":{"line":11,"column":4},"end":{"line":16,"column":7}},"10":{"start":{"line":12,"column":23},"end":{"line":12,"column":34}},"11":{"start":{"line":13,"column":6},"end":{"line":13,"column":67}},"12":{"start":{"line":14,"column":6},"end":{"line":14,"column":37}},"13":{"start":{"line":15,"column":6},"end":{"line":15,"column":50}},"14":{"start":{"line":15,"column":21},"end":{"line":15,"column":50}},"15":{"start":{"line":17,"column":4},"end":{"line":17,"column":50}},"16":{"start":{"line":17,"column":30},"end":{"line":17,"column":50}},"17":{"start":{"line":18,"column":4},"end":{"line":18,"column":53}},"18":{"start":{"line":18,"column":17},"end":{"line":18,"column":53}},"19":{"start":{"line":21,"column":19},"end":{"line":21,"column":48}},"20":{"start":{"line":22,"column":22},"end":{"line":22,"column":64}},"21":{"start":{"line":23,"column":20},"end":{"line":23,"column":70}},"22":{"start":{"line":24,"column":2},"end":{"line":24,"column":35}},"23":{"start":{"line":24,"column":17},"end":{"line":24,"column":35}},"24":{"start":{"line":26,"column":2},"end":{"line":26,"column":69}},"25":{"start":{"line":26,"column":20},"end":{"line":26,"column":67}},"26":{"start":{"line":26,"column":54},"end":{"line":26,"column":66}},"27":{"start":{"line":29,"column":0},"end":{"line":31,"column":1}},"28":{"start":{"line":30,"column":2},"end":{"line":30,"column":64}},"29":{"start":{"line":30,"column":52},"end":{"line":30,"column":62}}},"fnMap":{"0":{"name":"initTabs","decl":{"start":{"line":1,"column":16},"end":{"line":1,"column":24}},"loc":{"start":{"line":1,"column":122},"end":{"line":27,"column":1}},"line":1},"1":{"name":"(anonymous_1)","decl":{"start":{"line":5,"column":26},"end":{"line":5,"column":27}},"loc":{"start":{"line":5,"column":31},"end":{"line":5,"column":88}},"line":5},"2":{"name":"(anonymous_2)","decl":{"start":{"line":6,"column":15},"end":{"line":6,"column":16}},"loc":{"start":{"line":6,"column":20},"end":{"line":8,"column":3}},"line":6},"3":{"name":"select","decl":{"start":{"line":10,"column":11},"end":{"line":10,"column":17}},"loc":{"start":{"line":10,"column":22},"end":{"line":19,"column":3}},"line":10},"4":{"name":"(anonymous_4)","decl":{"start":{"line":11,"column":17},"end":{"line":11,"column":18}},"loc":{"start":{"line":11,"column":27},"end":{"line":16,"column":5}},"line":11},"5":{"name":"(anonymous_5)","decl":{"start":{"line":26,"column":15},"end":{"line":26,"column":16}},"loc":{"start":{"line":26,"column":20},"end":{"line":26,"column":67}},"line":26},"6":{"name":"(anonymous_6)","decl":{"start":{"line":26,"column":48},"end":{"line":26,"column":49}},"loc":{"start":{"line":26,"column":54},"end":{"line":26,"column":66}},"line":26},"7":{"name":"(anonymous_7)","decl":{"start":{"line":30,"column":46},"end":{"line":30,"column":47}},"loc":{"start":{"line":30,"column":52},"end":{"line":30,"column":62}},"line":30}},"branchMap":{"0":{"loc":{"start":{"line":1,"column":25},"end":{"line":1,"column":40}},"type":"default-arg","locations":[{"start":{"line":1,"column":32},"end":{"line":1,"column":40}}],"line":1},"1":{"loc":{"start":{"line":1,"column":42},"end":{"line":1,"column":120}},"type":"default-arg","locations":[{"start":{"line":1,"column":118},"end":{"line":1,"column":120}}],"line":1},"2":{"loc":{"start":{"line":1,"column":44},"end":{"line":1,"column":73}},"type":"default-arg","locations":[{"start":{"line":1,"column":54},"end":{"line":1,"column":73}}],"line":1},"3":{"loc":{"start":{"line":1,"column":75},"end":{"line":1,"column":96}},"type":"default-arg","locations":[{"start":{"line":1,"column":81},"end":{"line":1,"column":96}}],"line":1},"4":{"loc":{"start":{"line":1,"column":98},"end":{"line":1,"column":113}},"type":"default-arg","locations":[{"start":{"line":1,"column":105},"end":{"line":1,"column":113}}],"line":1},"5":{"loc":{"start":{"line":3,"column":2},"end":{"line":3,"column":23}},"type":"if","locations":[{"start":{"line":3,"column":2},"end":{"line":3,"column":23}},{"start":{},"end":{}}],"line":3},"6":{"loc":{"start":{"line":7,"column":4},"end":{"line":7,"column":60}},"type":"if","locations":[{"start":{"line":7,"column":4},"end":{"line":7,"column":60}},{"start":{},"end":{}}],"line":7},"7":{"loc":{"start":{"line":7,"column":22},"end":{"line":7,"column":59}},"type":"binary-expr","locations":[{"start":{"line":7,"column":22},"end":{"line":7,"column":53}},{"start":{"line":7,"column":57},"end":{"line":7,"column":59}}],"line":7},"8":{"loc":{"start":{"line":13,"column":38},"end":{"line":13,"column":65}},"type":"cond-expr","locations":[{"start":{"line":13,"column":49},"end":{"line":13,"column":55}},{"start":{"line":13,"column":58},"end":{"line":13,"column":65}}],"line":13},"9":{"loc":{"start":{"line":14,"column":19},"end":{"line":14,"column":36}},"type":"cond-expr","locations":[{"start":{"line":14,"column":30},"end":{"line":14,"column":31}},{"start":{"line":14,"column":34},"end":{"line":14,"column":36}}],"line":14},"10":{"loc":{"start":{"line":15,"column":6},"end":{"line":15,"column":50}},"type":"if","locations":[{"start":{"line":15,"column":6},"end":{"line":15,"column":50}},{"start":{},"end":{}}],"line":15},"11":{"loc":{"start":{"line":17,"column":4},"end":{"line":17,"column":50}},"type":"if","locations":[{"start":{"line":17,"column":4},"end":{"line":17,"column":50}},{"start":{},"end":{}}],"line":17},"12":{"loc":{"start":{"line":17,"column":8},"end":{"line":17,"column":28}},"type":"binary-expr","locations":[{"start":{"line":17,"column":8},"end":{"line":17,"column":11}},{"start":{"line":17,"column":15},"end":{"line":17,"column":28}}],"line":17},"13":{"loc":{"start":{"line":18,"column":4},"end":{"line":18,"column":53}},"type":"if","locations":[{"start":{"line":18,"column":4},"end":{"line":18,"column":53}},{"start":{},"end":{}}],"line":18},"14":{"loc":{"start":{"line":21,"column":20},"end":{"line":21,"column":30}},"type":"binary-expr","locations":[{"start":{"line":21,"column":20},"end":{"line":21,"column":24}},{"start":{"line":21,"column":28},"end":{"line":21,"column":30}}],"line":21},"15":{"loc":{"start":{"line":22,"column":22},"end":{"line":22,"column":64}},"type":"binary-expr","locations":[{"start":{"line":22,"column":22},"end":{"line":22,"column":29}},{"start":{"line":22,"column":33},"end":{"line":22,"column":64}}],"line":22},"16":{"loc":{"start":{"line":23,"column":20},"end":{"line":23,"column":70}},"type":"binary-expr","locations":[{"start":{"line":23,"column":20},"end":{"line":23,"column":28}},{"start":{"line":23,"column":32},"end":{"line":23,"column":43}},{"start":{"line":23,"column":48},"end":{"line":23,"column":55}},{"start":{"line":23,"column":59},"end":{"line":23,"column":69}}],"line":23},"17":{"loc":{"start":{"line":24,"column":2},"end":{"line":24,"column":35}},"type":"if","locations":[{"start":{"line":24,"column":2},"end":{"line":24,"column":35}},{"start":{},"end":{}}],"line":24},"18":{"loc":{"start":{"line":29,"column":0},"end":{"line":31,"column":1}},"type":"if","locations":[{"start":{"line":29,"column":0},"end":{"line":31,"column":1}},{"start":{},"end":{}}],"line":29},"19":{"loc":{"start":{"line":29,"column":4},"end":{"line":29,"column":66}},"type":"binary-expr","locations":[{"start":{"line":29,"column":4},"end":{"line":29,"column":33}},{"start":{"line":29,"column":37},"end":{"line":29,"column":66}}],"line":29}},"s":{"0":3,"1":3,"2":0,"3":3,"4":3,"5":8,"6":3,"7":8,"8":0,"9":4,"10":11,"11":11,"12":11,"13":11,"14":11,"15":4,"16":4,"17":4,"18":4,"19":3,"20":3,"21":3,"22":3,"23":3,"24":3,"25":8,"26":1,"27":2,"28":0,"29":0},"f":{"0":3,"1":8,"2":8,"3":4,"4":11,"5":8,"6":1,"7":0},"b":{"0":[0],"1":[0],"2":[0],"3":[0],"4":[0],"5":[0,3],"6":[0,8],"7":[0,0],"8":[4,7],"9":[4,7],"10":[11,0],"11":[4,0],"12":[4,4],"13":[4,0],"14":[3,3],"15":[3,3],"16":[3,3,3,3],"17":[3,0],"18":[0,2],"19":[2,2]},"_coverageSchema":"1a1c01bbd47fc00a2c39e90264f33305004495a9","hash":"d1e0b4d289908c71bb9c785da7be030fede9ecde"}
,"/home/laimonas/git/crypto-signals/client/public/assets/ui-toast.js": {"path":"/home/laimonas/git/crypto-signals/client/public/assets/ui-toast.js","statementMap":{"0":{"start":{"line":2,"column":15},"end":{"line":2,"column":43}},"1":{"start":{"line":3,"column":2},"end":{"line":5,"column":3}},"2":{"start":{"line":4,"column":4},"end":{"line":4,"column":45}},"3":{"start":{"line":9,"column":15},"end":{"line":9,"column":43}},"4":{"start":{"line":10,"column":2},"end":{"line":10,"column":20}},"5":{"start":{"line":10,"column":13},"end":{"line":10,"column":20}},"6":{"start":{"line":11,"column":16},"end":{"line":11,"column":40}},"7":{"start":{"line":12,"column":2},"end":{"line":12,"column":39}},"8":{"start":{"line":13,"column":2},"end":{"line":13,"column":36}},"9":{"start":{"line":14,"column":2},"end":{"line":14,"column":30}},"10":{"start":{"line":15,"column":2},"end":{"line":15,"column":26}},"11":{"start":{"line":16,"column":2},"end":{"line":18,"column":14}},"12":{"start":{"line":17,"column":4},"end":{"line":17,"column":19}},"13":{"start":{"line":21,"column":0},"end":{"line":29,"column":1}},"14":{"start":{"line":22,"column":2},"end":{"line":28,"column":5}},"15":{"start":{"line":23,"column":4},"end":{"line":23,"column":16}},"16":{"start":{"line":24,"column":4},"end":{"line":27,"column":5}},"17":{"start":{"line":25,"column":6},"end":{"line":26,"column":87}},"18":{"start":{"line":25,"column":56},"end":{"line":25,"column":81}},"19":{"start":{"line":26,"column":11},"end":{"line":26,"column":87}},"20":{"start":{"line":26,"column":66},"end":{"line":26,"column":86}}},"fnMap":{"0":{"name":"initToast","decl":{"start":{"line":1,"column":16},"end":{"line":1,"column":25}},"loc":{"start":{"line":1,"column":42},"end":{"line":6,"column":1}},"line":1},"1":{"name":"showToast","decl":{"start":{"line":8,"column":16},"end":{"line":8,"column":25}},"loc":{"start":{"line":8,"column":91},"end":{"line":19,"column":1}},"line":8},"2":{"name":"(anonymous_2)","decl":{"start":{"line":16,"column":13},"end":{"line":16,"column":14}},"loc":{"start":{"line":16,"column":19},"end":{"line":18,"column":3}},"line":16},"3":{"name":"(anonymous_3)","decl":{"start":{"line":22,"column":46},"end":{"line":22,"column":47}},"loc":{"start":{"line":22,"column":52},"end":{"line":28,"column":3}},"line":22},"4":{"name":"(anonymous_4)","decl":{"start":{"line":26,"column":36},"end":{"line":26,"column":37}},"loc":{"start":{"line":26,"column":66},"end":{"line":26,"column":86}},"line":26}},"branchMap":{"0":{"loc":{"start":{"line":1,"column":26},"end":{"line":1,"column":40}},"type":"default-arg","locations":[{"start":{"line":1,"column":32},"end":{"line":1,"column":40}}],"line":1},"1":{"loc":{"start":{"line":3,"column":2},"end":{"line":5,"column":3}},"type":"if","locations":[{"start":{"line":3,"column":2},"end":{"line":5,"column":3}},{"start":{},"end":{}}],"line":3},"2":{"loc":{"start":{"line":8,"column":35},"end":{"line":8,"column":89}},"type":"default-arg","locations":[{"start":{"line":8,"column":87},"end":{"line":8,"column":89}}],"line":8},"3":{"loc":{"start":{"line":8,"column":37},"end":{"line":8,"column":50}},"type":"default-arg","locations":[{"start":{"line":8,"column":44},"end":{"line":8,"column":50}}],"line":8},"4":{"loc":{"start":{"line":8,"column":52},"end":{"line":8,"column":66}},"type":"default-arg","locations":[{"start":{"line":8,"column":62},"end":{"line":8,"column":66}}],"line":8},"5":{"loc":{"start":{"line":8,"column":68},"end":{"line":8,"column":82}},"type":"default-arg","locations":[{"start":{"line":8,"column":74},"end":{"line":8,"column":82}}],"line":8},"6":{"loc":{"start":{"line":10,"column":2},"end":{"line":10,"column":20}},"type":"if","locations":[{"start":{"line":10,"column":2},"end":{"line":10,"column":20}},{"start":{},"end":{}}],"line":10},"7":{"loc":{"start":{"line":21,"column":0},"end":{"line":29,"column":1}},"type":"if","locations":[{"start":{"line":21,"column":0},"end":{"line":29,"column":1}},{"start":{},"end":{}}],"line":21},"8":{"loc":{"start":{"line":21,"column":4},"end":{"line":21,"column":66}},"type":"binary-expr","locations":[{"start":{"line":21,"column":4},"end":{"line":21,"column":33}},{"start":{"line":21,"column":37},"end":{"line":21,"column":66}}],"line":21},"9":{"loc":{"start":{"line":24,"column":4},"end":{"line":27,"column":5}},"type":"if","locations":[{"start":{"line":24,"column":4},"end":{"line":27,"column":5}},{"start":{},"end":{}}],"line":24},"10":{"loc":{"start":{"line":25,"column":6},"end":{"line":26,"column":87}},"type":"if","locations":[{"start":{"line":25,"column":6},"end":{"line":26,"column":87}},{"start":{"line":26,"column":11},"end":{"line":26,"column":87}}],"line":25},"11":{"loc":{"start":{"line":26,"column":37},"end":{"line":26,"column":55}},"type":"default-arg","locations":[{"start":{"line":26,"column":43},"end":{"line":26,"column":55}}],"line":26}},"s":{"0":1,"1":1,"2":1,"3":1,"4":1,"5":0,"6":1,"7":1,"8":1,"9":1,"10":1,"11":1,"12":1,"13":1,"14":0,"15":0,"16":0,"17":0,"18":0,"19":0,"20":0},"f":{"0":1,"1":1,"2":1,"3":0,"4":0},"b":{"0":[0],"1":[1,0],"2":[0],"3":[0],"4":[0],"5":[0],"6":[0,1],"7":[0,1],"8":[1,1],"9":[0,0],"10":[0,0],"11":[0]},"_coverageSchema":"1a1c01bbd47fc00a2c39e90264f33305004495a9","hash":"291342ffe176bc95fd0c43751f20d065ab69db4c"}
,"/home/laimonas/git/crypto-signals/client/public/assets/modules/analytics/csv.js": {"path":"/home/laimonas/git/crypto-signals/client/public/assets/modules/analytics/csv.js","statementMap":{"0":{"start":{"line":3,"column":16},"end":{"line":6,"column":3}},"1":{"start":{"line":7,"column":13},"end":{"line":7,"column":41}},"2":{"start":{"line":8,"column":2},"end":{"line":15,"column":5}},"3":{"start":{"line":9,"column":15},"end":{"line":9,"column":43}},"4":{"start":{"line":10,"column":14},"end":{"line":10,"column":41}},"5":{"start":{"line":11,"column":4},"end":{"line":11,"column":20}},"6":{"start":{"line":12,"column":4},"end":{"line":12,"column":28}},"7":{"start":{"line":13,"column":4},"end":{"line":13,"column":22}},"8":{"start":{"line":14,"column":4},"end":{"line":14,"column":23}},"9":{"start":{"line":16,"column":2},"end":{"line":16,"column":23}},"10":{"start":{"line":17,"column":2},"end":{"line":17,"column":47}},"11":{"start":{"line":17,"column":22},"end":{"line":17,"column":42}}},"fnMap":{"0":{"name":"mount","decl":{"start":{"line":2,"column":22},"end":{"line":2,"column":27}},"loc":{"start":{"line":2,"column":33},"end":{"line":18,"column":1}},"line":2},"1":{"name":"(anonymous_1)","decl":{"start":{"line":8,"column":16},"end":{"line":8,"column":17}},"loc":{"start":{"line":8,"column":19},"end":{"line":15,"column":3}},"line":8},"2":{"name":"(anonymous_2)","decl":{"start":{"line":17,"column":11},"end":{"line":17,"column":12}},"loc":{"start":{"line":17,"column":20},"end":{"line":17,"column":44}},"line":17}},"branchMap":{},"s":{"0":0,"1":0,"2":0,"3":0,"4":0,"5":0,"6":0,"7":0,"8":0,"9":0,"10":0,"11":0},"f":{"0":0,"1":0,"2":0},"b":{}}
,"/home/laimonas/git/crypto-signals/client/public/assets/modules/analytics/overlays.js": {"path":"/home/laimonas/git/crypto-signals/client/public/assets/modules/analytics/overlays.js","statementMap":{"0":{"start":{"line":5,"column":2},"end":{"line":41,"column":4}},"1":{"start":{"line":43,"column":13},"end":{"line":43,"column":41}},"2":{"start":{"line":43,"column":19},"end":{"line":43,"column":41}},"3":{"start":{"line":44,"column":16},"end":{"line":44,"column":164}},"4":{"start":{"line":45,"column":14},"end":{"line":45,"column":306}},"5":{"start":{"line":46,"column":14},"end":{"line":46,"column":116}},"6":{"start":{"line":47,"column":22},"end":{"line":47,"column":40}},"7":{"start":{"line":48,"column":22},"end":{"line":48,"column":37}},"8":{"start":{"line":49,"column":23},"end":{"line":49,"column":39}},"9":{"start":{"line":51,"column":17},"end":{"line":51,"column":68}},"10":{"start":{"line":52,"column":18},"end":{"line":52,"column":58}},"11":{"start":{"line":52,"column":29},"end":{"line":52,"column":58}},"12":{"start":{"line":54,"column":23},"end":{"line":54,"column":32}},"13":{"start":{"line":55,"column":23},"end":{"line":55,"column":32}},"14":{"start":{"line":56,"column":13},"end":{"line":56,"column":15}},"15":{"start":{"line":59,"column":14},"end":{"line":59,"column":35}},"16":{"start":{"line":60,"column":4},"end":{"line":60,"column":58}},"17":{"start":{"line":60,"column":26},"end":{"line":60,"column":58}},"18":{"start":{"line":61,"column":4},"end":{"line":61,"column":78}},"19":{"start":{"line":61,"column":28},"end":{"line":61,"column":78}},"20":{"start":{"line":62,"column":4},"end":{"line":62,"column":70}},"21":{"start":{"line":62,"column":30},"end":{"line":62,"column":70}},"22":{"start":{"line":63,"column":4},"end":{"line":71,"column":5}},"23":{"start":{"line":64,"column":18},"end":{"line":64,"column":64}},"24":{"start":{"line":65,"column":19},"end":{"line":65,"column":35}},"25":{"start":{"line":66,"column":6},"end":{"line":66,"column":29}},"26":{"start":{"line":67,"column":6},"end":{"line":67,"column":19}},"27":{"start":{"line":68,"column":6},"end":{"line":68,"column":61}},"28":{"start":{"line":70,"column":6},"end":{"line":70,"column":90}},"29":{"start":{"line":75,"column":4},"end":{"line":88,"column":58}},"30":{"start":{"line":76,"column":16},"end":{"line":76,"column":30}},"31":{"start":{"line":77,"column":16},"end":{"line":77,"column":30}},"32":{"start":{"line":78,"column":22},"end":{"line":78,"column":61}},"33":{"start":{"line":79,"column":6},"end":{"line":87,"column":14}},"34":{"start":{"line":90,"column":4},"end":{"line":105,"column":7}},"35":{"start":{"line":91,"column":6},"end":{"line":104,"column":9}},"36":{"start":{"line":92,"column":19},"end":{"line":92,"column":41}},"37":{"start":{"line":93,"column":8},"end":{"line":103,"column":9}},"38":{"start":{"line":94,"column":10},"end":{"line":98,"column":11}},"39":{"start":{"line":95,"column":12},"end":{"line":95,"column":32}},"40":{"start":{"line":96,"column":12},"end":{"line":96,"column":70}},"41":{"start":{"line":97,"column":12},"end":{"line":97,"column":19}},"42":{"start":{"line":99,"column":22},"end":{"line":99,"column":45}},"43":{"start":{"line":99,"column":35},"end":{"line":99,"column":44}},"44":{"start":{"line":100,"column":10},"end":{"line":100,"column":36}},"45":{"start":{"line":102,"column":10},"end":{"line":102,"column":34}},"46":{"start":{"line":109,"column":4},"end":{"line":109,"column":72}},"47":{"start":{"line":109,"column":39},"end":{"line":109,"column":62}},"48":{"start":{"line":109,"column":63},"end":{"line":109,"column":70}},"49":{"start":{"line":110,"column":16},"end":{"line":110,"column":47}},"50":{"start":{"line":111,"column":19},"end":{"line":111,"column":62}},"51":{"start":{"line":111,"column":25},"end":{"line":111,"column":61}},"52":{"start":{"line":113,"column":21},"end":{"line":113,"column":22}},"53":{"start":{"line":114,"column":20},"end":{"line":114,"column":21}},"54":{"start":{"line":115,"column":4},"end":{"line":125,"column":5}},"55":{"start":{"line":116,"column":17},"end":{"line":116,"column":32}},"56":{"start":{"line":117,"column":6},"end":{"line":117,"column":55}},"57":{"start":{"line":118,"column":17},"end":{"line":118,"column":26}},"58":{"start":{"line":119,"column":6},"end":{"line":119,"column":116}},"59":{"start":{"line":119,"column":24},"end":{"line":119,"column":56}},"60":{"start":{"line":119,"column":57},"end":{"line":119,"column":112}},"61":{"start":{"line":121,"column":21},"end":{"line":121,"column":27}},"62":{"start":{"line":122,"column":19},"end":{"line":122,"column":57}},"63":{"start":{"line":123,"column":6},"end":{"line":123,"column":36}},"64":{"start":{"line":124,"column":6},"end":{"line":124,"column":34}},"65":{"start":{"line":127,"column":17},"end":{"line":143,"column":15}},"66":{"start":{"line":128,"column":16},"end":{"line":128,"column":42}},"67":{"start":{"line":129,"column":16},"end":{"line":129,"column":31}},"68":{"start":{"line":130,"column":17},"end":{"line":130,"column":39}},"69":{"start":{"line":131,"column":17},"end":{"line":131,"column":67}},"70":{"start":{"line":132,"column":17},"end":{"line":132,"column":64}},"71":{"start":{"line":133,"column":6},"end":{"line":142,"column":13}},"72":{"start":{"line":144,"column":26},"end":{"line":144,"column":70}},"73":{"start":{"line":145,"column":25},"end":{"line":145,"column":67}},"74":{"start":{"line":146,"column":4},"end":{"line":146,"column":233}},"75":{"start":{"line":150,"column":16},"end":{"line":150,"column":47}},"76":{"start":{"line":151,"column":4},"end":{"line":151,"column":93}},"77":{"start":{"line":151,"column":22},"end":{"line":151,"column":83}},"78":{"start":{"line":151,"column":84},"end":{"line":151,"column":91}},"79":{"start":{"line":152,"column":21},"end":{"line":152,"column":58}},"80":{"start":{"line":153,"column":18},"end":{"line":153,"column":35}},"81":{"start":{"line":154,"column":19},"end":{"line":154,"column":37}},"82":{"start":{"line":155,"column":4},"end":{"line":176,"column":5}},"83":{"start":{"line":156,"column":21},"end":{"line":156,"column":42}},"84":{"start":{"line":157,"column":6},"end":{"line":157,"column":51}},"85":{"start":{"line":158,"column":6},"end":{"line":158,"column":64}},"86":{"start":{"line":158,"column":31},"end":{"line":158,"column":64}},"87":{"start":{"line":159,"column":6},"end":{"line":159,"column":63}},"88":{"start":{"line":159,"column":28},"end":{"line":159,"column":63}},"89":{"start":{"line":160,"column":18},"end":{"line":160,"column":64}},"90":{"start":{"line":161,"column":19},"end":{"line":161,"column":35}},"91":{"start":{"line":162,"column":20},"end":{"line":162,"column":46}},"92":{"start":{"line":163,"column":20},"end":{"line":163,"column":50}},"93":{"start":{"line":164,"column":26},"end":{"line":164,"column":47}},"94":{"start":{"line":165,"column":22},"end":{"line":165,"column":74}},"95":{"start":{"line":165,"column":39},"end":{"line":165,"column":73}},"96":{"start":{"line":165,"column":57},"end":{"line":165,"column":72}},"97":{"start":{"line":166,"column":6},"end":{"line":170,"column":7}},"98":{"start":{"line":167,"column":8},"end":{"line":167,"column":160}},"99":{"start":{"line":168,"column":8},"end":{"line":168,"column":40}},"100":{"start":{"line":169,"column":8},"end":{"line":169,"column":68}},"101":{"start":{"line":171,"column":6},"end":{"line":173,"column":7}},"102":{"start":{"line":172,"column":8},"end":{"line":172,"column":93}},"103":{"start":{"line":175,"column":6},"end":{"line":175,"column":83}},"104":{"start":{"line":180,"column":4},"end":{"line":180,"column":25}},"105":{"start":{"line":181,"column":4},"end":{"line":181,"column":95}},"106":{"start":{"line":181,"column":71},"end":{"line":181,"column":91}},"107":{"start":{"line":182,"column":4},"end":{"line":182,"column":29}},"108":{"start":{"line":183,"column":4},"end":{"line":183,"column":69}},"109":{"start":{"line":184,"column":4},"end":{"line":184,"column":61}},"110":{"start":{"line":188,"column":16},"end":{"line":188,"column":47}},"111":{"start":{"line":189,"column":4},"end":{"line":189,"column":93}},"112":{"start":{"line":189,"column":22},"end":{"line":189,"column":83}},"113":{"start":{"line":189,"column":84},"end":{"line":189,"column":91}},"114":{"start":{"line":190,"column":4},"end":{"line":190,"column":78}},"115":{"start":{"line":194,"column":19},"end":{"line":194,"column":50}},"116":{"start":{"line":195,"column":4},"end":{"line":195,"column":96}},"117":{"start":{"line":195,"column":25},"end":{"line":195,"column":86}},"118":{"start":{"line":195,"column":87},"end":{"line":195,"column":94}},"119":{"start":{"line":196,"column":4},"end":{"line":208,"column":5}},"120":{"start":{"line":197,"column":18},"end":{"line":201,"column":8}},"121":{"start":{"line":202,"column":19},"end":{"line":202,"column":35}},"122":{"start":{"line":203,"column":22},"end":{"line":203,"column":48}},"123":{"start":{"line":204,"column":6},"end":{"line":204,"column":51}},"124":{"start":{"line":205,"column":6},"end":{"line":205,"column":60}},"125":{"start":{"line":207,"column":6},"end":{"line":207,"column":83}},"126":{"start":{"line":212,"column":18},"end":{"line":212,"column":43}},"127":{"start":{"line":213,"column":14},"end":{"line":213,"column":43}},"128":{"start":{"line":214,"column":4},"end":{"line":214,"column":95}},"129":{"start":{"line":214,"column":17},"end":{"line":214,"column":85}},"130":{"start":{"line":214,"column":86},"end":{"line":214,"column":93}},"131":{"start":{"line":215,"column":4},"end":{"line":236,"column":5}},"132":{"start":{"line":216,"column":18},"end":{"line":216,"column":72}},"133":{"start":{"line":217,"column":19},"end":{"line":217,"column":35}},"134":{"start":{"line":218,"column":19},"end":{"line":218,"column":33}},"135":{"start":{"line":219,"column":6},"end":{"line":219,"column":98}},"136":{"start":{"line":219,"column":25},"end":{"line":219,"column":88}},"137":{"start":{"line":219,"column":89},"end":{"line":219,"column":96}},"138":{"start":{"line":220,"column":6},"end":{"line":220,"column":537}},"139":{"start":{"line":220,"column":161},"end":{"line":220,"column":193}},"140":{"start":{"line":220,"column":210},"end":{"line":220,"column":337}},"141":{"start":{"line":220,"column":242},"end":{"line":220,"column":300}},"142":{"start":{"line":220,"column":315},"end":{"line":220,"column":326}},"143":{"start":{"line":220,"column":339},"end":{"line":220,"column":506}},"144":{"start":{"line":221,"column":6},"end":{"line":233,"column":9}},"145":{"start":{"line":222,"column":8},"end":{"line":232,"column":11}},"146":{"start":{"line":223,"column":25},"end":{"line":223,"column":54}},"147":{"start":{"line":224,"column":10},"end":{"line":231,"column":11}},"148":{"start":{"line":225,"column":22},"end":{"line":225,"column":157}},"149":{"start":{"line":226,"column":22},"end":{"line":226,"column":36}},"150":{"start":{"line":227,"column":12},"end":{"line":227,"column":35}},"151":{"start":{"line":228,"column":12},"end":{"line":228,"column":80}},"152":{"start":{"line":230,"column":12},"end":{"line":230,"column":89}},"153":{"start":{"line":235,"column":6},"end":{"line":235,"column":88}},"154":{"start":{"line":240,"column":15},"end":{"line":240,"column":40}},"155":{"start":{"line":241,"column":14},"end":{"line":241,"column":43}},"156":{"start":{"line":242,"column":16},"end":{"line":242,"column":44}},"157":{"start":{"line":243,"column":4},"end":{"line":243,"column":92}},"158":{"start":{"line":243,"column":14},"end":{"line":243,"column":82}},"159":{"start":{"line":243,"column":83},"end":{"line":243,"column":90}},"160":{"start":{"line":244,"column":4},"end":{"line":254,"column":5}},"161":{"start":{"line":245,"column":19},"end":{"line":245,"column":111}},"162":{"start":{"line":245,"column":102},"end":{"line":245,"column":110}},"163":{"start":{"line":246,"column":6},"end":{"line":249,"column":7}},"164":{"start":{"line":247,"column":8},"end":{"line":247,"column":70}},"165":{"start":{"line":248,"column":8},"end":{"line":248,"column":15}},"166":{"start":{"line":250,"column":6},"end":{"line":250,"column":107}},"167":{"start":{"line":251,"column":6},"end":{"line":251,"column":88}},"168":{"start":{"line":253,"column":6},"end":{"line":253,"column":89}},"169":{"start":{"line":258,"column":4},"end":{"line":258,"column":68}},"170":{"start":{"line":259,"column":4},"end":{"line":264,"column":5}},"171":{"start":{"line":260,"column":19},"end":{"line":260,"column":75}},"172":{"start":{"line":260,"column":66},"end":{"line":260,"column":74}},"173":{"start":{"line":261,"column":6},"end":{"line":261,"column":34}},"174":{"start":{"line":263,"column":6},"end":{"line":263,"column":72}},"175":{"start":{"line":268,"column":4},"end":{"line":273,"column":6}},"176":{"start":{"line":277,"column":14},"end":{"line":277,"column":41}},"177":{"start":{"line":278,"column":4},"end":{"line":278,"column":39}},"178":{"start":{"line":279,"column":4},"end":{"line":279,"column":26}},"179":{"start":{"line":280,"column":4},"end":{"line":280,"column":14}},"180":{"start":{"line":281,"column":4},"end":{"line":281,"column":55}},"181":{"start":{"line":281,"column":20},"end":{"line":281,"column":47}},"182":{"start":{"line":285,"column":4},"end":{"line":291,"column":6}},"183":{"start":{"line":295,"column":17},"end":{"line":295,"column":65}},"184":{"start":{"line":296,"column":4},"end":{"line":296,"column":83}},"185":{"start":{"line":296,"column":16},"end":{"line":296,"column":73}},"186":{"start":{"line":296,"column":74},"end":{"line":296,"column":81}},"187":{"start":{"line":297,"column":20},"end":{"line":297,"column":37}},"188":{"start":{"line":298,"column":16},"end":{"line":298,"column":159}},"189":{"start":{"line":299,"column":14},"end":{"line":299,"column":30}},"190":{"start":{"line":300,"column":4},"end":{"line":300,"column":118}},"191":{"start":{"line":300,"column":18},"end":{"line":300,"column":108}},"192":{"start":{"line":300,"column":109},"end":{"line":300,"column":116}},"193":{"start":{"line":301,"column":4},"end":{"line":301,"column":57}},"194":{"start":{"line":302,"column":4},"end":{"line":302,"column":15}},"195":{"start":{"line":306,"column":15},"end":{"line":306,"column":23}},"196":{"start":{"line":307,"column":4},"end":{"line":307,"column":94}},"197":{"start":{"line":307,"column":23},"end":{"line":307,"column":84}},"198":{"start":{"line":307,"column":85},"end":{"line":307,"column":92}},"199":{"start":{"line":308,"column":4},"end":{"line":323,"column":16}},"200":{"start":{"line":308,"column":32},"end":{"line":323,"column":5}},"201":{"start":{"line":325,"column":4},"end":{"line":357,"column":7}},"202":{"start":{"line":326,"column":17},"end":{"line":326,"column":40}},"203":{"start":{"line":327,"column":6},"end":{"line":356,"column":9}},"204":{"start":{"line":328,"column":20},"end":{"line":328,"column":42}},"205":{"start":{"line":329,"column":8},"end":{"line":329,"column":25}},"206":{"start":{"line":329,"column":18},"end":{"line":329,"column":25}},"207":{"start":{"line":330,"column":8},"end":{"line":355,"column":9}},"208":{"start":{"line":331,"column":21},"end":{"line":331,"column":50}},"209":{"start":{"line":331,"column":34},"end":{"line":331,"column":43}},"210":{"start":{"line":332,"column":10},"end":{"line":332,"column":43}},"211":{"start":{"line":333,"column":15},"end":{"line":355,"column":9}},"212":{"start":{"line":334,"column":23},"end":{"line":334,"column":79}},"213":{"start":{"line":334,"column":56},"end":{"line":334,"column":65}},"214":{"start":{"line":335,"column":10},"end":{"line":335,"column":28}},"215":{"start":{"line":335,"column":21},"end":{"line":335,"column":28}},"216":{"start":{"line":336,"column":10},"end":{"line":336,"column":150}},"217":{"start":{"line":337,"column":10},"end":{"line":337,"column":21}},"218":{"start":{"line":338,"column":15},"end":{"line":355,"column":9}},"219":{"start":{"line":339,"column":25},"end":{"line":339,"column":57}},"220":{"start":{"line":339,"column":39},"end":{"line":339,"column":48}},"221":{"start":{"line":340,"column":10},"end":{"line":340,"column":152}},"222":{"start":{"line":341,"column":10},"end":{"line":341,"column":21}},"223":{"start":{"line":342,"column":15},"end":{"line":355,"column":9}},"224":{"start":{"line":343,"column":10},"end":{"line":343,"column":51}},"225":{"start":{"line":343,"column":44},"end":{"line":343,"column":51}},"226":{"start":{"line":344,"column":10},"end":{"line":344,"column":76}},"227":{"start":{"line":345,"column":10},"end":{"line":345,"column":21}},"228":{"start":{"line":346,"column":15},"end":{"line":355,"column":9}},"229":{"start":{"line":347,"column":20},"end":{"line":347,"column":107}},"230":{"start":{"line":347,"column":98},"end":{"line":347,"column":106}},"231":{"start":{"line":348,"column":22},"end":{"line":348,"column":33}},"232":{"start":{"line":349,"column":10},"end":{"line":349,"column":70}},"233":{"start":{"line":350,"column":10},"end":{"line":350,"column":88}},"234":{"start":{"line":351,"column":15},"end":{"line":355,"column":9}},"235":{"start":{"line":352,"column":20},"end":{"line":352,"column":43}},"236":{"start":{"line":352,"column":33},"end":{"line":352,"column":42}},"237":{"start":{"line":353,"column":23},"end":{"line":353,"column":98}},"238":{"start":{"line":354,"column":20},"end":{"line":354,"column":47}},"239":{"start":{"line":354,"column":49},"end":{"line":354,"column":84}},"240":{"start":{"line":354,"column":85},"end":{"line":354,"column":143}},"241":{"start":{"line":354,"column":144},"end":{"line":354,"column":154}},"242":{"start":{"line":361,"column":4},"end":{"line":361,"column":20}},"243":{"start":{"line":361,"column":13},"end":{"line":361,"column":20}},"244":{"start":{"line":362,"column":4},"end":{"line":362,"column":49}},"245":{"start":{"line":363,"column":4},"end":{"line":363,"column":43}},"246":{"start":{"line":364,"column":4},"end":{"line":364,"column":68}},"247":{"start":{"line":365,"column":4},"end":{"line":365,"column":96}},"248":{"start":{"line":366,"column":4},"end":{"line":366,"column":72}},"249":{"start":{"line":367,"column":4},"end":{"line":367,"column":75}},"250":{"start":{"line":368,"column":4},"end":{"line":368,"column":25}},"251":{"start":{"line":369,"column":4},"end":{"line":369,"column":81}},"252":{"start":{"line":369,"column":36},"end":{"line":369,"column":79}},"253":{"start":{"line":370,"column":4},"end":{"line":370,"column":17}},"254":{"start":{"line":371,"column":16},"end":{"line":371,"column":31}},"255":{"start":{"line":372,"column":15},"end":{"line":372,"column":138}},"256":{"start":{"line":373,"column":17},"end":{"line":373,"column":66}},"257":{"start":{"line":373,"column":57},"end":{"line":373,"column":65}},"258":{"start":{"line":374,"column":4},"end":{"line":376,"column":8}},"259":{"start":{"line":377,"column":4},"end":{"line":377,"column":63}},"260":{"start":{"line":378,"column":4},"end":{"line":383,"column":5}},"261":{"start":{"line":379,"column":21},"end":{"line":379,"column":160}},"262":{"start":{"line":379,"column":151},"end":{"line":379,"column":159}},"263":{"start":{"line":380,"column":6},"end":{"line":382,"column":7}},"264":{"start":{"line":381,"column":8},"end":{"line":381,"column":111}},"265":{"start":{"line":384,"column":4},"end":{"line":384,"column":67}},"266":{"start":{"line":387,"column":2},"end":{"line":387,"column":47}},"267":{"start":{"line":388,"column":2},"end":{"line":388,"column":53}},"268":{"start":{"line":389,"column":2},"end":{"line":389,"column":48}},"269":{"start":{"line":390,"column":2},"end":{"line":390,"column":50}},"270":{"start":{"line":391,"column":2},"end":{"line":391,"column":48}},"271":{"start":{"line":392,"column":2},"end":{"line":403,"column":5}},"272":{"start":{"line":393,"column":14},"end":{"line":393,"column":32}},"273":{"start":{"line":394,"column":4},"end":{"line":394,"column":102}},"274":{"start":{"line":394,"column":27},"end":{"line":394,"column":92}},"275":{"start":{"line":394,"column":93},"end":{"line":394,"column":100}},"276":{"start":{"line":395,"column":15},"end":{"line":397,"column":6}},"277":{"start":{"line":398,"column":16},"end":{"line":398,"column":63}},"278":{"start":{"line":399,"column":4},"end":{"line":399,"column":112}},"279":{"start":{"line":399,"column":18},"end":{"line":399,"column":102}},"280":{"start":{"line":399,"column":103},"end":{"line":399,"column":110}},"281":{"start":{"line":400,"column":17},"end":{"line":400,"column":33}},"282":{"start":{"line":401,"column":4},"end":{"line":401,"column":47}},"283":{"start":{"line":402,"column":4},"end":{"line":402,"column":65}},"284":{"start":{"line":404,"column":2},"end":{"line":420,"column":5}},"285":{"start":{"line":405,"column":14},"end":{"line":405,"column":32}},"286":{"start":{"line":406,"column":4},"end":{"line":406,"column":102}},"287":{"start":{"line":406,"column":27},"end":{"line":406,"column":92}},"288":{"start":{"line":406,"column":93},"end":{"line":406,"column":100}},"289":{"start":{"line":407,"column":4},"end":{"line":419,"column":5}},"290":{"start":{"line":408,"column":18},"end":{"line":408,"column":58}},"291":{"start":{"line":409,"column":18},"end":{"line":412,"column":8}},"292":{"start":{"line":413,"column":6},"end":{"line":413,"column":83}},"293":{"start":{"line":413,"column":28},"end":{"line":413,"column":44}},"294":{"start":{"line":413,"column":46},"end":{"line":413,"column":81}},"295":{"start":{"line":414,"column":19},"end":{"line":414,"column":35}},"296":{"start":{"line":415,"column":6},"end":{"line":415,"column":49}},"297":{"start":{"line":416,"column":6},"end":{"line":416,"column":73}},"298":{"start":{"line":418,"column":6},"end":{"line":418,"column":85}},"299":{"start":{"line":421,"column":2},"end":{"line":434,"column":5}},"300":{"start":{"line":422,"column":14},"end":{"line":422,"column":32}},"301":{"start":{"line":423,"column":4},"end":{"line":423,"column":102}},"302":{"start":{"line":423,"column":27},"end":{"line":423,"column":92}},"303":{"start":{"line":423,"column":93},"end":{"line":423,"column":100}},"304":{"start":{"line":424,"column":19},"end":{"line":431,"column":6}},"305":{"start":{"line":432,"column":16},"end":{"line":432,"column":139}},"306":{"start":{"line":433,"column":4},"end":{"line":433,"column":31}},"307":{"start":{"line":435,"column":2},"end":{"line":435,"column":50}},"308":{"start":{"line":436,"column":2},"end":{"line":436,"column":58}},"309":{"start":{"line":437,"column":2},"end":{"line":437,"column":72}},"310":{"start":{"line":438,"column":2},"end":{"line":438,"column":13}},"311":{"start":{"line":441,"column":13},"end":{"line":441,"column":44}},"312":{"start":{"line":442,"column":2},"end":{"line":465,"column":4}},"313":{"start":{"line":443,"column":14},"end":{"line":443,"column":32}},"314":{"start":{"line":444,"column":4},"end":{"line":464,"column":5}},"315":{"start":{"line":445,"column":6},"end":{"line":445,"column":17}},"316":{"start":{"line":446,"column":6},"end":{"line":463,"column":7}},"317":{"start":{"line":447,"column":8},"end":{"line":447,"column":68}},"318":{"start":{"line":448,"column":8},"end":{"line":448,"column":38}},"319":{"start":{"line":449,"column":8},"end":{"line":449,"column":24}},"320":{"start":{"line":450,"column":8},"end":{"line":450,"column":77}},"321":{"start":{"line":452,"column":19},"end":{"line":452,"column":125}},"322":{"start":{"line":453,"column":19},"end":{"line":461,"column":9}},"323":{"start":{"line":454,"column":10},"end":{"line":460,"column":11}},"324":{"start":{"line":455,"column":12},"end":{"line":455,"column":28}},"325":{"start":{"line":456,"column":12},"end":{"line":456,"column":33}},"326":{"start":{"line":457,"column":12},"end":{"line":457,"column":72}},"327":{"start":{"line":458,"column":12},"end":{"line":458,"column":28}},"328":{"start":{"line":459,"column":12},"end":{"line":459,"column":59}},"329":{"start":{"line":462,"column":8},"end":{"line":462,"column":52}},"330":{"start":{"line":467,"column":21},"end":{"line":467,"column":70}},"331":{"start":{"line":468,"column":2},"end":{"line":484,"column":3}},"332":{"start":{"line":469,"column":4},"end":{"line":483,"column":5}},"333":{"start":{"line":470,"column":16},"end":{"line":470,"column":74}},"334":{"start":{"line":471,"column":6},"end":{"line":471,"column":91}},"335":{"start":{"line":471,"column":30},"end":{"line":471,"column":91}},"336":{"start":{"line":472,"column":22},"end":{"line":472,"column":38}},"337":{"start":{"line":473,"column":6},"end":{"line":473,"column":56}},"338":{"start":{"line":474,"column":6},"end":{"line":474,"column":50}},"339":{"start":{"line":475,"column":6},"end":{"line":475,"column":72}},"340":{"start":{"line":476,"column":6},"end":{"line":476,"column":108}},"341":{"start":{"line":477,"column":6},"end":{"line":477,"column":84}},"342":{"start":{"line":478,"column":6},"end":{"line":478,"column":87}},"343":{"start":{"line":479,"column":6},"end":{"line":479,"column":23}},"344":{"start":{"line":480,"column":6},"end":{"line":480,"column":37}},"345":{"start":{"line":482,"column":6},"end":{"line":482,"column":88}},"346":{"start":{"line":486,"column":2},"end":{"line":486,"column":69}},"347":{"start":{"line":486,"column":22},"end":{"line":486,"column":64}},"348":{"start":{"line":486,"column":27},"end":{"line":486,"column":38}}},"fnMap":{"0":{"name":"mount","decl":{"start":{"line":4,"column":22},"end":{"line":4,"column":27}},"loc":{"start":{"line":4,"column":33},"end":{"line":487,"column":1}},"line":4},"1":{"name":"(anonymous_1)","decl":{"start":{"line":43,"column":13},"end":{"line":43,"column":14}},"loc":{"start":{"line":43,"column":19},"end":{"line":43,"column":41}},"line":43},"2":{"name":"(anonymous_2)","decl":{"start":{"line":52,"column":18},"end":{"line":52,"column":19}},"loc":{"start":{"line":52,"column":29},"end":{"line":52,"column":58}},"line":52},"3":{"name":"loadJobs","decl":{"start":{"line":58,"column":17},"end":{"line":58,"column":25}},"loc":{"start":{"line":58,"column":27},"end":{"line":72,"column":3}},"line":58},"4":{"name":"renderJobs","decl":{"start":{"line":74,"column":11},"end":{"line":74,"column":21}},"loc":{"start":{"line":74,"column":23},"end":{"line":106,"column":3}},"line":74},"5":{"name":"(anonymous_5)","decl":{"start":{"line":75,"column":48},"end":{"line":75,"column":49}},"loc":{"start":{"line":75,"column":53},"end":{"line":88,"column":5}},"line":75},"6":{"name":"(anonymous_6)","decl":{"start":{"line":90,"column":71},"end":{"line":90,"column":72}},"loc":{"start":{"line":90,"column":78},"end":{"line":105,"column":5}},"line":90},"7":{"name":"(anonymous_7)","decl":{"start":{"line":91,"column":37},"end":{"line":91,"column":38}},"loc":{"start":{"line":91,"column":43},"end":{"line":104,"column":7}},"line":91},"8":{"name":"(anonymous_8)","decl":{"start":{"line":99,"column":32},"end":{"line":99,"column":33}},"loc":{"start":{"line":99,"column":35},"end":{"line":99,"column":44}},"line":99},"9":{"name":"renderStats","decl":{"start":{"line":108,"column":11},"end":{"line":108,"column":22}},"loc":{"start":{"line":108,"column":39},"end":{"line":147,"column":3}},"line":108},"10":{"name":"(anonymous_10)","decl":{"start":{"line":111,"column":19},"end":{"line":111,"column":20}},"loc":{"start":{"line":111,"column":25},"end":{"line":111,"column":61}},"line":111},"11":{"name":"(anonymous_11)","decl":{"start":{"line":119,"column":17},"end":{"line":119,"column":18}},"loc":{"start":{"line":119,"column":22},"end":{"line":119,"column":114}},"line":119},"12":{"name":"(anonymous_12)","decl":{"start":{"line":127,"column":25},"end":{"line":127,"column":26}},"loc":{"start":{"line":127,"column":31},"end":{"line":143,"column":5}},"line":127},"13":{"name":"applyOverlays","decl":{"start":{"line":149,"column":17},"end":{"line":149,"column":30}},"loc":{"start":{"line":149,"column":32},"end":{"line":177,"column":3}},"line":149},"14":{"name":"(anonymous_14)","decl":{"start":{"line":165,"column":33},"end":{"line":165,"column":34}},"loc":{"start":{"line":165,"column":39},"end":{"line":165,"column":73}},"line":165},"15":{"name":"(anonymous_15)","decl":{"start":{"line":165,"column":51},"end":{"line":165,"column":52}},"loc":{"start":{"line":165,"column":57},"end":{"line":165,"column":72}},"line":165},"16":{"name":"clearAll","decl":{"start":{"line":179,"column":11},"end":{"line":179,"column":19}},"loc":{"start":{"line":179,"column":21},"end":{"line":185,"column":3}},"line":179},"17":{"name":"(anonymous_17)","decl":{"start":{"line":181,"column":62},"end":{"line":181,"column":63}},"loc":{"start":{"line":181,"column":69},"end":{"line":181,"column":93}},"line":181},"18":{"name":"exportCsv","decl":{"start":{"line":187,"column":11},"end":{"line":187,"column":20}},"loc":{"start":{"line":187,"column":22},"end":{"line":191,"column":3}},"line":187},"19":{"name":"shareUrl","decl":{"start":{"line":193,"column":17},"end":{"line":193,"column":25}},"loc":{"start":{"line":193,"column":27},"end":{"line":209,"column":3}},"line":193},"20":{"name":"loadTopN","decl":{"start":{"line":211,"column":17},"end":{"line":211,"column":25}},"loc":{"start":{"line":211,"column":27},"end":{"line":237,"column":3}},"line":211},"21":{"name":"(anonymous_21)","decl":{"start":{"line":220,"column":138},"end":{"line":220,"column":139}},"loc":{"start":{"line":220,"column":145},"end":{"line":220,"column":508}},"line":220},"22":{"name":"(anonymous_22)","decl":{"start":{"line":220,"column":235},"end":{"line":220,"column":236}},"loc":{"start":{"line":220,"column":242},"end":{"line":220,"column":300}},"line":220},"23":{"name":"(anonymous_23)","decl":{"start":{"line":220,"column":306},"end":{"line":220,"column":307}},"loc":{"start":{"line":220,"column":315},"end":{"line":220,"column":326}},"line":220},"24":{"name":"(anonymous_24)","decl":{"start":{"line":221,"column":59},"end":{"line":221,"column":60}},"loc":{"start":{"line":221,"column":64},"end":{"line":233,"column":7}},"line":221},"25":{"name":"(anonymous_25)","decl":{"start":{"line":222,"column":38},"end":{"line":222,"column":39}},"loc":{"start":{"line":222,"column":50},"end":{"line":232,"column":9}},"line":222},"26":{"name":"loadTopNInline","decl":{"start":{"line":239,"column":17},"end":{"line":239,"column":31}},"loc":{"start":{"line":239,"column":33},"end":{"line":255,"column":3}},"line":239},"27":{"name":"(anonymous_27)","decl":{"start":{"line":245,"column":99},"end":{"line":245,"column":100}},"loc":{"start":{"line":245,"column":102},"end":{"line":245,"column":110}},"line":245},"28":{"name":"loadSets","decl":{"start":{"line":257,"column":17},"end":{"line":257,"column":25}},"loc":{"start":{"line":257,"column":27},"end":{"line":265,"column":3}},"line":257},"29":{"name":"(anonymous_29)","decl":{"start":{"line":260,"column":63},"end":{"line":260,"column":64}},"loc":{"start":{"line":260,"column":66},"end":{"line":260,"column":74}},"line":260},"30":{"name":"currentSelection","decl":{"start":{"line":267,"column":11},"end":{"line":267,"column":27}},"loc":{"start":{"line":267,"column":29},"end":{"line":274,"column":3}},"line":267},"31":{"name":"downloadBlob","decl":{"start":{"line":276,"column":11},"end":{"line":276,"column":23}},"loc":{"start":{"line":276,"column":39},"end":{"line":282,"column":3}},"line":276},"32":{"name":"(anonymous_32)","decl":{"start":{"line":281,"column":15},"end":{"line":281,"column":16}},"loc":{"start":{"line":281,"column":20},"end":{"line":281,"column":47}},"line":281},"33":{"name":"currentSettings","decl":{"start":{"line":284,"column":11},"end":{"line":284,"column":26}},"loc":{"start":{"line":284,"column":28},"end":{"line":292,"column":3}},"line":284},"34":{"name":"saveSet","decl":{"start":{"line":294,"column":17},"end":{"line":294,"column":24}},"loc":{"start":{"line":294,"column":26},"end":{"line":303,"column":3}},"line":294},"35":{"name":"renderSets","decl":{"start":{"line":305,"column":11},"end":{"line":305,"column":21}},"loc":{"start":{"line":305,"column":27},"end":{"line":358,"column":3}},"line":305},"36":{"name":"(anonymous_36)","decl":{"start":{"line":308,"column":28},"end":{"line":308,"column":29}},"loc":{"start":{"line":308,"column":32},"end":{"line":323,"column":5}},"line":308},"37":{"name":"(anonymous_37)","decl":{"start":{"line":325,"column":41},"end":{"line":325,"column":42}},"loc":{"start":{"line":325,"column":47},"end":{"line":357,"column":5}},"line":325},"38":{"name":"(anonymous_38)","decl":{"start":{"line":327,"column":37},"end":{"line":327,"column":38}},"loc":{"start":{"line":327,"column":48},"end":{"line":356,"column":7}},"line":327},"39":{"name":"(anonymous_39)","decl":{"start":{"line":331,"column":31},"end":{"line":331,"column":32}},"loc":{"start":{"line":331,"column":34},"end":{"line":331,"column":43}},"line":331},"40":{"name":"(anonymous_40)","decl":{"start":{"line":334,"column":53},"end":{"line":334,"column":54}},"loc":{"start":{"line":334,"column":56},"end":{"line":334,"column":65}},"line":334},"41":{"name":"(anonymous_41)","decl":{"start":{"line":339,"column":36},"end":{"line":339,"column":37}},"loc":{"start":{"line":339,"column":39},"end":{"line":339,"column":48}},"line":339},"42":{"name":"(anonymous_42)","decl":{"start":{"line":347,"column":95},"end":{"line":347,"column":96}},"loc":{"start":{"line":347,"column":98},"end":{"line":347,"column":106}},"line":347},"43":{"name":"(anonymous_43)","decl":{"start":{"line":352,"column":30},"end":{"line":352,"column":31}},"loc":{"start":{"line":352,"column":33},"end":{"line":352,"column":42}},"line":352},"44":{"name":"applyOverlaySet","decl":{"start":{"line":360,"column":17},"end":{"line":360,"column":32}},"loc":{"start":{"line":360,"column":36},"end":{"line":385,"column":3}},"line":360},"45":{"name":"(anonymous_45)","decl":{"start":{"line":369,"column":30},"end":{"line":369,"column":31}},"loc":{"start":{"line":369,"column":36},"end":{"line":369,"column":79}},"line":369},"46":{"name":"(anonymous_46)","decl":{"start":{"line":373,"column":54},"end":{"line":373,"column":55}},"loc":{"start":{"line":373,"column":57},"end":{"line":373,"column":65}},"line":373},"47":{"name":"(anonymous_47)","decl":{"start":{"line":379,"column":148},"end":{"line":379,"column":149}},"loc":{"start":{"line":379,"column":151},"end":{"line":379,"column":159}},"line":379},"48":{"name":"(anonymous_48)","decl":{"start":{"line":392,"column":42},"end":{"line":392,"column":43}},"loc":{"start":{"line":392,"column":52},"end":{"line":403,"column":3}},"line":392},"49":{"name":"(anonymous_49)","decl":{"start":{"line":404,"column":45},"end":{"line":404,"column":46}},"loc":{"start":{"line":404,"column":55},"end":{"line":420,"column":3}},"line":404},"50":{"name":"(anonymous_50)","decl":{"start":{"line":421,"column":43},"end":{"line":421,"column":44}},"loc":{"start":{"line":421,"column":47},"end":{"line":434,"column":3}},"line":421},"51":{"name":"(anonymous_51)","decl":{"start
[...]
14,"column":71}},"12":{"start":{"line":16,"column":2},"end":{"line":16,"column":23}},"13":{"start":{"line":18,"column":2},"end":{"line":23,"column":4}},"14":{"start":{"line":20,"column":6},"end":{"line":20,"column":48}},"15":{"start":{"line":20,"column":12},"end":{"line":20,"column":23}},"16":{"start":{"line":21,"column":6},"end":{"line":21,"column":26}}},"fnMap":{"0":{"name":"mount","decl":{"start":{"line":2,"column":22},"end":{"line":2,"column":27}},"loc":{"start":{"line":2,"column":33},"end":{"line":24,"column":1}},"line":2},"1":{"name":"(anonymous_1)","decl":{"start":{"line":9,"column":16},"end":{"line":9,"column":17}},"loc":{"start":{"line":9,"column":21},"end":{"line":15,"column":3}},"line":9},"2":{"name":"(anonymous_2)","decl":{"start":{"line":19,"column":4},"end":{"line":19,"column":5}},"loc":{"start":{"line":19,"column":13},"end":{"line":22,"column":5}},"line":19}},"branchMap":{"0":{"loc":{"start":{"line":12,"column":24},"end":{"line":12,"column":36}},"type":"binary-expr","locations":[{"start":{"line":12,"column":24},"end":{"line":12,"column":30}},{"start":{"line":12,"column":34},"end":{"line":12,"column":36}}],"line":12},"1":{"loc":{"start":{"line":12,"column":40},"end":{"line":12,"column":56}},"type":"binary-expr","locations":[{"start":{"line":12,"column":40},"end":{"line":12,"column":50}},{"start":{"line":12,"column":54},"end":{"line":12,"column":56}}],"line":12},"2":{"loc":{"start":{"line":12,"column":60},"end":{"line":12,"column":74}},"type":"binary-expr","locations":[{"start":{"line":12,"column":60},"end":{"line":12,"column":68}},{"start":{"line":12,"column":72},"end":{"line":12,"column":74}}],"line":12},"3":{"loc":{"start":{"line":12,"column":78},"end":{"line":12,"column":91}},"type":"binary-expr","locations":[{"start":{"line":12,"column":78},"end":{"line":12,"column":85}},{"start":{"line":12,"column":89},"end":{"line":12,"column":91}}],"line":12}},"s":{"0":0,"1":0,"2":0,"3":0,"4":0,"5":0,"6":0,"7":0,"8":0,"9":0,"10":0,"11":0,"12":0,"13":0,"14":0,"15":0,"16":0},"f":{"0":0,"1":0,"2":0},"b":{"0":[0,0],"1":[0,0],"2":[0,0],"3":[0,0]}}
,"/home/laimonas/git/crypto-signals/client/public/assets/modules/live/risk.js": {"path":"/home/laimonas/git/crypto-signals/client/public/assets/modules/live/risk.js","statementMap":{"0":{"start":{"line":3,"column":15},"end":{"line":3,"column":40}},"1":{"start":{"line":4,"column":15},"end":{"line":4,"column":32}},"2":{"start":{"line":5,"column":14},"end":{"line":5,"column":43}},"3":{"start":{"line":6,"column":2},"end":{"line":6,"column":50}},"4":{"start":{"line":7,"column":2},"end":{"line":7,"column":24}},"5":{"start":{"line":8,"column":2},"end":{"line":12,"column":4}},"6":{"start":{"line":10,"column":6},"end":{"line":10,"column":26}}},"fnMap":{"0":{"name":"mount","decl":{"start":{"line":2,"column":22},"end":{"line":2,"column":27}},"loc":{"start":{"line":2,"column":33},"end":{"line":13,"column":1}},"line":2},"1":{"name":"(anonymous_1)","decl":{"start":{"line":9,"column":4},"end":{"line":9,"column":5}},"loc":{"start":{"line":9,"column":13},"end":{"line":11,"column":5}},"line":9}},"branchMap":{},"s":{"0":0,"1":0,"2":0,"3":0,"4":0,"5":0,"6":0},"f":{"0":0,"1":0},"b":{}}
,"/home/laimonas/git/crypto-signals/client/public/assets/modules/portfolio/allocation.js": {"path":"/home/laimonas/git/crypto-signals/client/public/assets/modules/portfolio/allocation.js","statementMap":{"0":{"start":{"line":4,"column":2},"end":{"line":9,"column":56}},"1":{"start":{"line":11,"column":16},"end":{"line":11,"column":28}},"2":{"start":{"line":12,"column":13},"end":{"line":12,"column":62}},"3":{"start":{"line":13,"column":13},"end":{"line":13,"column":62}},"4":{"start":{"line":16,"column":14},"end":{"line":16,"column":57}},"5":{"start":{"line":16,"column":48},"end":{"line":16,"column":56}},"6":{"start":{"line":17,"column":16},"end":{"line":17,"column":37}},"7":{"start":{"line":18,"column":16},"end":{"line":18,"column":39}},"8":{"start":{"line":20,"column":16},"end":{"line":24,"column":6}},"9":{"start":{"line":20,"column":48},"end":{"line":24,"column":6}},"10":{"start":{"line":26,"column":4},"end":{"line":26,"column":39}},"11":{"start":{"line":26,"column":19},"end":{"line":26,"column":39}},"12":{"start":{"line":27,"column":4},"end":{"line":27,"column":39}},"13":{"start":{"line":27,"column":19},"end":{"line":27,"column":39}},"14":{"start":{"line":28,"column":4},"end":{"line":28,"column":103}},"15":{"start":{"line":28,"column":35},"end":{"line":28,"column":43}},"16":{"start":{"line":28,"column":57},"end":{"line":28,"column":83}},"17":{"start":{"line":29,"column":4},"end":{"line":29,"column":107}},"18":{"start":{"line":29,"column":35},"end":{"line":29,"column":45}},"19":{"start":{"line":29,"column":59},"end":{"line":29,"column":85}},"20":{"start":{"line":31,"column":17},"end":{"line":35,"column":20}},"21":{"start":{"line":31,"column":36},"end":{"line":35,"column":10}},"22":{"start":{"line":36,"column":4},"end":{"line":40,"column":16}},"23":{"start":{"line":41,"column":50},"end":{"line":41,"column":56}},"24":{"start":{"line":42,"column":4},"end":{"line":42,"column":212}},"25":{"start":{"line":45,"column":2},"end":{"line":45,"column":71}},"26":{"start":{"line":46,"column":2},"end":{"line":46,"column":15}},"27":{"start":{"line":48,"column":2},"end":{"line":48,"column":85}},"28":{"start":{"line":48,"column":22},"end":{"line":48,"column":80}},"29":{"start":{"line":48,"column":27},"end":{"line":48,"column":48}},"30":{"start":{"line":48,"column":49},"end":{"line":48,"column":70}}},"fnMap":{"0":{"name":"mount","decl":{"start":{"line":3,"column":22},"end":{"line":3,"column":27}},"loc":{"start":{"line":3,"column":33},"end":{"line":49,"column":1}},"line":3},"1":{"name":"load","decl":{"start":{"line":15,"column":17},"end":{"line":15,"column":21}},"loc":{"start":{"line":15,"column":23},"end":{"line":43,"column":3}},"line":15},"2":{"name":"(anonymous_2)","decl":{"start":{"line":16,"column":45},"end":{"line":16,"column":46}},"loc":{"start":{"line":16,"column":48},"end":{"line":16,"column":56}},"line":16},"3":{"name":"(anonymous_3)","decl":{"start":{"line":20,"column":16},"end":{"line":20,"column":17}},"loc":{"start":{"line":20,"column":48},"end":{"line":24,"column":6}},"line":20},"4":{"name":"(anonymous_4)","decl":{"start":{"line":28,"column":32},"end":{"line":28,"column":33}},"loc":{"start":{"line":28,"column":35},"end":{"line":28,"column":43}},"line":28},"5":{"name":"(anonymous_5)","decl":{"start":{"line":28,"column":54},"end":{"line":28,"column":55}},"loc":{"start":{"line":28,"column":57},"end":{"line":28,"column":83}},"line":28},"6":{"name":"(anonymous_6)","decl":{"start":{"line":29,"column":32},"end":{"line":29,"column":33}},"loc":{"start":{"line":29,"column":35},"end":{"line":29,"column":45}},"line":29},"7":{"name":"(anonymous_7)","decl":{"start":{"line":29,"column":56},"end":{"line":29,"column":57}},"loc":{"start":{"line":29,"column":59},"end":{"line":29,"column":85}},"line":29},"8":{"name":"(anonymous_8)","decl":{"start":{"line":31,"column":32},"end":{"line":31,"column":33}},"loc":{"start":{"line":31,"column":36},"end":{"line":35,"column":10}},"line":31},"9":{"name":"(anonymous_9)","decl":{"start":{"line":48,"column":11},"end":{"line":48,"column":12}},"loc":{"start":{"line":48,"column":20},"end":{"line":48,"column":82}},"line":48}},"branchMap":{"0":{"loc":{"start":{"line":26,"column":4},"end":{"line":26,"column":39}},"type":"if","locations":[{"start":{"line":26,"column":4},"end":{"line":26,"column":39}},{"start":{},"end":{}}],"line":26},"1":{"loc":{"start":{"line":27,"column":4},"end":{"line":27,"column":39}},"type":"if","locations":[{"start":{"line":27,"column":4},"end":{"line":27,"column":39}},{"start":{},"end":{}}],"line":27},"2":{"loc":{"start":{"line":39,"column":17},"end":{"line":39,"column":93}},"type":"binary-expr","locations":[{"start":{"line":39,"column":17},"end":{"line":39,"column":21}},{"start":{"line":39,"column":25},"end":{"line":39,"column":93}}],"line":39}},"s":{"0":0,"1":0,"2":0,"3":0,"4":0,"5":0,"6":0,"7":0,"8":0,"9":0,"10":0,"11":0,"12":0,"13":0,"14":0,"15":0,"16":0,"17":0,"18":0,"19":0,"20":0,"21":0,"22":0,"23":0,"24":0,"25":0,"26":0,"27":0,"28":0,"29":0,"30":0},"f":{"0":0,"1":0,"2":0,"3":0,"4":0,"5":0,"6":0,"7":0,"8":0,"9":0},"b":{"0":[0,0],"1":[0,0],"2":[0,0]}}
,"/home/laimonas/git/crypto-signals/client/public/assets/modules/portfolio/attribution.js": {"path":"/home/laimonas/git/crypto-signals/client/public/assets/modules/portfolio/attribution.js","statementMap":{"0":{"start":{"line":3,"column":2},"end":{"line":14,"column":83}},"1":{"start":{"line":16,"column":16},"end":{"line":16,"column":28}},"2":{"start":{"line":17,"column":14},"end":{"line":17,"column":62}},"3":{"start":{"line":19,"column":25},"end":{"line":19,"column":70}},"4":{"start":{"line":20,"column":16},"end":{"line":20,"column":26}},"5":{"start":{"line":20,"column":41},"end":{"line":20,"column":82}},"6":{"start":{"line":21,"column":2},"end":{"line":21,"column":59}},"7":{"start":{"line":22,"column":2},"end":{"line":22,"column":60}},"8":{"start":{"line":25,"column":14},"end":{"line":25,"column":52}},"9":{"start":{"line":26,"column":14},"end":{"line":26,"column":50}},"10":{"start":{"line":27,"column":14},"end":{"line":27,"column":53}},"11":{"start":{"line":28,"column":15},"end":{"line":28,"column":114}},"12":{"start":{"line":29,"column":14},"end":{"line":29,"column":75}},"13":{"start":{"line":29,"column":66},"end":{"line":29,"column":74}},"14":{"start":{"line":31,"column":19},"end":{"line":31,"column":40}},"15":{"start":{"line":31,"column":34},"end":{"line":31,"column":39}},"16":{"start":{"line":32,"column":17},"end":{"line":32,"column":49}},"17":{"start":{"line":32,"column":32},"end":{"line":32,"column":48}},"18":{"start":{"line":33,"column":4},"end":{"line":33,"column":39}},"19":{"start":{"line":33,"column":19},"end":{"line":33,"column":39}},"20":{"start":{"line":34,"column":4},"end":{"line":38,"column":7}},"21":{"start":{"line":41,"column":2},"end":{"line":41,"column":67}},"22":{"start":{"line":42,"column":2},"end":{"line":42,"column":15}},"23":{"start":{"line":43,"column":2},"end":{"line":43,"column":62}},"24":{"start":{"line":43,"column":22},"end":{"line":43,"column":57}},"25":{"start":{"line":43,"column":27},"end":{"line":43,"column":48}}},"fnMap":{"0":{"name":"mount","decl":{"start":{"line":2,"column":22},"end":{"line":2,"column":27}},"loc":{"start":{"line":2,"column":33},"end":{"line":44,"column":1}},"line":2},"1":{"name":"toISODate","decl":{"start":{"line":19,"column":11},"end":{"line":19,"column":20}},"loc":{"start":{"line":19,"column":23},"end":{"line":19,"column":72}},"line":19},"2":{"name":"load","decl":{"start":{"line":24,"column":17},"end":{"line":24,"column":21}},"loc":{"start":{"line":24,"column":23},"end":{"line":39,"column":3}},"line":24},"3":{"name":"(anonymous_3)","decl":{"start":{"line":29,"column":63},"end":{"line":29,"column":64}},"loc":{"start":{"line":29,"column":66},"end":{"line":29,"column":74}},"line":29},"4":{"name":"(anonymous_4)","decl":{"start":{"line":31,"column":31},"end":{"line":31,"column":32}},"loc":{"start":{"line":31,"column":34},"end":{"line":31,"column":39}},"line":31},"5":{"name":"(anonymous_5)","decl":{"start":{"line":32,"column":29},"end":{"line":32,"column":30}},"loc":{"start":{"line":32,"column":32},"end":{"line":32,"column":48}},"line":32},"6":{"name":"(anonymous_6)","decl":{"start":{"line":43,"column":11},"end":{"line":43,"column":12}},"loc":{"start":{"line":43,"column":20},"end":{"line":43,"column":59}},"line":43}},"branchMap":{"0":{"loc":{"start":{"line":32,"column":39},"end":{"line":32,"column":47}},"type":"binary-expr","locations":[{"start":{"line":32,"column":39},"end":{"line":32,"column":44}},{"start":{"line":32,"column":46},"end":{"line":32,"column":47}}],"line":32},"1":{"loc":{"start":{"line":33,"column":4},"end":{"line":33,"column":39}},"type":"if","locations":[{"start":{"line":33,"column":4},"end":{"line":33,"column":39}},{"start":{},"end":{}}],"line":33}},"s":{"0":0,"1":0,"2":0,"3":0,"4":0,"5":0,"6":0,"7":0,"8":0,"9":0,"10":0,"11":0,"12":0,"13":0,"14":0,"15":0,"16":0,"17":0,"18":0,"19":0,"20":0,"21":0,"22":0,"23":0,"24":0,"25":0},"f":{"0":0,"1":0,"2":0,"3":0,"4":0,"5":0,"6":0},"b":{"0":[0,0],"1":[0,0]}}
,"/home/laimonas/git/crypto-signals/client/public/assets/modules/portfolio/correlation.js": {"path":"/home/laimonas/git/crypto-signals/client/public/assets/modules/portfolio/correlation.js","statementMap":{"0":{"start":{"line":3,"column":2},"end":{"line":7,"column":68}},"1":{"start":{"line":10,"column":14},"end":{"line":10,"column":66}},"2":{"start":{"line":11,"column":14},"end":{"line":11,"column":81}},"3":{"start":{"line":11,"column":72},"end":{"line":11,"column":80}},"4":{"start":{"line":12,"column":32},"end":{"line":12,"column":33}},"5":{"start":{"line":14,"column":4},"end":{"line":14,"column":121}},"6":{"start":{"line":14,"column":26},"end":{"line":14,"column":111}},"7":{"start":{"line":14,"column":112},"end":{"line":14,"column":119}},"8":{"start":{"line":16,"column":20},"end":{"line":16,"column":83}},"9":{"start":{"line":16,"column":51},"end":{"line":16,"column":66}},"10":{"start":{"line":17,"column":17},"end":{"line":25,"column":15}},"11":{"start":{"line":18,"column":18},"end":{"line":23,"column":17}},"12":{"start":{"line":19,"column":18},"end":{"line":19,"column":30}},"13":{"start":{"line":20,"column":18},"end":{"line":20,"column":113}},"14":{"start":{"line":21,"column":20},"end":{"line":21,"column":46}},"15":{"start":{"line":22,"column":8},"end":{"line":22,"column":75}},"16":{"start":{"line":24,"column":6},"end":{"line":24,"column":44}},"17":{"start":{"line":26,"column":4},"end":{"line":26,"column":96}},"18":{"start":{"line":29,"column":2},"end":{"line":29,"column":67}},"19":{"start":{"line":30,"column":2},"end":{"line":30,"column":15}},"20":{"start":{"line":31,"column":2},"end":{"line":31,"column":25}}},"fnMap":{"0":{"name":"mount","decl":{"start":{"line":2,"column":22},"end":{"line":2,"column":27}},"loc":{"start":{"line":2,"column":33},"end":{"line":32,"column":1}},"line":2},"1":{"name":"load","decl":{"start":{"line":9,"column":17},"end":{"line":9,"column":21}},"loc":{"start":{"line":9,"column":23},"end":{"line":27,"column":3}},"line":9},"2":{"name":"(anonymous_2)","decl":{"start":{"line":11,"column":69},"end":{"line":11,"column":70}},"loc":{"start":{"line":11,"column":72},"end":{"line":11,"column":80}},"line":11},"3":{"name":"(anonymous_3)","decl":{"start":{"line":16,"column":48},"end":{"line":16,"column":49}},"loc":{"start":{"line":16,"column":51},"end":{"line":16,"column":66}},"line":16},"4":{"name":"(anonymous_4)","decl":{"start":{"line":17,"column":29},"end":{"line":17,"column":30}},"loc":{"start":{"line":17,"column":36},"end":{"line":25,"column":5}},"line":17},"5":{"name":"(anonymous_5)","decl":{"start":{"line":18,"column":30},"end":{"line":18,"column":31}},"loc":{"start":{"line":18,"column":37},"end":{"line":23,"column":7}},"line":18},"6":{"name":"(anonymous_6)","decl":{"start":{"line":31,"column":11},"end":{"line":31,"column":12}},"loc":{"start":{"line":31,"column":20},"end":{"line":31,"column":22}},"line":31}},"branchMap":{"0":{"loc":{"start":{"line":10,"column":21},"end":{"line":10,"column":65}},"type":"binary-expr","locations":[{"start":{"line":10,"column":21},"end":{"line":10,"column":61}},{"start":{"line":10,"column":63},"end":{"line":10,"column":65}}],"line":10},"1":{"loc":{"start":{"line":14,"column":4},"end":{"line":14,"column":121}},"type":"if","locations":[{"start":{"line":14,"column":4},"end":{"line":14,"column":121}},{"start":{},"end":{}}],"line":14},"2":{"loc":{"start":{"line":20,"column":18},"end":{"line":20,"column":113}},"type":"cond-expr","locations":[{"start":{"line":20,"column":27},"end":{"line":20,"column":33}},{"start":{"line":20,"column":37},"end":{"line":20,"column":112}}],"line":20},"3":{"loc":{"start":{"line":20,"column":37},"end":{"line":20,"column":112}},"type":"cond-expr","locations":[{"start":{"line":20,"column":44},"end":{"line":20,"column":76}},{"start":{"line":20,"column":79},"end":{"line":20,"column":112}}],"line":20},"4":{"loc":{"start":{"line":21,"column":20},"end":{"line":21,"column":46}},"type":"cond-expr","locations":[{"start":{"line":21,"column":29},"end":{"line":21,"column":31}},{"start":{"line":21,"column":34},"end":{"line":21,"column":46}}],"line":21}},"s":{"0":0,"1":0,"2":0,"3":0,"4":0,"5":0,"6":0,"7":0,"8":0,"9":0,"10":0,"11":0,"12":0,"13":0,"14":0,"15":0,"16":0,"17":0,"18":0,"19":0,"20":0},"f":{"0":0,"1":0,"2":0,"3":0,"4":0,"5":0,"6":0},"b":{"0":[0,0],"1":[0,0],"2":[0,0],"3":[0,0],"4":[0,0]}}
,"/home/laimonas/git/crypto-signals/client/public/assets/modules/portfolio/risk.js": {"path":"/home/laimonas/git/crypto-signals/client/public/assets/modules/portfolio/risk.js","statementMap":{"0":{"start":{"line":3,"column":2},"end":{"line":5,"column":93}},"1":{"start":{"line":7,"column":16},"end":{"line":7,"column":28}},"2":{"start":{"line":8,"column":14},"end":{"line":8,"column":63}},"3":{"start":{"line":11,"column":14},"end":{"line":11,"column":57}},"4":{"start":{"line":11,"column":48},"end":{"line":11,"column":56}},"5":{"start":{"line":12,"column":50},"end":{"line":12,"column":56}},"6":{"start":{"line":13,"column":18},"end":{"line":18,"column":144}},"7":{"start":{"line":18,"column":20},"end":{"line":18,"column":134}},"8":{"start":{"line":19,"column":4},"end":{"line":19,"column":56}},"9":{"start":{"line":21,"column":18},"end":{"line":21,"column":39}},"10":{"start":{"line":22,"column":4},"end":{"line":22,"column":39}},"11":{"start":{"line":22,"column":19},"end":{"line":22,"column":39}},"12":{"start":{"line":23,"column":4},"end":{"line":27,"column":7}},"13":{"start":{"line":25,"column":34},"end":{"line":25,"column":42}},"14":{"start":{"line":25,"column":94},"end":{"line":25,"column":120}},"15":{"start":{"line":26,"column":105},"end":{"line":26,"column":110}},"16":{"start":{"line":30,"column":2},"end":{"line":30,"column":70}},"17":{"start":{"line":31,"column":2},"end":{"line":31,"column":15}},"18":{"start":{"line":32,"column":2},"end":{"line":32,"column":62}},"19":{"start":{"line":32,"column":22},"end":{"line":32,"column":57}},"20":{"start":{"line":32,"column":27},"end":{"line":32,"column":48}}},"fnMap":{"0":{"name":"mount","decl":{"start":{"line":2,"column":22},"end":{"line":2,"column":27}},"loc":{"start":{"line":2,"column":33},"end":{"line":33,"column":1}},"line":2},"1":{"name":"load","decl":{"start":{"line":10,"column":17},"end":{"line":10,"column":21}},"loc":{"start":{"line":10,"column":23},"end":{"line":28,"column":3}},"line":10},"2":{"name":"(anonymous_2)","decl":{"start":{"line":11,"column":45},"end":{"line":11,"column":46}},"loc":{"start":{"line":11,"column":48},"end":{"line":11,"column":56}},"line":11},"3":{"name":"(anonymous_3)","decl":{"start":{"line":18,"column":10},"end":{"line":18,"column":11}},"loc":{"start":{"line":18,"column":20},"end":{"line":18,"column":134}},"line":18},"4":{"name":"(anonymous_4)","decl":{"start":{"line":25,"column":31},"end":{"line":25,"column":32}},"loc":{"start":{"line":25,"column":34},"end":{"line":25,"column":42}},"line":25},"5":{"name":"(anonymous_5)","decl":{"start":{"line":25,"column":91},"end":{"line":25,"column":92}},"loc":{"start":{"line":25,"column":94},"end":{"line":25,"column":120}},"line":25},"6":{"name":"(anonymous_6)","decl":{"start":{"line":26,"column":102},"end":{"line":26,"column":103}},"loc":{"start":{"line":26,"column":105},"end":{"line":26,"column":110}},"line":26},"7":{"name":"(anonymous_7)","decl":{"start":{"line":32,"column":11},"end":{"line":32,"column":12}},"loc":{"start":{"line":32,"column":20},"end":{"line":32,"column":59}},"line":32}},"branchMap":{"0":{"loc":{"start":{"line":22,"column":4},"end":{"line":22,"column":39}},"type":"if","locations":[{"start":{"line":22,"column":4},"end":{"line":22,"column":39}},{"start":{},"end":{}}],"line":22}},"s":{"0":0,"1":0,"2":0,"3":0,"4":0,"5":0,"6":0,"7":0,"8":0,"9":0,"10":0,"11":0,"12":0,"13":0,"14":0,"15":0,"16":0,"17":0,"18":0,"19":0,"20":0},"f":{"0":0,"1":0,"2":0,"3":0,"4":0,"5":0,"6":0,"7":0},"b":{"0":[0,0]}}
}
