{"total": {"lines":{"total":706,"covered":522,"skipped":0,"pct":73.93},"statements":{"total":886,"covered":636,"skipped":0,"pct":71.78},"functions":{"total":162,"covered":120,"skipped":0,"pct":74.07},"branches":{"total":584,"covered":318,"skipped":0,"pct":54.45},"branchesTrue":{"total":0,"covered":0,"skipped":0,"pct":100}}
,"/workspace/crypto-signals/client/assets/analytics.helpers.js": {"lines":{"total":22,"covered":22,"skipped":0,"pct":100},"functions":{"total":6,"covered":6,"skipped":0,"pct":100},"statements":{"total":29,"covered":29,"skipped":0,"pct":100},"branches":{"total":26,"covered":23,"skipped":0,"pct":88.46}}
,"/workspace/crypto-signals/client/public/assets/analytics.js": {"lines":{"total":126,"covered":121,"skipped":0,"pct":96.03},"functions":{"total":30,"covered":26,"skipped":0,"pct":86.66},"statements":{"total":155,"covered":145,"skipped":0,"pct":93.54},"branches":{"total":105,"covered":77,"skipped":0,"pct":73.33}}
,"/workspace/crypto-signals/client/public/assets/chart-globals.js": {"lines":{"total":10,"covered":9,"skipped":0,"pct":90},"functions":{"total":3,"covered":2,"skipped":0,"pct":66.66},"statements":{"total":10,"covered":9,"skipped":0,"pct":90},"branches":{"total":9,"covered":5,"skipped":0,"pct":55.55}}
,"/workspace/crypto-signals/client/public/assets/nav.js": {"lines":{"total":31,"covered":31,"skipped":0,"pct":100},"functions":{"total":6,"covered":6,"skipped":0,"pct":100},"statements":{"total":38,"covered":37,"skipped":0,"pct":97.36},"branches":{"total":29,"covered":24,"skipped":0,"pct":82.75}}
,"/workspace/crypto-signals/client/public/assets/ui-breadcrumbs.js": {"lines":{"total":12,"covered":11,"skipped":0,"pct":91.66},"functions":{"total":2,"covered":1,"skipped":0,"pct":50},"statements":{"total":16,"covered":13,"skipped":0,"pct":81.25},"branches":{"total":18,"covered":9,"skipped":0,"pct":50}}
,"/workspace/crypto-signals/client/public/assets/ui-lazy.js": {"lines":{"total":31,"covered":26,"skipped":0,"pct":83.87},"functions":{"total":7,"covered":7,"skipped":0,"pct":100},"statements":{"total":35,"covered":29,"skipped":0,"pct":82.85},"branches":{"total":22,"covered":16,"skipped":0,"pct":72.72}}
,"/workspace/crypto-signals/client/public/assets/ui-loader.js": {"lines":{"total":45,"covered":45,"skipped":0,"pct":100},"functions":{"total":6,"covered":6,"skipped":0,"pct":100},"statements":{"total":59,"covered":59,"skipped":0,"pct":100},"branches":{"total":25,"covered":19,"skipped":0,"pct":76}}
,"/workspace/crypto-signals/client/public/assets/ui-tabs.js": {"lines":{"total":20,"covered":19,"skipped":0,"pct":95},"functions":{"total":8,"covered":7,"skipped":0,"pct":87.5},"statements":{"total":30,"covered":26,"skipped":0,"pct":86.66},"branches":{"total":37,"covered":23,"skipped":0,"pct":62.16}}
,"/workspace/crypto-signals/client/public/assets/ui-toast.js": {"lines":{"total":18,"covered":13,"skipped":0,"pct":72.22},"functions":{"total":5,"covered":3,"skipped":0,"pct":60},"statements":{"total":21,"covered":14,"skipped":0,"pct":66.66},"branches":{"total":18,"covered":10,"skipped":0,"pct":55.55}}
,"/workspace/crypto-signals/client/public/assets/modules/analytics/csv.js": {"lines":{"total":11,"covered":11,"skipped":0,"pct":100},"functions":{"total":3,"covered":3,"skipped":0,"pct":100},"statements":{"total":12,"covered":12,"skipped":0,"pct":100},"branches":{"total":0,"covered":0,"skipped":0,"pct":100}}
,"/workspace/crypto-signals/client/public/assets/modules/analytics/overlays.js": {"lines":{"total":278,"covered":126,"skipped":0,"pct":45.32},"functions":{"total":54,"covered":26,"skipped":0,"pct":48.14},"statements":{"total":349,"covered":148,"skipped":0,"pct":42.4},"branches":{"total":243,"covered":79,"skipped":0,"pct":32.51}}
,"/workspace/crypto-signals/client/public/assets/modules/analytics/overview.js": {"lines":{"total":81,"covered":67,"skipped":0,"pct":82.71},"functions":{"total":27,"covered":22,"skipped":0,"pct":81.48},"statements":{"total":109,"covered":92,"skipped":0,"pct":84.4},"branches":{"total":46,"covered":30,"skipped":0,"pct":65.21}}
,"/workspace/crypto-signals/client/public/assets/modules/analytics/pva.js": {"lines":{"total":9,"covered":9,"skipped":0,"pct":100},"functions":{"total":2,"covered":2,"skipped":0,"pct":100},"statements":{"total":10,"covered":10,"skipped":0,"pct":100},"branches":{"total":4,"covered":2,"skipped":0,"pct":50}}
,"/workspace/crypto-signals/client/public/assets/modules/analytics/trades.js": {"lines":{"total":12,"covered":12,"skipped":0,"pct":100},"functions":{"total":3,"covered":3,"skipped":0,"pct":100},"statements":{"total":13,"covered":13,"skipped":0,"pct":100},"branches":{"total":2,"covered":1,"skipped":0,"pct":50}}
}
