TN:
SF:client/public/assets/analytics.e2e-dataset.js
FNF:0
FNH:0
DA:1,0
LF:1
LH:0
BRF:0
BRH:0
end_of_record
TN:
SF:client/public/assets/chart-globals.js
FN:1,freezeCanvasEnv
FN:9,(anonymous_1)
FN:12,(anonymous_2)
FNF:3
FNH:0
FNDA:0,freezeCanvasEnv
FNDA:0,(anonymous_1)
FNDA:0,(anonymous_2)
DA:3,0
DA:5,0
DA:6,0
DA:7,0
DA:10,0
DA:13,0
DA:16,0
DA:19,0
DA:20,0
DA:25,0
LF:10
LH:0
BRDA:1,0,0,0
BRDA:1,1,0,0
BRDA:3,2,0,0
BRDA:3,2,1,0
BRDA:3,2,2,0
BRDA:5,3,0,0
BRDA:5,3,1,0
BRDA:10,4,0,0
BRDA:10,4,1,0
BRF:9
BRH:0
end_of_record
TN:
SF:client/public/assets/nav.js
FN:1,initNav
FN:14,autoInit
FN:15,inject
FN:32,(anonymous_3)
FN:39,(anonymous_4)
FN:48,(anonymous_5)
FNF:6
FNH:1
FNDA:1,initNav
FNDA:0,autoInit
FNDA:0,inject
FNDA:0,(anonymous_3)
FNDA:0,(anonymous_4)
FNDA:0,(anonymous_5)
DA:2,1
DA:3,1
DA:4,1
DA:5,1
DA:6,4
DA:7,4
DA:8,4
DA:9,4
DA:10,3
DA:16,0
DA:17,0
DA:18,0
DA:19,0
DA:20,0
DA:23,0
DA:24,0
DA:25,0
DA:27,0
DA:29,0
DA:30,0
DA:31,0
DA:32,0
DA:33,0
DA:34,0
DA:38,0
DA:39,0
DA:40,0
DA:41,0
DA:42,0
DA:47,1
DA:48,0
LF:31
LH:10
BRDA:1,0,0,0
BRDA:1,1,0,0
BRDA:3,2,0,0
BRDA:3,2,1,1
BRDA:4,3,0,1
BRDA:4,3,1,0
BRDA:6,4,0,4
BRDA:6,4,1,0
BRDA:9,5,0,1
BRDA:9,5,1,3
BRDA:15,6,0,0
BRDA:17,7,0,0
BRDA:17,7,1,0
BRDA:20,8,0,0
BRDA:20,8,1,0
BRDA:31,9,0,0
BRDA:31,9,1,0
BRDA:31,10,0,0
BRDA:31,10,1,0
BRDA:41,11,0,0
BRDA:41,11,1,0
BRDA:41,12,0,0
BRDA:41,12,1,0
BRDA:42,13,0,0
BRDA:42,13,1,0
BRDA:47,14,0,0
BRDA:47,14,1,1
BRDA:47,15,0,1
BRDA:47,15,1,1
BRF:29
BRH:8
end_of_record
TN:
SF:client/public/assets/ui-breadcrumbs.js
FN:1,initBreadcrumbs
FN:15,(anonymous_1)
FNF:2
FNH:1
FNDA:1,initBreadcrumbs
FNDA:0,(anonymous_1)
DA:2,1
DA:3,1
DA:4,1
DA:5,1
DA:6,1
DA:7,1
DA:8,1
DA:9,1
DA:10,1
DA:11,1
DA:14,1
DA:15,0
LF:12
LH:11
BRDA:1,0,0,0
BRDA:1,1,0,0
BRDA:3,2,0,0
BRDA:3,2,1,1
BRDA:4,3,0,1
BRDA:4,3,1,0
BRDA:7,4,0,1
BRDA:7,4,1,0
BRDA:8,5,0,1
BRDA:8,5,1,0
BRDA:10,6,0,1
BRDA:10,6,1,0
BRDA:11,7,0,1
BRDA:11,7,1,0
BRDA:14,8,0,0
BRDA:14,8,1,1
BRDA:14,9,0,1
BRDA:14,9,1,1
BRF:18
BRH:9
end_of_record
TN:
SF:client/public/assets/ui-lazy.js
FN:1,(anonymous_0)
FN:5,(anonymous_1)
FN:9,(anonymous_2)
FN:19,(anonymous_3)
FN:23,(anonymous_4)
FN:48,(anonymous_5)
FN:49,(anonymous_6)
FNF:7
FNH:0
FNDA:0,(anonymous_0)
FNDA:0,(anonymous_1)
FNDA:0,(anonymous_2)
FNDA:0,(anonymous_3)
FNDA:0,(anonymous_4)
FNDA:0,(anonymous_5)
FNDA:0,(anonymous_6)
DA:1,0
DA:2,0
DA:3,0
DA:5,0
DA:6,0
DA:9,0
DA:10,0
DA:11,0
DA:12,0
DA:13,0
DA:14,0
DA:16,0
DA:19,0
DA:20,0
DA:23,0
DA:24,0
DA:25,0
DA:26,0
DA:27,0
DA:28,0
DA:30,0
DA:33,0
DA:34,0
DA:35,0
DA:36,0
DA:38,0
DA:43,0
DA:44,0
DA:45,0
DA:48,0
DA:49,0
LF:31
LH:0
BRDA:1,0,0,0
BRDA:1,1,0,0
BRDA:1,1,1,0
BRDA:2,2,0,0
BRDA:2,2,1,0
BRDA:3,3,0,0
BRDA:3,3,1,0
BRDA:11,4,0,0
BRDA:11,4,1,0
BRDA:12,5,0,0
BRDA:12,5,1,0
BRDA:16,6,0,0
BRDA:16,6,1,0
BRDA:23,7,0,0
BRDA:25,8,0,0
BRDA:25,8,1,0
BRDA:25,9,0,0
BRDA:25,9,1,0
BRDA:33,10,0,0
BRDA:33,10,1,0
BRDA:33,11,0,0
BRDA:33,11,1,0
BRF:22
BRH:0
end_of_record
TN:
SF:client/public/assets/ui-loader.js
FN:1,(anonymous_0)
FN:2,el
FN:8,renderSkeleton
FN:58,show
FN:63,hide
FN:69,withLoader
FNF:6
FNH:0
FNDA:0,(anonymous_0)
FNDA:0,el
FNDA:0,renderSkeleton
FNDA:0,show
FNDA:0,hide
FNDA:0,withLoader
DA:1,0
DA:3,0
DA:4,0
DA:5,0
DA:10,0
DA:11,0
DA:13,0
DA:15,0
DA:16,0
DA:17,0
DA:20,0
DA:21,0
DA:24,0
DA:25,0
DA:26,0
DA:29,0
DA:30,0
DA:33,0
DA:34,0
DA:35,0
DA:38,0
DA:39,0
DA:40,0
DA:41,0
DA:42,0
DA:43,0
DA:45,0
DA:46,0
DA:49,0
DA:50,0
DA:54,0
DA:55,0
DA:59,0
DA:60,0
DA:64,0
DA:65,0
DA:66,0
DA:70,0
DA:71,0
DA:72,0
DA:73,0
DA:74,0
DA:76,0
DA:77,0
DA:81,0
LF:45
LH:0
BRDA:4,0,0,0
BRDA:4,0,1,0
BRDA:13,1,0,0
BRDA:13,1,1,0
BRDA:13,1,2,0
BRDA:13,1,3,0
BRDA:13,1,4,0
BRDA:13,1,5,0
BRDA:13,1,6,0
BRDA:15,2,0,0
BRDA:15,2,1,0
BRDA:24,3,0,0
BRDA:24,3,1,0
BRDA:33,4,0,0
BRDA:33,4,1,0
BRDA:38,5,0,0
BRDA:38,5,1,0
BRDA:49,6,0,0
BRDA:49,6,1,0
BRDA:59,7,0,0
BRDA:59,7,1,0
BRDA:60,8,0,0
BRDA:60,8,1,0
BRDA:64,9,0,0
BRDA:64,9,1,0
BRF:25
BRH:0
end_of_record
TN:
SF:client/public/assets/ui-tabs.js
FN:1,initTabs
FN:5,(anonymous_1)
FN:6,(anonymous_2)
FN:10,select
FN:11,(anonymous_4)
FN:26,(anonymous_5)
FN:26,(anonymous_6)
FN:30,(anonymous_7)
FNF:8
FNH:7
FNDA:3,initTabs
FNDA:8,(anonymous_1)
FNDA:8,(anonymous_2)
FNDA:4,select
FNDA:11,(anonymous_4)
FNDA:8,(anonymous_5)
FNDA:1,(anonymous_6)
FNDA:0,(anonymous_7)
DA:2,3
DA:3,3
DA:4,3
DA:5,8
DA:6,3
DA:7,8
DA:11,4
DA:12,11
DA:13,11
DA:14,11
DA:15,11
DA:17,4
DA:18,4
DA:21,3
DA:22,3
DA:23,3
DA:24,3
DA:26,8
DA:29,2
DA:30,0
LF:20
LH:19
BRDA:1,0,0,0
BRDA:1,1,0,0
BRDA:1,2,0,0
BRDA:1,3,0,0
BRDA:1,4,0,0
BRDA:3,5,0,0
BRDA:3,5,1,3
BRDA:7,6,0,0
BRDA:7,6,1,8
BRDA:7,7,0,0
BRDA:7,7,1,0
BRDA:13,8,0,4
BRDA:13,8,1,7
BRDA:14,9,0,4
BRDA:14,9,1,7
BRDA:15,10,0,11
BRDA:15,10,1,0
BRDA:17,11,0,4
BRDA:17,11,1,0
BRDA:17,12,0,4
BRDA:17,12,1,4
BRDA:18,13,0,4
BRDA:18,13,1,0
BRDA:21,14,0,3
BRDA:21,14,1,3
BRDA:22,15,0,3
BRDA:22,15,1,3
BRDA:23,16,0,3
BRDA:23,16,1,3
BRDA:23,16,2,3
BRDA:23,16,3,3
BRDA:24,17,0,3
BRDA:24,17,1,0
BRDA:29,18,0,0
BRDA:29,18,1,2
BRDA:29,19,0,2
BRDA:29,19,1,2
BRF:37
BRH:23
end_of_record
TN:
SF:client/public/assets/ui-toast.js
FN:1,initToast
FN:8,showToast
FN:16,(anonymous_2)
FN:22,(anonymous_3)
FN:26,(anonymous_4)
FNF:5
FNH:3
FNDA:1,initToast
FNDA:1,showToast
FNDA:1,(anonymous_2)
FNDA:0,(anonymous_3)
FNDA:0,(anonymous_4)
DA:2,1
DA:3,1
DA:4,1
DA:9,1
DA:10,1
DA:11,1
DA:12,1
DA:13,1
DA:14,1
DA:15,1
DA:16,1
DA:17,1
DA:21,1
DA:22,0
DA:23,0
DA:24,0
DA:25,0
DA:26,0
LF:18
LH:13
BRDA:1,0,0,0
BRDA:3,1,0,1
BRDA:3,1,1,0
BRDA:8,2,0,0
BRDA:8,3,0,0
BRDA:8,4,0,0
BRDA:8,5,0,0
BRDA:10,6,0,0
BRDA:10,6,1,1
BRDA:21,7,0,0
BRDA:21,7,1,1
BRDA:21,8,0,1
BRDA:21,8,1,1
BRDA:24,9,0,0
BRDA:24,9,1,0
BRDA:25,10,0,0
BRDA:25,10,1,0
BRDA:26,11,0,0
BRF:18
BRH:5
end_of_record
TN:
SF:client/public/assets/modules/analytics/csv.js
FN:2,mount
FN:8,(anonymous_1)
FN:17,(anonymous_2)
FNF:3
FNH:0
FNDA:0,mount
FNDA:0,(anonymous_1)
FNDA:0,(anonymous_2)
DA:3,0
DA:7,0
DA:8,0
DA:9,0
DA:10,0
DA:11,0
DA:12,0
DA:13,0
DA:14,0
DA:16,0
DA:17,0
LF:11
LH:0
BRF:0
BRH:0
end_of_record
TN:
SF:client/public/assets/modules/analytics/overlays.js
FN:4,mount
FN:43,(anonymous_1)
FN:52,(anonymous_2)
FN:58,loadJobs
FN:74,renderJobs
FN:75,(anonymous_5)
FN:90,(anonymous_6)
FN:91,(anonymous_7)
FN:99,(anonymous_8)
FN:108,renderStats
FN:111,(anonymous_10)
FN:119,(anonymous_11)
FN:127,(anonymous_12)
FN:149,applyOverlays
FN:165,(anonymous_14)
FN:165,(anonymous_15)
FN:179,clearAll
FN:181,(anonymous_17)
FN:187,exportCsv
FN:193,shareUrl
FN:211,loadTopN
FN:220,(anonymous_21)
FN:220,(anonymous_22)
FN:220,(anonymous_23)
FN:221,(anonymous_24)
FN:222,(anonymous_25)
FN:239,loadTopNInline
FN:245,(anonymous_27)
FN:257,loadSets
FN:260,(anonymous_29)
FN:267,currentSelection
FN:276,downloadBlob
FN:281,(anonymous_32)
FN:284,currentSettings
FN:294,saveSet
FN:305,renderSets
FN:308,(anonymous_36)
FN:325,(anonymous_37)
FN:327,(anonymous_38)
FN:331,(anonymous_39)
FN:334,(anonymous_40)
FN:339,(anonymous_41)
FN:347,(anonymous_42)
FN:352,(anonymous_43)
FN:360,applyOverlaySet
FN:369,(anonymous_45)
FN:373,(anonymous_46)
FN:379,(anonymous_47)
FN:392,(anonymous_48)
FN:404,(anonymous_49)
FN:421,(anonymous_50)
FN:442,(anonymous_51)
FN:453,(anonymous_52)
FN:486,(anonymous_53)
FNF:54
FNH:0
FNDA:0,mount
FNDA:0,(anonymous_1)
FNDA:0,(anonymous_2)
FNDA:0,loadJobs
FNDA:0,renderJobs
FNDA:0,(anonymous_5)
FNDA:0,(anonymous_6)
FNDA:0,(anonymous_7)
FNDA:0,(anonymous_8)
FNDA:0,renderStats
FNDA:0,(anonymous_10)
FNDA:0,(anonymous_11)
FNDA:0,(anonymous_12)
FNDA:0,applyOverlays
FNDA:0,(anonymous_14)
FNDA:0,(anonymous_15)
FNDA:0,clearAll
FNDA:0,(anonymous_17)
FNDA:0,exportCsv
FNDA:0,shareUrl
FNDA:0,loadTopN
FNDA:0,(anonymous_21)
FNDA:0,(anonymous_22)
FNDA:0,(anonymous_23)
FNDA:0,(anonymous_24)
FNDA:0,(anonymous_25)
FNDA:0,loadTopNInline
FNDA:0,(anonymous_27)
FNDA:0,loadSets
FNDA:0,(anonymous_29)
FNDA:0,currentSelection
FNDA:0,downloadBlob
FNDA:0,(anonymous_32)
FNDA:0,currentSettings
FNDA:0,saveSet
FNDA:0,renderSets
FNDA:0,(anonymous_36)
FNDA:0,(anonymous_37)
FNDA:0,(anonymous_38)
FNDA:0,(anonymous_39)
FNDA:0,(anonymous_40)
FNDA:0,(anonymous_41)
FNDA:0,(anonymous_42)
FNDA:0,(anonymous_43)
FNDA:0,applyOverlaySet
FNDA:0,(anonymous_45)
FNDA:0,(anonymous_46)
FNDA:0,(anonymous_47)
FNDA:0,(anonymous_48)
FNDA:0,(anonymous_49)
FNDA:0,(anonymous_50)
FNDA:0,(anonymous_51)
FNDA:0,(anonymous_52)
FNDA:0,(anonymous_53)
DA:5,0
DA:43,0
DA:44,0
DA:45,0
DA:46,0
DA:47,0
DA:48,0
DA:49,0
DA:51,0
DA:52,0
DA:54,0
DA:55,0
DA:56,0
DA:59,0
DA:60,0
DA:61,0
DA:62,0
DA:63,0
DA:64,0
DA:65,0
DA:66,0
DA:67,0
DA:68,0
DA:70,0
DA:75,0
DA:76,0
DA:77,0
DA:78,0
DA:79,0
DA:90,0
DA:91,0
DA:92,0
DA:93,0
DA:94,0
DA:95,0
DA:96,0
DA:97,0
DA:99,0
DA:100,0
DA:102,0
DA:109,0
DA:110,0
DA:111,0
DA:113,0
DA:114,0
DA:115,0
DA:116,0
DA:117,0
DA:118,0
DA:119,0
DA:121,0
DA:122,0
DA:123,0
DA:124,0
DA:127,0
DA:128,0
DA:129,0
DA:130,0
DA:131,0
DA:132,0
DA:133,0
DA:144,0
DA:145,0
DA:146,0
DA:150,0
DA:151,0
DA:152,0
DA:153,0
DA:154,0
DA:155,0
DA:156,0
DA:157,0
DA:158,0
DA:159,0
DA:160,0
DA:161,0
DA:162,0
DA:163,0
DA:164,0
DA:165,0
DA:166,0
DA:167,0
DA:168,0
DA:169,0
DA:171,0
DA:172,0
DA:175,0
DA:180,0
DA:181,0
DA:182,0
DA:183,0
DA:184,0
DA:188,0
DA:189,0
DA:190,0
DA:194,0
DA:195,0
DA:196,0
DA:197,0
DA:202,0
DA:203,0
DA:204,0
DA:205,0
DA:207,0
DA:212,0
DA:213,0
DA:214,0
DA:215,0
DA:216,0
DA:217,0
DA:218,0
DA:219,0
DA:220,0
DA:221,0
DA:222,0
DA:223,0
DA:224,0
DA:225,0
DA:226,0
DA:227,0
DA:228,0
DA:230,0
DA:235,0
DA:240,0
DA:241,0
DA:242,0
DA:243,0
DA:244,0
DA:245,0
DA:246,0
DA:247,0
DA:248,0
DA:250,0
DA:251,0
DA:253,0
DA:258,0
DA:259,0
DA:260,0
DA:261,0
DA:263,0
DA:268,0
DA:277,0
DA:278,0
DA:279,0
DA:280,0
DA:281,0
DA:285,0
DA:295,0
DA:296,0
DA:297,0
DA:298,0
DA:299,0
DA:300,0
DA:301,0
DA:302,0
DA:306,0
DA:307,0
DA:308,0
DA:325,0
DA:326,0
DA:327,0
DA:328,0
DA:329,0
DA:330,0
DA:331,0
DA:332,0
DA:333,0
DA:334,0
DA:335,0
DA:336,0
DA:337,0
DA:338,0
DA:339,0
DA:340,0
DA:341,0
DA:342,0
DA:343,0
DA:344,0
DA:345,0
DA:346,0
DA:347,0
DA:348,0
DA:349,0
DA:350,0
DA:351,0
DA:352,0
DA:353,0
DA:354,0
DA:361,0
DA:362,0
DA:363,0
DA:364,0
DA:365,0
DA:366,0
DA:367,0
DA:368,0
DA:369,0
DA:370,0
DA:371,0
DA:372,0
DA:373,0
DA:374,0
DA:377,0
DA:378,0
DA:379,0
DA:380,0
DA:381,0
DA:384,0
DA:387,0
DA:388,0
DA:389,0
DA:390,0
DA:391,0
DA:392,0
DA:393,0
DA:394,0
DA:395,0
DA:398,0
DA:399,0
DA:400,0
DA:401,0
DA:402,0
DA:404,0
DA:405,0
DA:406,0
DA:407,0
DA:408,0
DA:409,0
DA:413,0
DA:414,0
DA:415,0
DA:416,0
DA:418,0
DA:421,0
DA:422,0
DA:423,0
DA:424,0
DA:432,0
DA:433,0
DA:435,0
DA:436,0
DA:437,0
DA:438,0
DA:441,0
DA:442,0
DA:443,0
DA:444,0
DA:445,0
DA:446,0
DA:447,0
DA:448,0
DA:449,0
DA:450,0
DA:452,0
DA:453,0
DA:454,0
DA:455,0
DA:456,0
DA:457,0
DA:458,0
DA:459,0
DA:462,0
DA:467,0
DA:468,0
DA:469,0
DA:470,0
DA:471,0
DA:472,0
DA:473,0
DA:474,0
DA:475,0
DA:476,0
DA:477,0
DA:478,0
DA:479,0
DA:480,0
DA:482,0
DA:486,0
LF:278
LH:0
BRDA:60,0,0,0
BRDA:60,0,1,0
BRDA:61,1,0,0
BRDA:61,1,1,0
BRDA:62,2,0,0
BRDA:62,2,1,0
BRDA:66,3,0,0
BRDA:66,3,1,0
BRDA:75,4,0,0
BRDA:75,4,1,0
BRDA:76,5,0,0
BRDA:76,5,1,0
BRDA:77,6,0,0
BRDA:77,6,1,0
BRDA:78,7,0,0
BRDA:78,7,1,0
BRDA:83,8,0,0
BRDA:83,8,1,0
BRDA:85,9,0,0
BRDA:85,9,1,0
BRDA:85,10,0,0
BRDA:85,10,1,0
BRDA:86,11,0,0
BRDA:86,11,1,0
BRDA:86,11,2,0
BRDA:86,12,0,0
BRDA:86,12,1,0
BRDA:93,13,0,0
BRDA:93,13,1,0
BRDA:94,14,0,0
BRDA:94,14,1,0
BRDA:109,15,0,0
BRDA:109,15,1,0
BRDA:109,16,0,0
BRDA:109,16,1,0
BRDA:111,17,0,0
BRDA:111,17,1,0
BRDA:115,18,0,0
BRDA:115,18,1,0
BRDA:115,19,0,0
BRDA:115,19,1,0
BRDA:122,20,0,0
BRDA:122,20,1,0
BRDA:123,21,0,0
BRDA:123,21,1,0
BRDA:124,22,0,0
BRDA:124,22,1,0
BRDA:128,23,0,0
BRDA:128,23,1,0
BRDA:129,24,0,0
BRDA:129,24,1,0
BRDA:131,25,0,0
BRDA:131,25,1,0
BRDA:132,26,0,0
BRDA:132,26,1,0
BRDA:135,27,0,0
BRDA:135,27,1,0
BRDA:136,28,0,0
BRDA:136,28,1,0
BRDA:141,29,0,0
BRDA:141,29,1,0
BRDA:144,30,0,0
BRDA:144,30,1,0
BRDA:145,31,0,0
BRDA:145,31,1,0
BRDA:151,32,0,0
BRDA:151,32,1,0
BRDA:152,33,0,0
BRDA:152,33,1,0
BRDA:158,34,0,0
BRDA:158,34,1,0
BRDA:159,35,0,0
BRDA:159,35,1,0
BRDA:162,36,0,0
BRDA:162,36,1,0
BRDA:163,37,0,0
BRDA:163,37,1,0
BRDA:164,38,0,0
BRDA:164,38,1,0
BRDA:166,39,0,0
BRDA:166,39,1,0
BRDA:167,40,0,0
BRDA:167,40,1,0
BRDA:171,41,0,0
BRDA:171,41,1,0
BRDA:189,42,0,0
BRDA:189,42,1,0
BRDA:195,43,0,0
BRDA:195,43,1,0
BRDA:200,44,0,0
BRDA:200,44,1,0
BRDA:200,45,0,0
BRDA:200,45,1,0
BRDA:213,46,0,0
BRDA:213,46,1,0
BRDA:214,47,0,0
BRDA:214,47,1,0
BRDA:218,48,0,0
BRDA:218,48,1,0
BRDA:219,49,0,0
BRDA:219,49,1,0
BRDA:220,50,0,0
BRDA:220,50,1,0
BRDA:220,50,2,0
BRDA:220,50,3,0
BRDA:241,51,0,0
BRDA:241,51,1,0
BRDA:242,52,0,0
BRDA:242,52,1,0
BRDA:243,53,0,0
BRDA:243,53,1,0
BRDA:246,54,0,0
BRDA:246,54,1,0
BRDA:261,55,0,0
BRDA:261,55,1,0
BRDA:270,56,0,0
BRDA:270,56,1,0
BRDA:272,57,0,0
BRDA:272,57,1,0
BRDA:287,58,0,0
BRDA:287,58,1,0
BRDA:289,59,0,0
BRDA:289,59,1,0
BRDA:290,60,0,0
BRDA:290,60,1,0
BRDA:290,61,0,0
BRDA:290,61,1,0
BRDA:290,62,0,0
BRDA:290,62,1,0
BRDA:296,63,0,0
BRDA:296,63,1,0
BRDA:300,64,0,0
BRDA:300,64,1,0
BRDA:300,65,0,0
BRDA:300,65,1,0
BRDA:307,66,0,0
BRDA:307,66,1,0
BRDA:311,67,0,0
BRDA:311,67,1,0
BRDA:315,68,0,0
BRDA:315,68,1,0
BRDA:321,69,0,0
BRDA:321,69,1,0
BRDA:321,70,0,0
BRDA:321,70,1,0
BRDA:321,71,0,0
BRDA:321,71,1,0
BRDA:329,72,0,0
BRDA:329,72,1,0
BRDA:330,73,0,0
BRDA:330,73,1,0
BRDA:331,74,0,0
BRDA:331,74,1,0
BRDA:333,75,0,0
BRDA:333,75,1,0
BRDA:334,76,0,0
BRDA:334,76,1,0
BRDA:335,77,0,0
BRDA:335,77,1,0
BRDA:338,78,0,0
BRDA:338,78,1,0
BRDA:342,79,0,0
BRDA:342,79,1,0
BRDA:343,80,0,0
BRDA:343,80,1,0
BRDA:346,81,0,0
BRDA:346,81,1,0
BRDA:348,82,0,0
BRDA:348,82,1,0
BRDA:351,83,0,0
BRDA:351,83,1,0
BRDA:361,84,0,0
BRDA:361,84,1,0
BRDA:363,85,0,0
BRDA:363,85,1,0
BRDA:364,86,0,0
BRDA:364,86,1,0
BRDA:365,87,0,0
BRDA:365,87,1,0
BRDA:366,88,0,0
BRDA:366,88,1,0
BRDA:367,89,0,0
BRDA:367,89,1,0
BRDA:369,90,0,0
BRDA:369,90,1,0
BRDA:371,91,0,0
BRDA:371,91,1,0
BRDA:372,92,0,0
BRDA:372,92,1,0
BRDA:372,93,0,0
BRDA:372,93,1,0
BRDA:375,94,0,0
BRDA:375,94,1,0
BRDA:377,95,0,0
BRDA:377,95,1,0
BRDA:378,96,0,0
BRDA:378,96,1,0
BRDA:379,97,0,0
BRDA:379,97,1,0
BRDA:379,98,0,0
BRDA:379,98,1,0
BRDA:380,99,0,0
BRDA:380,99,1,0
BRDA:394,100,0,0
BRDA:394,100,1,0
BRDA:396,101,0,0
BRDA:396,101,1,0
BRDA:399,102,0,0
BRDA:399,102,1,0
BRDA:406,103,0,0
BRDA:406,103,1,0
BRDA:413,104,0,0
BRDA:413,104,1,0
BRDA:413,105,0,0
BRDA:413,105,1,0
BRDA:423,106,0,0
BRDA:423,106,1,0
BRDA:428,107,0,0
BRDA:428,107,1,0
BRDA:432,108,0,0
BRDA:432,108,1,0
BRDA:444,109,0,0
BRDA:444,109,1,0
BRDA:446,110,0,0
BRDA:446,110,1,0
BRDA:454,111,0,0
BRDA:454,111,1,0
BRDA:454,112,0,0
BRDA:454,112,1,0
BRDA:468,113,0,0
BRDA:468,113,1,0
BRDA:471,114,0,0
BRDA:471,114,1,0
BRDA:474,115,0,0
BRDA:474,115,1,0
BRDA:475,116,0,0
BRDA:475,116,1,0
BRDA:476,117,0,0
BRDA:476,117,1,0
BRDA:477,118,0,0
BRDA:477,118,1,0
BRDA:478,119,0,0
BRDA:478,119,1,0
BRF:243
BRH:0
end_of_record
TN:
SF:client/public/assets/modules/analytics/overview.js
FN:2,mount
FN:19,(anonymous_1)
FN:23,labelWithDelta
FN:27,(anonymous_3)
FN:28,(anonymous_4)
FN:33,alignAndRebase
FN:37,(anonymous_6)
FN:37,(anonymous_7)
FN:39,(anonymous_8)
FN:40,(anonymous_9)
FN:42,(anonymous_10)
FN:42,(anonymous_11)
FN:46,(anonymous_12)
FN:50,(anonymous_13)
FN:56,render
FN:60,(anonymous_15)
FN:67,(anonymous_16)
FN:77,(anonymous_17)
FN:88,(anonymous_18)
FN:89,(anonymous_19)
FN:91,(anonymous_20)
FN:95,(anonymous_21)
FN:98,(anonymous_22)
FN:108,(anonymous_23)
FN:109,(anonymous_24)
FN:116,(anonymous_25)
FN:125,(anonymous_26)
FNF:27
FNH:0
FNDA:0,mount
FNDA:0,(anonymous_1)
FNDA:0,labelWithDelta
FNDA:0,(anonymous_3)
FNDA:0,(anonymous_4)
FNDA:0,alignAndRebase
FNDA:0,(anonymous_6)
FNDA:0,(anonymous_7)
FNDA:0,(anonymous_8)
FNDA:0,(anonymous_9)
FNDA:0,(anonymous_10)
FNDA:0,(anonymous_11)
FNDA:0,(anonymous_12)
FNDA:0,(anonymous_13)
FNDA:0,render
FNDA:0,(anonymous_15)
FNDA:0,(anonymous_16)
FNDA:0,(anonymous_17)
FNDA:0,(anonymous_18)
FNDA:0,(anonymous_19)
FNDA:0,(anonymous_20)
FNDA:0,(anonymous_21)
FNDA:0,(anonymous_22)
FNDA:0,(anonymous_23)
FNDA:0,(anonymous_24)
FNDA:0,(anonymous_25)
FNDA:0,(anonymous_26)
DA:3,0
DA:4,0
DA:5,0
DA:6,0
DA:7,0
DA:8,0
DA:9,0
DA:10,0
DA:11,0
DA:12,0
DA:17,0
DA:18,0
DA:19,0
DA:20,0
DA:21,0
DA:24,0
DA:25,0
DA:26,0
DA:27,0
DA:28,0
DA:29,0
DA:30,0
DA:34,0
DA:35,0
DA:36,0
DA:37,0
DA:38,0
DA:39,0
DA:40,0
DA:41,0
DA:42,0
DA:45,0
DA:46,0
DA:47,0
DA:48,0
DA:49,0
DA:50,0
DA:53,0
DA:57,0
DA:58,0
DA:59,0
DA:60,0
DA:61,0
DA:62,0
DA:63,0
DA:64,0
DA:65,0
DA:67,0
DA:74,0
DA:75,0
DA:77,0
DA:85,0
DA:88,0
DA:89,0
DA:90,0
DA:91,0
DA:92,0
DA:93,0
DA:94,0
DA:95,0
DA:96,0
DA:98,0
DA:106,0
DA:108,0
DA:109,0
DA:110,0
DA:112,0
DA:113,0
DA:114,0
DA:116,0
DA:117,0
DA:118,0
DA:119,0
DA:120,0
DA:121,0
DA:124,0
DA:126,0
DA:127,0
DA:128,0
DA:129,0
DA:130,0
LF:81
LH:0
BRDA:3,0,0,0
BRDA:3,0,1,0
BRDA:24,1,0,0
BRDA:24,1,1,0
BRDA:34,2,0,0
BRDA:34,2,1,0
BRDA:35,3,0,0
BRDA:35,3,1,0
BRDA:36,4,0,0
BRDA:36,4,1,0
BRDA:40,5,0,0
BRDA:40,5,1,0
BRDA:41,6,0,0
BRDA:41,6,1,0
BRDA:45,7,0,0
BRDA:45,7,1,0
BRDA:47,8,0,0
BRDA:47,8,1,0
BRDA:49,9,0,0
BRDA:49,9,1,0
BRDA:57,10,0,0
BRDA:57,11,0,0
BRDA:57,12,0,0
BRDA:58,13,0,0
BRDA:58,13,1,0
BRDA:59,14,0,0
BRDA:59,14,1,0
BRDA:59,15,0,0
BRDA:59,15,1,0
BRDA:61,16,0,0
BRDA:61,16,1,0
BRDA:64,17,0,0
BRDA:64,17,1,0
BRDA:76,18,0,0
BRDA:76,18,1,0
BRDA:90,19,0,0
BRDA:90,20,0,0
BRDA:90,20,1,0
BRDA:92,21,0,0
BRDA:92,21,1,0
BRDA:97,22,0,0
BRDA:97,22,1,0
BRDA:109,23,0,0
BRDA:109,23,1,0
BRDA:109,23,2,0
BRDA:109,23,3,0
BRF:46
BRH:0
end_of_record
TN:
SF:client/public/assets/modules/analytics/pva.js
FN:2,mount
FN:18,(anonymous_1)
FNF:2
FNH:0
FNDA:0,mount
FNDA:0,(anonymous_1)
DA:3,0
DA:4,0
DA:5,0
DA:6,0
DA:7,0
DA:9,0
DA:17,0
DA:19,0
DA:20,0
LF:9
LH:0
BRDA:3,0,0,0
BRDA:3,0,1,0
BRDA:5,1,0,0
BRDA:5,1,1,0
BRF:4
BRH:0
end_of_record
TN:
SF:client/public/assets/modules/analytics/trades.js
FN:2,mount
FN:11,(anonymous_1)
FN:18,(anonymous_2)
FNF:3
FNH:0
FNDA:0,mount
FNDA:0,(anonymous_1)
FNDA:0,(anonymous_2)
DA:3,0
DA:4,0
DA:5,0
DA:6,0
DA:7,0
DA:10,0
DA:11,0
DA:12,0
DA:13,0
DA:15,0
DA:17,0
DA:18,0
LF:12
LH:0
BRDA:11,0,0,0
BRDA:11,0,1,0
BRF:2
BRH:0
end_of_record
TN:
SF:client/public/assets/modules/live/equity.js
FN:2,mount
FN:22,BadgeTrace
FN:29,(anonymous_2)
FN:32,(anonymous_3)
FN:39,(anonymous_4)
FN:46,(anonymous_5)
FN:56,(anonymous_6)
FNF:7
FNH:0
FNDA:0,mount
FNDA:0,BadgeTrace
FNDA:0,(anonymous_2)
FNDA:0,(anonymous_3)
FNDA:0,(anonymous_4)
FNDA:0,(anonymous_5)
FNDA:0,(anonymous_6)
DA:3,0
DA:5,0
DA:6,0
DA:7,0
DA:8,0
DA:11,0
DA:17,0
DA:18,0
DA:19,0
DA:20,0
DA:23,0
DA:24,0
DA:25,0
DA:26,0
DA:29,0
DA:30,0
DA:31,0
DA:32,0
DA:33,0
DA:38,0
DA:39,0
DA:40,0
DA:41,0
DA:42,0
DA:43,0
DA:45,0
DA:46,0
DA:47,0
DA:48,0
DA:49,0
DA:50,0
DA:53,0
DA:55,0
DA:57,0
DA:58,0
LF:35
LH:0
BRDA:3,0,0,0
BRDA:3,0,1,0
BRDA:6,1,0,0
BRDA:6,1,1,0
BRDA:23,2,0,0
BRDA:23,2,1,0
BRDA:24,3,0,0
BRDA:24,3,1,0
BRDA:26,4,0,0
BRDA:26,4,1,0
BRDA:31,5,0,0
BRDA:31,5,1,0
BRDA:41,6,0,0
BRDA:41,6,1,0
BRDA:43,7,0,0
BRDA:43,7,1,0
BRDA:45,8,0,0
BRDA:45,8,1,0
BRDA:48,9,0,0
BRDA:48,9,1,0
BRF:20
BRH:0
end_of_record
TN:
SF:client/public/assets/modules/live/history.js
FN:2,mount
FN:11,(anonymous_1)
FN:20,(anonymous_2)
FNF:3
FNH:0
FNDA:0,mount
FNDA:0,(anonymous_1)
FNDA:0,(anonymous_2)
DA:3,0
DA:4,0
DA:5,0
DA:6,0
DA:7,0
DA:10,0
DA:11,0
DA:12,0
DA:13,0
DA:16,0
DA:18,0
DA:20,0
LF:12
LH:0
BRDA:11,0,0,0
BRDA:11,0,1,0
BRF:2
BRH:0
end_of_record
TN:
SF:client/public/assets/modules/live/orders.js
FN:2,mount
FN:9,(anonymous_1)
FN:19,(anonymous_2)
FNF:3
FNH:0
FNDA:0,mount
FNDA:0,(anonymous_1)
FNDA:0,(anonymous_2)
DA:3,0
DA:4,0
DA:5,0
DA:7,0
DA:8,0
DA:9,0
DA:10,0
DA:11,0
DA:12,0
DA:13,0
DA:14,0
DA:16,0
DA:18,0
DA:20,0
DA:21,0
LF:15
LH:0
BRDA:12,0,0,0
BRDA:12,0,1,0
BRDA:12,1,0,0
BRDA:12,1,1,0
BRDA:12,2,0,0
BRDA:12,2,1,0
BRDA:12,3,0,0
BRDA:12,3,1,0
BRF:8
BRH:0
end_of_record
TN:
SF:client/public/assets/modules/live/risk.js
FN:2,mount
FN:9,(anonymous_1)
FNF:2
FNH:0
FNDA:0,mount
FNDA:0,(anonymous_1)
DA:3,0
DA:4,0
DA:5,0
DA:6,0
DA:7,0
DA:8,0
DA:10,0
LF:7
LH:0
BRF:0
BRH:0
end_of_record
TN:
SF:client/public/assets/modules/portfolio/allocation.js
FN:3,mount
FN:15,load
FN:16,(anonymous_2)
FN:20,(anonymous_3)
FN:28,(anonymous_4)
FN:28,(anonymous_5)
FN:29,(anonymous_6)
FN:29,(anonymous_7)
FN:31,(anonymous_8)
FN:48,(anonymous_9)
FNF:10
FNH:0
FNDA:0,mount
FNDA:0,load
FNDA:0,(anonymous_2)
FNDA:0,(anonymous_3)
FNDA:0,(anonymous_4)
FNDA:0,(anonymous_5)
FNDA:0,(anonymous_6)
FNDA:0,(anonymous_7)
FNDA:0,(anonymous_8)
FNDA:0,(anonymous_9)
DA:4,0
DA:11,0
DA:12,0
DA:13,0
DA:16,0
DA:17,0
DA:18,0
DA:20,0
DA:26,0
DA:27,0
DA:28,0
DA:29,0
DA:31,0
DA:36,0
DA:41,0
DA:42,0
DA:45,0
DA:46,0
DA:48,0
LF:19
LH:0
BRDA:26,0,0,0
BRDA:26,0,1,0
BRDA:27,1,0,0
BRDA:27,1,1,0
BRDA:39,2,0,0
BRDA:39,2,1,0
BRF:6
BRH:0
end_of_record
TN:
SF:client/public/assets/modules/portfolio/attribution.js
FN:2,mount
FN:19,toISODate
FN:24,load
FN:29,(anonymous_3)
FN:31,(anonymous_4)
FN:32,(anonymous_5)
FN:43,(anonymous_6)
FNF:7
FNH:0
FNDA:0,mount
FNDA:0,toISODate
FNDA:0,load
FNDA:0,(anonymous_3)
FNDA:0,(anonymous_4)
FNDA:0,(anonymous_5)
FNDA:0,(anonymous_6)
DA:3,0
DA:16,0
DA:17,0
DA:19,0
DA:20,0
DA:21,0
DA:22,0
DA:25,0
DA:26,0
DA:27,0
DA:28,0
DA:29,0
DA:31,0
DA:32,0
DA:33,0
DA:34,0
DA:41,0
DA:42,0
DA:43,0
LF:19
LH:0
BRDA:32,0,0,0
BRDA:32,0,1,0
BRDA:33,1,0,0
BRDA:33,1,1,0
BRF:4
BRH:0
end_of_record
TN:
SF:client/public/assets/modules/portfolio/correlation.js
FN:2,mount
FN:9,load
FN:11,(anonymous_2)
FN:16,(anonymous_3)
FN:17,(anonymous_4)
FN:18,(anonymous_5)
FN:31,(anonymous_6)
FNF:7
FNH:0
FNDA:0,mount
FNDA:0,load
FNDA:0,(anonymous_2)
FNDA:0,(anonymous_3)
FNDA:0,(anonymous_4)
FNDA:0,(anonymous_5)
FNDA:0,(anonymous_6)
DA:3,0
DA:10,0
DA:11,0
DA:12,0
DA:14,0
DA:16,0
DA:17,0
DA:18,0
DA:19,0
DA:20,0
DA:21,0
DA:22,0
DA:24,0
DA:26,0
DA:29,0
DA:30,0
DA:31,0
LF:17
LH:0
BRDA:10,0,0,0
BRDA:10,0,1,0
BRDA:14,1,0,0
BRDA:14,1,1,0
BRDA:20,2,0,0
BRDA:20,2,1,0
BRDA:20,3,0,0
BRDA:20,3,1,0
BRDA:21,4,0,0
BRDA:21,4,1,0
BRF:10
BRH:0
end_of_record
TN:
SF:client/public/assets/modules/portfolio/risk.js
FN:2,mount
FN:10,load
FN:11,(anonymous_2)
FN:18,(anonymous_3)
FN:25,(anonymous_4)
FN:25,(anonymous_5)
FN:26,(anonymous_6)
FN:32,(anonymous_7)
FNF:8
FNH:0
FNDA:0,mount
FNDA:0,load
FNDA:0,(anonymous_2)
FNDA:0,(anonymous_3)
FNDA:0,(anonymous_4)
FNDA:0,(anonymous_5)
FNDA:0,(anonymous_6)
FNDA:0,(anonymous_7)
DA:3,0
DA:7,0
DA:8,0
DA:11,0
DA:12,0
DA:13,0
DA:18,0
DA:19,0
DA:21,0
DA:22,0
DA:23,0
DA:25,0
DA:26,0
DA:30,0
DA:31,0
DA:32,0
LF:16
LH:0
BRDA:22,0,0,0
BRDA:22,0,1,0
BRF:2
BRH:0
end_of_record
