{"/home/laimonas/git/crypto-signals/src/config.js": {"path":"/home/laimonas/git/crypto-signals/src/config.js","statementMap":{"0":{"start":{"line":4,"column":30},"end":{"line":4,"column":88}},"1":{"start":{"line":6,"column":19},"end":{"line":26,"column":1}}},"fnMap":{},"branchMap":{"0":{"loc":{"start":{"line":4,"column":43},"end":{"line":4,"column":87}},"type":"binary-expr","locations":[{"start":{"line":4,"column":43},"end":{"line":4,"column":69}},{"start":{"line":4,"column":73},"end":{"line":4,"column":87}}],"line":4},"1":{"loc":{"start":{"line":7,"column":8},"end":{"line":7,"column":32}},"type":"binary-expr","locations":[{"start":{"line":7,"column":8},"end":{"line":7,"column":24}},{"start":{"line":7,"column":28},"end":{"line":7,"column":32}}],"line":7},"2":{"loc":{"start":{"line":8,"column":13},"end":{"line":8,"column":62}},"type":"binary-expr","locations":[{"start":{"line":8,"column":13},"end":{"line":8,"column":35}},{"start":{"line":8,"column":39},"end":{"line":8,"column":62}}],"line":8},"3":{"loc":{"start":{"line":10,"column":10},"end":{"line":10,"column":41}},"type":"binary-expr","locations":[{"start":{"line":10,"column":10},"end":{"line":10,"column":28}},{"start":{"line":10,"column":32},"end":{"line":10,"column":41}}],"line":10},"4":{"loc":{"start":{"line":11,"column":12},"end":{"line":11,"column":40}},"type":"binary-expr","locations":[{"start":{"line":11,"column":12},"end":{"line":11,"column":32}},{"start":{"line":11,"column":36},"end":{"line":11,"column":40}}],"line":11},"5":{"loc":{"start":{"line":19,"column":19},"end":{"line":19,"column":64}},"type":"binary-expr","locations":[{"start":{"line":19,"column":19},"end":{"line":19,"column":57}},{"start":{"line":19,"column":61},"end":{"line":19,"column":64}}],"line":19},"6":{"loc":{"start":{"line":20,"column":13},"end":{"line":20,"column":49}},"type":"binary-expr","locations":[{"start":{"line":20,"column":13},"end":{"line":20,"column":43}},{"start":{"line":20,"column":47},"end":{"line":20,"column":49}}],"line":20},"7":{"loc":{"start":{"line":21,"column":13},"end":{"line":21,"column":51}},"type":"binary-expr","locations":[{"start":{"line":21,"column":13},"end":{"line":21,"column":44}},{"start":{"line":21,"column":48},"end":{"line":21,"column":51}}],"line":21},"8":{"loc":{"start":{"line":22,"column":13},"end":{"line":22,"column":51}},"type":"binary-expr","locations":[{"start":{"line":22,"column":13},"end":{"line":22,"column":44}},{"start":{"line":22,"column":48},"end":{"line":22,"column":51}}],"line":22},"9":{"loc":{"start":{"line":23,"column":12},"end":{"line":23,"column":45}},"type":"binary-expr","locations":[{"start":{"line":23,"column":12},"end":{"line":23,"column":40}},{"start":{"line":23,"column":44},"end":{"line":23,"column":45}}],"line":23},"10":{"loc":{"start":{"line":24,"column":16},"end":{"line":24,"column":54}},"type":"binary-expr","locations":[{"start":{"line":24,"column":16},"end":{"line":24,"column":41}},{"start":{"line":24,"column":45},"end":{"line":24,"column":54}}],"line":24}},"s":{"0":5,"1":5},"f":{},"b":{"0":[5,3],"1":[5,0],"2":[5,0],"3":[5,0],"4":[5,0],"5":[5,5],"6":[5,5],"7":[5,5],"8":[5,5],"9":[5,5],"10":[5,5]},"_coverageSchema":"1a1c01bbd47fc00a2c39e90264f33305004495a9","hash":"cf240619318d009b139fdb737b9cf37c5dc952c9"}
,"/home/laimonas/git/crypto-signals/src/ingest.js": {"path":"/home/laimonas/git/crypto-signals/src/ingest.js","statementMap":{"0":{"start":{"line":7,"column":18},"end":{"line":7,"column":62}},"1":{"start":{"line":10,"column":14},"end":{"line":17,"column":3}},"2":{"start":{"line":18,"column":2},"end":{"line":18,"column":74}},"3":{"start":{"line":18,"column":22},"end":{"line":18,"column":74}},"4":{"start":{"line":19,"column":2},"end":{"line":19,"column":23}},"5":{"start":{"line":23,"column":19},"end":{"line":23,"column":75}},"6":{"start":{"line":24,"column":12},"end":{"line":24,"column":24}},"7":{"start":{"line":25,"column":2},"end":{"line":25,"column":38}},"8":{"start":{"line":29,"column":17},"end":{"line":34,"column":4}},"9":{"start":{"line":35,"column":14},"end":{"line":35,"column":74}},"10":{"start":{"line":36,"column":19},"end":{"line":36,"column":39}},"11":{"start":{"line":37,"column":2},"end":{"line":44,"column":6}},"12":{"start":{"line":37,"column":24},"end":{"line":44,"column":3}},"13":{"start":{"line":48,"column":2},"end":{"line":48,"column":29}},"14":{"start":{"line":48,"column":20},"end":{"line":48,"column":29}},"15":{"start":{"line":49,"column":17},"end":{"line":49,"column":19}},"16":{"start":{"line":50,"column":17},"end":{"line":50,"column":19}},"17":{"start":{"line":51,"column":2},"end":{"line":55,"column":3}},"18":{"start":{"line":51,"column":15},"end":{"line":51,"column":16}},"19":{"start":{"line":52,"column":14},"end":{"line":52,"column":21}},"20":{"start":{"line":53,"column":4},"end":{"line":53,"column":81}},"21":{"start":{"line":54,"column":4},"end":{"line":54,"column":64}},"22":{"start":{"line":56,"column":14},"end":{"line":65,"column":3}},"23":{"start":{"line":66,"column":2},"end":{"line":66,"column":30}},"24":{"start":{"line":67,"column":2},"end":{"line":73,"column":3}},"25":{"start":{"line":68,"column":4},"end":{"line":68,"column":36}},"26":{"start":{"line":69,"column":4},"end":{"line":69,"column":33}},"27":{"start":{"line":71,"column":4},"end":{"line":71,"column":35}},"28":{"start":{"line":72,"column":4},"end":{"line":72,"column":12}},"29":{"start":{"line":74,"column":2},"end":{"line":74,"column":21}},"30":{"start":{"line":78,"column":21},"end":{"line":78,"column":72}},"31":{"start":{"line":79,"column":12},"end":{"line":79,"column":14}},"32":{"start":{"line":80,"column":2},"end":{"line":83,"column":12}},"33":{"start":{"line":81,"column":17},"end":{"line":81,"column":55}},"34":{"start":{"line":82,"column":4},"end":{"line":82,"column":27}},"35":{"start":{"line":84,"column":17},"end":{"line":84,"column":40}},"36":{"start":{"line":85,"column":19},"end":{"line":85,"column":39}},"37":{"start":{"line":86,"column":21},"end":{"line":86,"column":43}},"38":{"start":{"line":88,"column":17},"end":{"line":88,"column":35}},"39":{"start":{"line":89,"column":2},"end":{"line":108,"column":3}},"40":{"start":{"line":90,"column":19},"end":{"line":90,"column":45}},"41":{"start":{"line":91,"column":16},"end":{"line":91,"column":26}},"42":{"start":{"line":92,"column":18},"end":{"line":92,"column":88}},"43":{"start":{"line":93,"column":16},"end":{"line":93,"column":32}},"44":{"start":{"line":94,"column":17},"end":{"line":94,"column":22}},"45":{"start":{"line":95,"column":19},"end":{"line":95,"column":20}},"46":{"start":{"line":96,"column":15},"end":{"line":96,"column":21}},"47":{"start":{"line":97,"column":4},"end":{"line":104,"column":5}},"48":{"start":{"line":98,"column":19},"end":{"line":98,"column":62}},"49":{"start":{"line":99,"column":6},"end":{"line":99,"column":30}},"50":{"start":{"line":99,"column":24},"end":{"line":99,"column":30}},"51":{"start":{"line":100,"column":6},"end":{"line":100,"column":40}},"52":{"start":{"line":101,"column":6},"end":{"line":101,"column":30}},"53":{"start":{"line":102,"column":6},"end":{"line":102,"column":38}},"54":{"start":{"line":103,"column":6},"end":{"line":103,"column":33}},"55":{"start":{"line":105,"column":4},"end":{"line":105,"column":56}},"56":{"start":{"line":107,"column":4},"end":{"line":107,"column":21}},"57":{"start":{"line":112,"column":19},"end":{"line":112,"column":90}},"58":{"start":{"line":113,"column":17},"end":{"line":113,"column":60}},"59":{"start":{"line":114,"column":16},"end":{"line":114,"column":56}},"60":{"start":{"line":115,"column":2},"end":{"line":115,"column":33}}},"fnMap":{"0":{"name":"intervalToMs","decl":{"start":{"line":9,"column":16},"end":{"line":9,"column":28}},"loc":{"start":{"line":9,"column":39},"end":{"line":20,"column":1}},"line":9},"1":{"name":"selectLastTs","decl":{"start":{"line":22,"column":22},"end":{"line":22,"column":34}},"loc":{"start":{"line":22,"column":43},"end":{"line":26,"column":1}},"line":22},"2":{"name":"fetchKlines","decl":{"start":{"line":28,"column":22},"end":{"line":28,"column":33}},"loc":{"start":{"line":28,"column":77},"end":{"line":45,"column":1}},"line":28},"3":{"name":"(anonymous_3)","decl":{"start":{"line":37,"column":18},"end":{"line":37,"column":19}},"loc":{"start":{"line":37,"column":24},"end":{"line":44,"column":3}},"line":37},"4":{"name":"upsertCandles","decl":{"start":{"line":47,"column":22},"end":{"line":47,"column":35}},"loc":{"start":{"line":47,"column":50},"end":{"line":75,"column":1}},"line":47},"5":{"name":"ingestOnce","decl":{"start":{"line":77,"column":22},"end":{"line":77,"column":32}},"loc":{"start":{"line":77,"column":35},"end":{"line":109,"column":1}},"line":77},"6":{"name":"getIngestHealth","decl":{"start":{"line":111,"column":22},"end":{"line":111,"column":37}},"loc":{"start":{"line":111,"column":40},"end":{"line":116,"column":1}},"line":111}},"branchMap":{"0":{"loc":{"start":{"line":18,"column":2},"end":{"line":18,"column":74}},"type":"if","locations":[{"start":{"line":18,"column":2},"end":{"line":18,"column":74}},{"start":{},"end":{}}],"line":18},"1":{"loc":{"start":{"line":25,"column":9},"end":{"line":25,"column":37}},"type":"cond-expr","locations":[{"start":{"line":25,"column":21},"end":{"line":25,"column":25}},{"start":{"line":25,"column":28},"end":{"line":25,"column":37}}],"line":25},"2":{"loc":{"start":{"line":28,"column":63},"end":{"line":28,"column":75}},"type":"default-arg","locations":[{"start":{"line":28,"column":71},"end":{"line":28,"column":75}}],"line":28},"3":{"loc":{"start":{"line":48,"column":2},"end":{"line":48,"column":29}},"type":"if","locations":[{"start":{"line":48,"column":2},"end":{"line":48,"column":29}},{"start":{},"end":{}}],"line":48},"4":{"loc":{"start":{"line":84,"column":17},"end":{"line":84,"column":40}},"type":"binary-expr","locations":[{"start":{"line":84,"column":17},"end":{"line":84,"column":27}},{"start":{"line":84,"column":31},"end":{"line":84,"column":40}}],"line":84},"5":{"loc":{"start":{"line":85,"column":19},"end":{"line":85,"column":39}},"type":"binary-expr","locations":[{"start":{"line":85,"column":19},"end":{"line":85,"column":31}},{"start":{"line":85,"column":35},"end":{"line":85,"column":39}}],"line":85},"6":{"loc":{"start":{"line":92,"column":18},"end":{"line":92,"column":88}},"type":"cond-expr","locations":[{"start":{"line":92,"column":35},"end":{"line":92,"column":54}},{"start":{"line":92,"column":57},"end":{"line":92,"column":88}}],"line":92},"7":{"loc":{"start":{"line":99,"column":6},"end":{"line":99,"column":30}},"type":"if","locations":[{"start":{"line":99,"column":6},"end":{"line":99,"column":30}},{"start":{},"end":{}}],"line":99},"8":{"loc":{"start":{"line":105,"column":40},"end":{"line":105,"column":53}},"type":"binary-expr","locations":[{"start":{"line":105,"column":40},"end":{"line":105,"column":44}},{"start":{"line":105,"column":48},"end":{"line":105,"column":53}}],"line":105},"9":{"loc":{"start":{"line":113,"column":17},"end":{"line":113,"column":60}},"type":"cond-expr","locations":[{"start":{"line":113,"column":33},"end":{"line":113,"column":53}},{"start":{"line":113,"column":56},"end":{"line":113,"column":60}}],"line":113},"10":{"loc":{"start":{"line":114,"column":16},"end":{"line":114,"column":56}},"type":"cond-expr","locations":[{"start":{"line":114,"column":32},"end":{"line":114,"column":52}},{"start":{"line":114,"column":55},"end":{"line":114,"column":56}}],"line":114}},"s":{"0":5,"1":0,"2":0,"3":0,"4":0,"5":0,"6":0,"7":0,"8":0,"9":0,"10":0,"11":0,"12":0,"13":0,"14":0,"15":0,"16":0,"17":0,"18":0,"19":0,"20":0,"21":0,"22":0,"23":0,"24":0,"25":0,"26":0,"27":0,"28":0,"29":0,"30":0,"31":0,"32":0,"33":0,"34":0,"35":0,"36":0,"37":0,"38":0,"39":0,"40":0,"41":0,"42":0,"43":0,"44":0,"45":0,"46":0,"47":0,"48":0,"49":0,"50":0,"51":0,"52":0,"53":0,"54":0,"55":0,"56":0,"57":0,"58":0,"59":0,"60":0},"f":{"0":0,"1":0,"2":0,"3":0,"4":0,"5":0,"6":0},"b":{"0":[0,0],"1":[0,0],"2":[0],"3":[0,0],"4":[0,0],"5":[0,0],"6":[0,0],"7":[0,0],"8":[0,0],"9":[0,0],"10":[0,0]},"_coverageSchema":"1a1c01bbd47fc00a2c39e90264f33305004495a9","hash":"7a040f9e6decf7883344c2acb45db758febbe265"}
,"/home/laimonas/git/crypto-signals/src/jobRunner.js": {"path":"/home/laimonas/git/crypto-signals/src/jobRunner.js","statementMap":{"0":{"start":{"line":6,"column":15},"end":{"line":6,"column":46}},"1":{"start":{"line":7,"column":12},"end":{"line":7,"column":46}},"2":{"start":{"line":8,"column":16},"end":{"line":8,"column":20}},"3":{"start":{"line":9,"column":24},"end":{"line":9,"column":33}},"4":{"start":{"line":12,"column":19},"end":{"line":23,"column":4}},"5":{"start":{"line":24,"column":2},"end":{"line":24,"column":17}},"6":{"start":{"line":28,"column":12},"end":{"line":28,"column":28}},"7":{"start":{"line":29,"column":17},"end":{"line":29,"column":38}},"8":{"start":{"line":30,"column":15},"end":{"line":30,"column":37}},"9":{"start":{"line":31,"column":13},"end":{"line":31,"column":42}},"10":{"start":{"line":33,"column":28},"end":{"line":38,"column":3}},"11":{"start":{"line":40,"column":15},"end":{"line":40,"column":19}},"12":{"start":{"line":41,"column":14},"end":{"line":41,"column":27}},"13":{"start":{"line":42,"column":2},"end":{"line":45,"column":3}},"14":{"start":{"line":43,"column":4},"end":{"line":43,"column":71}},"15":{"start":{"line":44,"column":4},"end":{"line":44,"column":45}},"16":{"start":{"line":47,"column":14},"end":{"line":47,"column":45}},"17":{"start":{"line":48,"column":2},"end":{"line":48,"column":41}},"18":{"start":{"line":49,"column":20},"end":{"line":49,"column":61}},"19":{"start":{"line":50,"column":2},"end":{"line":50,"column":46}},"20":{"start":{"line":52,"column":2},"end":{"line":58,"column":5}},"21":{"start":{"line":60,"column":2},"end":{"line":60,"column":79}},"22":{"start":{"line":64,"column":2},"end":{"line":75,"column":3}},"23":{"start":{"line":65,"column":4},"end":{"line":65,"column":65}},"24":{"start":{"line":65,"column":37},"end":{"line":65,"column":65}},"25":{"start":{"line":66,"column":4},"end":{"line":66,"column":64}},"26":{"start":{"line":66,"column":33},"end":{"line":66,"column":64}},"27":{"start":{"line":67,"column":19},"end":{"line":67,"column":73}},"28":{"start":{"line":68,"column":4},"end":{"line":68,"column":101}},"29":{"start":{"line":70,"column":4},"end":{"line":74,"column":5}},"30":{"start":{"line":71,"column":6},"end":{"line":71,"column":124}},"31":{"start":{"line":73,"column":6},"end":{"line":73,"column":133}},"32":{"start":{"line":79,"column":17},"end":{"line":79,"column":35}},"33":{"start":{"line":80,"column":2},"end":{"line":93,"column":3}},"34":{"start":{"line":81,"column":4},"end":{"line":81,"column":32}},"35":{"start":{"line":82,"column":16},"end":{"line":82,"column":42}},"36":{"start":{"line":83,"column":4},"end":{"line":86,"column":5}},"37":{"start":{"line":84,"column":6},"end":{"line":84,"column":35}},"38":{"start":{"line":85,"column":6},"end":{"line":85,"column":13}},"39":{"start":{"line":87,"column":4},"end":{"line":87,"column":33}},"40":{"start":{"line":88,"column":4},"end":{"line":88,"column":34}},"41":{"start":{"line":90,"column":4},"end":{"line":90,"column":52}},"42":{"start":{"line":90,"column":10},"end":{"line":90,"column":41}},"43":{"start":{"line":92,"column":4},"end":{"line":92,"column":21}},"44":{"start":{"line":97,"column":2},"end":{"line":97,"column":29}},"45":{"start":{"line":97,"column":22},"end":{"line":97,"column":29}},"46":{"start":{"line":98,"column":2},"end":{"line":98,"column":24}},"47":{"start":{"line":98,"column":17},"end":{"line":98,"column":24}},"48":{"start":{"line":99,"column":2},"end":{"line":99,"column":38}},"49":{"start":{"line":103,"column":2},"end":{"line":106,"column":3}},"50":{"start":{"line":104,"column":4},"end":{"line":104,"column":29}},"51":{"start":{"line":105,"column":4},"end":{"line":105,"column":21}},"52":{"start":{"line":110,"column":2},"end":{"line":110,"column":34}}},"fnMap":{"0":{"name":"claimNextJob","decl":{"start":{"line":11,"column":15},"end":{"line":11,"column":27}},"loc":{"start":{"line":11,"column":36},"end":{"line":25,"column":1}},"line":11},"1":{"name":"runBacktest","decl":{"start":{"line":27,"column":15},"end":{"line":27,"column":26}},"loc":{"start":{"line":27,"column":40},"end":{"line":61,"column":1}},"line":27},"2":{"name":"processJob","decl":{"start":{"line":63,"column":15},"end":{"line":63,"column":25}},"loc":{"start":{"line":63,"column":39},"end":{"line":76,"column":1}},"line":63},"3":{"name":"tick","decl":{"start":{"line":78,"column":15},"end":{"line":78,"column":19}},"loc":{"start":{"line":78,"column":22},"end":{"line":94,"column":1}},"line":78},"4":{"name":"start","decl":{"start":{"line":96,"column":16},"end":{"line":96,"column":21}},"loc":{"start":{"line":96,"column":24},"end":{"line":100,"column":1}},"line":96},"5":{"name":"stop","decl":{"start":{"line":102,"column":16},"end":{"line":102,"column":20}},"loc":{"start":{"line":102,"column":23},"end":{"line":107,"column":1}},"line":102},"6":{"name":"requestCancel","decl":{"start":{"line":109,"column":16},"end":{"line":109,"column":29}},"loc":{"start":{"line":109,"column":34},"end":{"line":111,"column":1}},"line":109}},"branchMap":{"0":{"loc":{"start":{"line":28,"column":12},"end":{"line":28,"column":28}},"type":"binary-expr","locations":[{"start":{"line":28,"column":12},"end":{"line":28,"column":22}},{"start":{"line":28,"column":26},"end":{"line":28,"column":28}}],"line":28},"1":{"loc":{"start":{"line":29,"column":17},"end":{"line":29,"column":38}},"type":"binary-expr","locations":[{"start":{"line":29,"column":17},"end":{"line":29,"column":25}},{"start":{"line":29,"column":29},"end":{"line":29,"column":38}}],"line":29},"2":{"loc":{"start":{"line":30,"column":22},"end":{"line":30,"column":36}},"type":"binary-expr","locations":[{"start":{"line":30,"column":22},"end":{"line":30,"column":31}},{"start":{"line":30,"column":35},"end":{"line":30,"column":36}}],"line":30},"3":{"loc":{"start":{"line":31,"column":20},"end":{"line":31,"column":41}},"type":"binary-expr","locations":[{"start":{"line":31,"column":20},"end":{"line":31,"column":27}},{"start":{"line":31,"column":31},"end":{"line":31,"column":41}}],"line":31},"4":{"loc":{"start":{"line":42,"column":18},"end":{"line":42,"column":71}},"type":"cond-expr","locations":[{"start":{"line":42,"column":35},"end":{"line":42,"column":42}},{"start":{"line":42,"column":45},"end":{"line":42,"column":71}}],"line":42},"5":{"loc":{"start":{"line":65,"column":4},"end":{"line":65,"column":65}},"type":"if","locations":[{"start":{"line":65,"column":4},"end":{"line":65,"column":65}},{"start":{},"end":{}}],"line":65},"6":{"loc":{"start":{"line":66,"column":4},"end":{"line":66,"column":64}},"type":"if","locations":[{"start":{"line":66,"column":4},"end":{"line":66,"column":64}},{"start":{},"end":{}}],"line":66},"7":{"loc":{"start":{"line":67,"column":19},"end":{"line":67,"column":73}},"type":"cond-expr","locations":[{"start":{"line":67,"column":49},"end":{"line":67,"column":59}},{"start":{"line":67,"column":62},"end":{"line":67,"column":73}}],"line":67},"8":{"loc":{"start":{"line":70,"column":4},"end":{"line":74,"column":5}},"type":"if","locations":[{"start":{"line":70,"column":4},"end":{"line":74,"column":5}},{"start":{"line":72,"column":11},"end":{"line":74,"column":5}}],"line":70},"9":{"loc":{"start":{"line":73,"column":102},"end":{"line":73,"column":122}},"type":"binary-expr","locations":[{"start":{"line":73,"column":102},"end":{"line":73,"column":109}},{"start":{"line":73,"column":113},"end":{"line":73,"column":122}}],"line":73},"10":{"loc":{"start":{"line":83,"column":4},"end":{"line":86,"column":5}},"type":"if","locations":[{"start":{"line":83,"column":4},"end":{"line":86,"column":5}},{"start":{},"end":{}}],"line":83},"11":{"loc":{"start":{"line":97,"column":2},"end":{"line":97,"column":29}},"type":"if","locations":[{"start":{"line":97,"column":2},"end":{"line":97,"column":29}},{"start":{},"end":{}}],"line":97},"12":{"loc":{"start":{"line":97,"column":6},"end":{"line":97,"column":20}},"type":"binary-expr","locations":[{"start":{"line":97,"column":6},"end":{"line":97,"column":12}},{"start":{"line":97,"column":16},"end":{"line":97,"column":20}}],"line":97},"13":{"loc":{"start":{"line":98,"column":2},"end":{"line":98,"column":24}},"type":"if","locations":[{"start":{"line":98,"column":2},"end":{"line":98,"column":24}},{"start":{},"end":{}}],"line":98},"14":{"loc":{"start":{"line":103,"column":2},"end":{"line":106,"column":3}},"type":"if","locations":[{"start":{"line":103,"column":2},"end":{"line":106,"column":3}},{"start":{},"end":{}}],"line":103}},"s":{"0":5,"1":5,"2":5,"3":5,"4":1,"5":1,"6":1,"7":1,"8":1,"9":1,"10":1,"11":1,"12":1,"13":1,"14":3,"15":3,"16":1,"17":1,"18":1,"19":1,"20":1,"21":1,"22":1,"23":1,"24":0,"25":1,"26":1,"27":1,"28":1,"29":0,"30":0,"31":0,"32":1,"33":1,"34":1,"35":1,"36":1,"37":0,"38":0,"39":1,"40":1,"41":0,"42":0,"43":1,"44":5,"45":4,"46":1,"47":0,"48":1,"49":2,"50":1,"51":1,"52":0},"f":{"0":1,"1":1,"2":1,"3":1,"4":5,"5":2,"6":0},"b":{"0":[1,0],"1":[1,0],"2":[1,0],"3":[1,0],"4":[1,0],"5":[0,1],"6":[1,0],"7":[0,1],"8":[0,0],"9":[0,0],"10":[0,1],"11":[4,1],"12":[5,1],"13":[0,1],"14":[1,1]},"_coverageSchema":"1a1c01bbd47fc00a2c39e90264f33305004495a9","hash":"83f366e019da0cfee317b55cd4ef0f71c4c245ee"}
,"/home/laimonas/git/crypto-signals/src/live.js": {"path":"/home/laimonas/git/crypto-signals/src/live.js","statementMap":{"0":{"start":{"line":10,"column":18},"end":{"line":10,"column":62}},"1":{"start":{"line":11,"column":24},"end":{"line":11,"column":70}},"2":{"start":{"line":12,"column":19},"end":{"line":12,"column":70}},"3":{"start":{"line":15,"column":16},"end":{"line":15,"column":25}},"4":{"start":{"line":16,"column":16},"end":{"line":16,"column":20}},"5":{"start":{"line":17,"column":15},"end":{"line":17,"column":24}},"6":{"start":{"line":18,"column":15},"end":{"line":18,"column":46}},"7":{"start":{"line":20,"column":13},"end":{"line":20,"column":24}},"8":{"start":{"line":21,"column":0},"end":{"line":23,"column":1}},"9":{"start":{"line":22,"column":2},"end":{"line":22,"column":87}},"10":{"start":{"line":25,"column":21},"end":{"line":33,"column":1}},"11":{"start":{"line":36,"column":2},"end":{"line":36,"column":72}},"12":{"start":{"line":41,"column":2},"end":{"line":47,"column":3}},"13":{"start":{"line":42,"column":17},"end":{"line":42,"column":56}},"14":{"start":{"line":43,"column":16},"end":{"line":43,"column":32}},"15":{"start":{"line":44,"column":4},"end":{"line":44,"column":39}},"16":{"start":{"line":46,"column":4},"end":{"line":46,"column":31}},"17":{"start":{"line":51,"column":18},"end":{"line":51,"column":39}},"18":{"start":{"line":52,"column":18},"end":{"line":52,"column":32}},"19":{"start":{"line":53,"column":2},"end":{"line":53,"column":86}},"20":{"start":{"line":53,"column":57},"end":{"line":53,"column":86}},"21":{"start":{"line":54,"column":2},"end":{"line":54,"column":86}},"22":{"start":{"line":54,"column":57},"end":{"line":54,"column":86}},"23":{"start":{"line":55,"column":2},"end":{"line":55,"column":99}},"24":{"start":{"line":55,"column":64},"end":{"line":55,"column":99}},"25":{"start":{"line":56,"column":2},"end":{"line":56,"column":94}},"26":{"start":{"line":56,"column":61},"end":{"line":56,"column":94}},"27":{"start":{"line":57,"column":2},"end":{"line":59,"column":3}},"28":{"start":{"line":58,"column":4},"end":{"line":58,"column":61}},"29":{"start":{"line":60,"column":2},"end":{"line":60,"column":85}},"30":{"start":{"line":60,"column":46},"end":{"line":60,"column":85}},"31":{"start":{"line":61,"column":2},"end":{"line":61,"column":68}},"32":{"start":{"line":62,"column":2},"end":{"line":62,"column":17}},"33":{"start":{"line":67,"column":19},"end":{"line":67,"column":105}},"34":{"start":{"line":68,"column":2},"end":{"line":70,"column":3}},"35":{"start":{"line":69,"column":4},"end":{"line":69,"column":65}},"36":{"start":{"line":71,"column":2},"end":{"line":71,"column":17}},"37":{"start":{"line":75,"column":15},"end":{"line":75,"column":34}},"38":{"start":{"line":76,"column":2},"end":{"line":76,"column":27}},"39":{"start":{"line":76,"column":20},"end":{"line":76,"column":27}},"40":{"start":{"line":77,"column":17},"end":{"line":77,"column":66}},"41":{"start":{"line":77,"column":36},"end":{"line":77,"column":54}},"42":{"start":{"line":78,"column":15},"end":{"line":78,"column":39}},"43":{"start":{"line":78,"column":29},"end":{"line":78,"column":38}},"44":{"start":{"line":79,"column":2},"end":{"line":79,"column":74}},"45":{"start":{"line":83,"column":19},"end":{"line":88,"column":3}},"46":{"start":{"line":89,"column":2},"end":{"line":96,"column":6}},"47":{"start":{"line":89,"column":34},"end":{"line":96,"column":3}},"48":{"start":{"line":100,"column":19},"end":{"line":100,"column":89}},"49":{"start":{"line":101,"column":15},"end":{"line":101,"column":66}},"50":{"start":{"line":102,"column":28},"end":{"line":102,"column":100}},"51":{"start":{"line":103,"column":14},"end":{"line":103,"column":39}},"52":{"start":{"line":104,"column":2},"end":{"line":104,"column":20}},"53":{"start":{"line":108,"column":19},"end":{"line":114,"column":3}},"54":{"start":{"line":115,"column":2},"end":{"line":123,"column":16}},"55":{"start":{"line":115,"column":24},"end":{"line":123,"column":3}},"56":{"start":{"line":127,"column":19},"end":{"line":127,"column":103}},"57":{"start":{"line":128,"column":2},"end":{"line":140,"column":6}},"58":{"start":{"line":128,"column":24},"end":{"line":140,"column":3}},"59":{"start":{"line":144,"column":46},"end":{"line":144,"column":52}},"60":{"start":{"line":145,"column":2},"end":{"line":149,"column":4}},"61":{"start":{"line":150,"column":2},"end":{"line":159,"column":3}},"62":{"start":{"line":151,"column":19},"end":{"line":151,"column":45}},"63":{"start":{"line":152,"column":4},"end":{"line":158,"column":7}},"64":{"start":{"line":160,"column":2},"end":{"line":160,"column":22}},"65":{"start":{"line":164,"column":14},"end":{"line":164,"column":84}},"66":{"start":{"line":165,"column":2},"end":{"line":168,"column":4}},"67":{"start":{"line":169,"column":2},"end":{"line":179,"column":3}},"68":{"start":{"line":170,"column":19},"end":{"line":170,"column":45}},"69":{"start":{"line":171,"column":4},"end":{"line":178,"column":7}},"70":{"start":{"line":180,"column":2},"end":{"line":180,"column":22}},"71":{"start":{"line":184,"column":16},"end":{"line":184,"column":46}},"72":{"start":{"line":185,"column":2},"end":{"line":211,"column":3}},"73":{"start":{"line":186,"column":18},"end":{"line":186,"column":39}},"74":{"start":{"line":187,"column":15},"end":{"line":187,"column":50}},"75":{"start":{"line":188,"column":15},"end":{"line":188,"column":50}},"76":{"start":{"line":189,"column":19},"end":{"line":189,"column":47}},"77":{"start":{"line":190,"column":21},"end":{"line":190,"column":45}},"78":{"start":{"line":191,"column":14},"end":{"line":191,"column":19}},"79":{"start":{"line":192,"column":17},"end":{"line":192,"column":25}},"80":{"start":{"line":193,"column":4},"end":{"line":207,"column":5}},"81":{"start":{"line":194,"column":6},"end":{"line":194,"column":17}},"82":{"start":{"line":195,"column":6},"end":{"line":195,"column":20}},"83":{"start":{"line":196,"column":11},"end":{"line":207,"column":5}},"84":{"start":{"line":197,"column":6},"end":{"line":197,"column":17}},"85":{"start":{"line":198,"column":6},"end":{"line":198,"column":20}},"86":{"start":{"line":199,"column":11},"end":{"line":207,"column":5}},"87":{"start":{"line":200,"column":6},"end":{"line":206,"column":7}},"88":{"start":{"line":201,"column":8},"end":{"line":201,"column":29}},"89":{"start":{"line":202,"column":8},"end":{"line":202,"column":97}},"90":{"start":{"line":203,"column":13},"end":{"line":206,"column":7}},"91":{"start":{"line":204,"column":8},"end":{"line":204,"column":19}},"92":{"start":{"line":205,"column":8},"end":{"line":205,"column":25}},"93":{"start":{"line":208,"column":4},"end":{"line":210,"column":5}},"94":{"start":{"line":209,"column":6},"end":{"line":209,"column":79}},"95":{"start":{"line":216,"column":17},"end":{"line":216,"column":37}},"96":{"start":{"line":217,"column":2},"end":{"line":265,"column":3}},"97":{"start":{"line":218,"column":18},"end":{"line":218,"column":40}},"98":{"start":{"line":219,"column":4},"end":{"line":219,"column":31}},"99":{"start":{"line":219,"column":24},"end":{"line":219,"column":31}},"100":{"start":{"line":221,"column":20},"end":{"line":221,"column":58}},"101":{"start":{"line":222,"column":4},"end":{"line":222,"column":37}},"102":{"start":{"line":222,"column":30},"end":{"line":222,"column":37}},"103":{"start":{"line":224,"column":19},"end":{"line":224,"column":40}},"104":{"start":{"line":225,"column":36},"end":{"line":225,"column":68}},"105":{"start":{"line":226,"column":23},"end":{"line":226,"column":58}},"106":{"start":{"line":227,"column":23},"end":{"line":227,"column":50}},"107":{"start":{"line":228,"column":22},"end":{"line":228,"column":38}},"108":{"start":{"line":229,"column":18},"end":{"line":229,"column":31}},"109":{"start":{"line":231,"column":26},"end":{"line":231,"column":56}},"110":{"start":{"line":233,"column":4},"end":{"line":245,"column":5}},"111":{"start":{"line":234,"column":6},"end":{"line":244,"column":7}},"112":{"start":{"line":235,"column":19},"end":{"line":235,"column":42}},"113":{"start":{"line":236,"column":22},"end":{"line":236,"column":46}},"114":{"start":{"line":237,"column":19},"end":{"line":237,"column":68}},"115":{"start":{"line":238,"column":8},"end":{"line":238,"column":62}},"116":{"start":{"line":238,"column":49},"end":{"line":238,"column":62}},"117":{"start":{"line":239,"column":8},"end":{"line":239,"column":56}},"118":{"start":{"line":240,"column":8},"end":{"line":240,"column":82}},"119":{"start":{"line":241,"column":13},"end":{"line":244,"column":7}},"120":{"start":{"line":242,"column":20},"end":{"line":242,"column":36}},"121":{"start":{"line":243,"column":8},"end":{"line":243,"column":100}},"122":{"start":{"line":247,"column":4},"end":{"line":247,"column":62}},"123":{"start":{"line":249,"column":15},"end":{"line":249,"column":38}},"124":{"start":{"line":250,"column":21},"end":{"line":250,"column":49}},"125":{"start":{"line":251,"column":20},"end":{"line":251,"column":50}},"126":{"start":{"line":252,"column":4},"end":{"line":252,"column":28}},"127":{"start":{"line":253,"column":20},"end":{"line":261,"column":5}},"128":{"start":{"line":262,"column":4},"end":{"line":262,"column":107}},"129":{"start":{"line":264,"column":4},"end":{"line":264,"column":21}},"130":{"start":{"line":270,"column":17},"end":{"line":270,"column":37}},"131":{"start":{"line":271,"column":2},"end":{"line":275,"column":3}},"132":{"start":{"line":272,"column":4},"end":{"line":272,"column":79}},"133":{"start":{"line":274,"column":4},"end":{"line":274,"column":21}},"134":{"start":{"line":276,"column":2},"end":{"line":279,"column":3}},"135":{"start":{"line":277,"column":4},"end":{"line":277,"column":43}},"136":{"start":{"line":278,"column":4},"end":{"line":278,"column":26}},"137":{"start":{"line":283,"column":17},"end":{"line":283,"column":37}},"138":{"start":{"line":284,"column":2},"end":{"line":288,"column":3}},"139":{"start":{"line":285,"column":4},"end":{"line":285,"column":47}},"140":{"start":{"line":287,"column":4},"end":{"line":287,"column":21}},"141":{"start":{"line":289,"column":2},"end":{"line":293,"column":3}},"142":{"start":{"line":290,"column":4},"end":{"line":290,"column":29}},"143":{"start":{"line":291,"column":4},"end":{"line":291,"column":29}},"144":{"start":{"line":292,"column":4},"end":{"line":292,"column":21}},"145":{"start":{"line":297,"column":17},"end":{"line":297,"column":37}},"146":{"start":{"line":298,"column":2},"end":{"line":308,"column":3}},"147":{"start":{"line":299,"column":4},"end":{"line":299,"column":32}},"148":{"start":{"line":300,"column":4},"end":{"line":300,"column":51}},"149":{"start":{"line":301,"column":4},"end":{"line":301,"column":113}},"150":{"start":{"line":302,"column":4},"end":{"line":302,"column":33}},"151":{"start":{"line":304,"column":4},"end":{"line":304,"column":35}},"152":{"start":{"line":305,"column":4},"end":{"line":305,"column":12}},"153":{"start":{"line":307,"column":4},"end":{"line":307,"column":21}},"154":{"start":{"line":309,"column":2},"end":{"line":313,"column":3}},"155":{"start":{"line":310,"column":4},"end":{"line":310,"column":29}},"156":{"start":{"line":311,"column":4},"end":{"line":311,"column":29}},"157":{"start":{"line":312,"column":4},"end":{"line":312,"column":21}},"158":{"start":{"line":314,"column":2},"end":{"line":314,"column":26}},"159":{"start":{"line":315,"column":2},"end":{"line":317,"column":4}},"160":{"start":{"line":321,"column":17},"end":{"line":321,"column":37}},"161":{"start":{"line":322,"column":2},"end":{"line":337,"column":3}},"162":{"start":{"line":323,"column":18},"end":{"line":323,"column":40}},"163":{"start":{"line":324,"column":15},"end":{"line":324,"column":38}},"164":{"start":{"line":325,"column":16},"end":{"line":325,"column":44}},"165":{"start":{"line":326,"column":17},"end":{"line":326,"column":47}},"166":{"start":{"line":327,"column":4},"end":{"line":334,"column":6}},"167":{"start":{"line":336,"column":4},"end":{"line":336,"column":21}},"168":{"start":{"line":341,"column":2},"end":{"line":341,"column":21}},"169":{"start":{"line":341,"column":14},"end":{"line":341,"column":21}},"170":{"start":{"line":342,"column":2},"end":{"line":357,"column":7}},"171":{"start":{"line":343,"column":4},"end":{"line":356,"column":5}},"172":{"start":{"line":344,"column":21},"end":{"line":344,"column":41}},"173":{"start":{"line":345,"column":6},"end":{"line":353,"column":7}},"174":{"start":{"line":346,"column":22},"end":{"line":346,"column":44}},"175":{"start":{"line":347,"column":8},"end":{"line":350,"column":9}},"176":{"start":{"line":348,"column":10},"end":{"line":348,"column":49}},"177":{"start":{"line":349,"column":10},"end":{"line":349,"column":32}},"178":{"start":{"line":352,"column":8},"end":{"line":352,"column":25}},"179":{"start":{"line":355,"column":6},"end":{"line":355,"column":81}},"180":{"start":{"line":361,"column":2},"end":{"line":361,"column":43}},"181":{"start":{"line":361,"column":26},"end":{"line":361,"column":43}},"182":{"start":{"line":362,"column":2},"end":{"line":362,"column":17}},"183":{"start":{"line":363,"column":2},"end":{"line":363,"column":19}},"184":{"start":{"line":366,"column":0},"end":{"line":366,"column":18}}},"fnMap":{"0":{"name":"ensurePublicDir","decl":{"start":{"line":35,"column":15},"end":{"line":35,"column":30}},"loc":{"start":{"line":35,"column":33},"end":{"line":37,"column":1}},"line":35},"1":{"name":"(anonymous_1)","decl":{"start":{"line":36,"column":62},"end":{"line":36,"column":63}},"loc":{"start":{"line":36,"column":68},"end":{"line":36,"column":70}},"line":36},"2":{"name":"getLiveConfig","decl":{"start":{"line":40,"column":22},"end":{"line":40,"column":35}},"loc":{"start":{"line":40,"column":38},"end":{"line":48,"column":1}},"line":40},"3":{"name":"setLiveConfig","decl":{"start":{"line":50,"column":22},"end":{"line":50,"column":35}},"loc":{"start":{"line":50,"column":44},"end":{"line":63,"column":1}},"line":50},"4":{"name":"getState","decl":{"start":{"line":66,"column":15},"end":{"line":66,"column":23}},"loc":{"start":{"line":66,"column":32},"end":{"line":72,"column":1}},"line":66},"5":{"name":"setState","decl":{"start":{"line":74,"column":15},"end":{"line":74,"column":23}},"loc":{"start":{"line":74,"column":40},"end":{"line":80,"column":1}},"line":74},"6":{"name":"(anonymous_6)","decl":{"start":{"line":77,"column":26},"end":{"line":77,"column":27}},"loc":{"start":{"line":77,"column":36},"end":{"line":77,"column":54}},"line":77},"7":{"name":"(anonymous_7)","decl":{"start":{"line":78,"column":24},"end":{"line":78,"column":25}},"loc":{"start":{"line":78,"column":29},"end":{"line":78,"column":38}},"line":78},"8":{"name":"selectRecentCandles","decl":{"start":{"line":82,"column":15},"end":{"line":82,"column":34}},"loc":{"start":{"line":82,"column":56},"end":{"line":97,"column":1}},"line":82},"9":{"name":"(anonymous_9)","decl":{"start":{"line":89,"column":28},"end":{"line":89,"column":29}},"loc":{"start":{"line":89,"column":34},"end":{"line":96,"column":3}},"line":89},"10":{"name":"equityNow","decl":{"start":{"line":99,"column":15},"end":{"line":99,"column":24}},"loc":{"start":{"line":99,"column":33},"end":{"line":105,"column":1}},"line":99},"11":{"name":"lastTrades","decl":{"start":{"line":107,"column":15},"end":{"line":107,"column":25}},"loc":{"start":{"line":107,"column":42},"end":{"line":124,"column":1}},"line":107},"12":{"name":"(anonymous_12)","decl":{"start":{"line":115,"column":18},"end":{"line":115,"column":19}},"loc":{"start":{"line":115,"column":24},"end":{"line":123,"column":3}},"line":115},"13":{"name":"getOpenPositions","decl":{"start":{"line":126,"column":22},"end":{"line":126,"column":38}},"loc":{"start":{"line":126,"column":47},"end":{"line":141,"column":1}},"line":126},"14":{"name":"(anonymous_14)","decl":{"start":{"line":128,"column":18},"end":{"line":128,"column":19}},"loc":{"start":{"line":128,"column":24},"end":{"line":140,"column":3}},"line":128},"15":{"name":"openPosition","decl":{"start":{"line":143,"column":15},"end":{"line":143,"column":27}},"loc":{"start":{"line":143,"column":65},"end":{"line":161,"column":1}},"line":143},"16":{"name":"closePosition","decl":{"start":{"line":163,"column":15},"end":{"line":163,"column":28}},"loc":{"start":{"line":163,"column":89},"end":{"line":181,"column":1}},"line":163},"17":{"name":"applyRiskAndStops","decl":{"start":{"line":183,"column":15},"end":{"line":183,"column":32}},"loc":{"start":{"line":183,"column":64},"end":{"line":212,"column":1}},"line":183},"18":{"name":"step","decl":{"start":{"line":215,"column":15},"end":{"line":215,"column":19}},"loc":{"start":{"line":215,"column":22},"end":{"line":266,"column":1}},"line":215},"19":{"name":"startLive","decl":{"start":{"line":269,"column":22},"end":{"line":269,"column":31}},"loc":{"start":{"line":269,"column":34},"end":{"line":280,"column":1}},"line":269},"20":{"name":"stopLive","decl":{"start":{"line":282,"column":22},"end":{"line":282,"column":30}},"loc":{"start":{"line":282,"column":33},"end":{"line":294,"column":1}},"line":282},"21":{"name":"resetLive","decl":{"start":{"line":296,"column":22},"end":{"line":296,"column":31}},"loc":{"start":{"line":296,"column":34},"end":{"line":318,"column":1}},"line":296},"22":{"name":"getLiveState","decl":{"start":{"line":320,"column":22},"end":{"line":320,"column":34}},"loc":{"start":{"line":320,"column":37},"end":{"line":338,"column":1}},"line":320},"23":{"name":"startBackground","decl":{"start":{"line":340,"column":9},"end":{"line":340,"column":24}},"loc":{"start":{"line":340,"column":27},"end":{"line":358,"column":1}},"line":340},"24":{"name":"(anonymous_24)","decl":{"start":{"line":342,"column":3},"end":{"line":342,"column":4}},"loc":{"start":{"line":342,"column":15},"end":{"line":357,"column":3}},"line":342},"25":{"name":"stopBackground","decl":{"start":{"line":360,"column":16},"end":{"line":360,"column":30}},"loc":{"start":{"line":360,"column":33},"end":{"line":364,"column":1}},"line":360}},"branchMap":{"0":{"loc":{"start":{"line":21,"column":0},"end":{"line":23,"column":1}},"type":"if","locations":[{"start":{"line":21,"column":0},"end":{"line":23,"column":1}},{"start":{},"end":{}}],"line":21},"1":{"loc":{"start":{"line":53,"column":2},"end":{"line":53,"column":86}},"type":"if","locations":[{"start":{"line":53,"column":2},"end":{"line":53,"column":86}},{"start":{},"end":{}}],"line":53},"2":{"loc":{"start":{"line":53,"column":6},"end":{"line":53,"column":55}},"type":"binary-expr","locations":[{"start":{"line":53,"column":6},"end":{"line":53,"column":35}},{"start":{"line":53,"column":39},"end":{"line":53,"column":55}}],"line":53},"3":{"loc":{"start":{"line":54,"column":2},"end":{"line":54,"column":86}},"type":"if","locations":[{"start":{"line":54,"column":2},"end":{"line":54,"column":86}},{"start":{},"end":{}}],"line":54},"4":{"loc":{"start":{"line":54,"column":6},"end":{"line":54,"column":55}},"type":"binary-expr","locations":[{"start":{"line":54,"column":6},"end":{"line":54,"column":35}},{"start":{"line":54,"column":39},"end":{"line":54,"column":55}}],"line":54},"5":{"loc":{"start":{"line":55,"column":2},"end":{"line":55,"column":99}},"type":"if","locations":[{"start":{"line":55,"column":2},"end":{"line":55,"column":99}},{"start":{},"end":{}}],"line":55},"6":{"loc":{"start":{"line":55,"column":6},"end":{"line":55,"column":62}},"type":"binary-expr","locations":[{"start":{"line":55,"column":6},"end":{"line":55,"column":38}},{"start":{"line":55,"column":42},"end":{"line":55,"column":62}}],"line":55},"7":{"loc":{"start":{"line":56,"column":2},"end":{"line":56,"column":94}},"type":"if","locations":[{"start":{"line":56,"column":2},"end":{"line":56,"column":94}},{"start":{},"end":{}}],"line":56},"8":{"loc":{"start":{"line":56,"column":6},"end":{"line":56,"column":59}},"type":"binary-expr","locations":[{"start":{"line":56,"column":6},"end":{"line":56,"column":37}},{"start":{"line":56,"column":41},"end":{"line":56,"column":59}}],"line":56},"9":{"loc":{"start":{"line":57,"column":2},"end":{"line":59,"column":3}},"type":"if","locations":[{"start":{"line":57,"column":2},"end":{"line":59,"column":3}},{"start":{},"end":{}}],"line":57},"10":{"loc":{"start":{"line":57,"column":6},"end":{"line":57,"column":72}},"type":"binary-expr","locations":[{"start":{"line":57,"column":6},"end":{"line":57,"column":43}},{"start":{"line":57,"column":47},"end":{"line":57,"column":72}}],"line":57},"11":{"loc":{"start":{"line":60,"column":2},"end":{"line":60,"column":85}},"type":"if","locations":[{"start":{"line":60,"column":2},"end":{"line":60,"column":85}},{"start":{},"end":{}}],"line":60},"12":{"loc":{"start":{"line":68,"column":2},"end":{"line":70,"column":3}},"type":"if","locations":[{"start":{"line":68,"column":2},"end":{"line":70,"column":3}},{"start":{},"end":{}}],"line":68},"13":{"loc":{"start":{"line":76,"column":2},"end":{"line":76,"column":27}},"type":"if","locations":[{"start":{"line":76,"column":2},"end":{"line":76,"column":27}},{"start":{},"end":{}}],"line":76},"14":{"loc":{"start":{"line":82,"column":43},"end":{"line":82,"column":54}},"type":"default-arg","locations":[{"start":{"line":82,"column":51},"end":{"line":82,"column":54}}],"line":82},"15":{"loc":{"start":{"line":101,"column":15},"end":{"line":101,"column":66}},"type":"cond-expr","locations":[{"start":{"line":101,"column":29},"end":{"line":101,"column":58}},{"start":{"line":101,"column":61},"end":{"line":101,"column":66}}],"line":101},"16":{"loc":{"start":{"line":103,"column":21},"end":{"line":103,"column":38}},"type":"binary-expr","locations":[{"start":{"line":103,"column":21},"end":{"line":103,"column":33}},{"start":{"line":103,"column":37},"end":{"line":103,"column":38}}],"line":103},"17":{"loc":{"start":{"line":107,"column":34},"end":{"line":107,"column":40}},"type":"default-arg","locations":[{"start":{"line":107,"column":38},"end":{"line":107,"column":40}}],"line":107},"18":{"loc":{"start":{"line":122,"column":10},"end":{"line":122,"column":46}},"type":"cond-expr","locations":[{"start":{"line":122,"column":26},"end":{"line":122,"column":30}},{"start":{"line":122,"column":33},"end":{"line":122,"column":46}}],"line":122},"19":{"loc":{"start":{"line":135,"column":16},"end":{"line":135,"column":64}},"type":"cond-expr","locations":[{"start":{"line":135,"column":38},"end":{"line":135,"column":42}},{"start":{"line":135,"column":45},"end":{"line":135,"column":64}}],"line":135},"20":{"loc":{"start":{"line":136,"column":13},"end":{"line":136,"column":55}},"type":"cond-expr","locations":[{"start":{"line":136,"column":32},"end":{"line":136,"column":36}},{"start":{"line":136,"column":39},"end":{"line":136,"column":55}}],"line":136},"21":{"loc":{"start":{"line":137,"column":13},"end":{"line":137,"column":55}},"type":"cond-expr","locations":[{"start":{"line":137,"column":32},"end":{"line":137,"column":36}},{"start":{"line":137,"column":39},"end":{"line":137,"column":55}}],"line":137},"22":{"loc":{"start":{"line":138,"column":16},"end":{"line":138,"column":64}},"type":"cond-expr","locations":[{"start":{"line":138,"column":38},"end":{"line":138,"column":42}},{"start":{"line":138,"column":45},"end":{"line":138,"column":64}}],"line":138},"23":{"loc":{"start":{"line":139,"column":15},"end":{"line":139,"column":61}},"type":"cond-expr","locations":[{"start":{"line":139,"column":36},"end":{"line":139,"column":40}},{"start":{"line":139,"column":43},"end":{"line":139,"column":61}}],"line":139},"24":{"loc":{"start":{"line":150,"column":2},"end":{"line":159,"column":3}},"type":"if","locations":[{"start":{"line":150,"column":2},"end":{"line":159,"column":3}},{"start":{},"end":{}}],"line":150},"25":{"loc":{"start":{"line":151,"column":19},"end":{"line":151,"column":45}},"type":"binary-expr","locations":[{"start":{"line":151,"column":19},"end":{"line":151,"column":32}},{"start":{"line":151,"column":36},"end":{"line":151,"column":45}}],"line":151},"26":{"loc":{"start":{"line":163,"column":60},"end":{"line":163,"column":77}},"type":"default-arg","locations":[{"start":{"line":163,"column":69},"end":{"line":163,"column":77}}],"line":163},"27":{"loc":{"start":{"line":169,"column":2},"end":{"line":179,"column":3}},"type":"if","locations":[{"start":{"line":169,"column":2},"end":{"line":179,"column":3}},{"start":{},"end":{}}],"line":169},"28":{"loc":{"start":{"line":170,"column":19},"end":{"line":170,"column":45}},"type":"binary-expr","locations":[{"start":{"line":170,"column":19},"end":{"line":170,"column":32}},{"start":{"line":170,"column":36},"end":{"line":170,"column":45}}],"line":170},"29":{"loc":{"start":{"line":187,"column":35},"end":{"line":187,"column":48}},"type":"binary-expr","locations":[{"start":{"line":187,"column":35},"end":{"line":187,"column":43}},{"start":{"line":187,"column":47},"end":{"line":187,"column":48}}],"line":187},"30":{"loc":{"start":{"line":188,"column":35},"end":{"line":188,"column":48}},"type":"binary-expr","locations":[{"start":{"line":188,"column":35},"end":{"line":188,"column":43}},{"start":{"line":188,"column":47},"end":{"line":188,"column":48}}],"line":188},"31":{"loc":{"start":{"line":189,"column":26},"end":{"line":189,"column":46}},"type":"binary-expr","locations":[{"start":{"line":189,"column":26},"end":{"line":189,"column":37}},{"start":{"line":189,"column":41},"end":{"line":189,"column":46}}],"line":189},"32":{"loc":{"start":{"line":190,"column":28},"end":{"line":190,"column":44}},"type":"binary-expr","locations":[{"start":{"line":190,"column":28},"end":{"line":190,"column":39}},{"start":{"line":190,"column":43},"end":{"line":190,"column":44}}],"line":190},"33":{"loc":{"start":{"line":193,"column":4},"end":{"line":207,"column":5}},"type":"if","locations":[{"start":{"line":193,"column":4},"end":{"line":207,"column":5}},{"start":{"line":196,"column":11},"end":{"line":207,"column":5}}],"line":193},"34":{"loc":{"start":{"line":193,"column":8},"end":{"line":193,"column":43}},"type":"binary-expr","locations":[{"start":{"line":193,"column":8},"end":{"line":193,"column":24}},{"start":{"line":193,"column":28},"end":{"line":193,"column":43}}],"line":193},"35":{"loc":{"start":{"line":196,"column":11},"end":{"line":207,"column":5}},"type":"if","locations":[{"start":{"line":196,"column":11},"end":{"line":207,"column":5}},{"start":{"line":199,"column":11},"end":{"line":207,"column":5}}],"line":196},"36":{"loc":{"start":{"line":196,"column":15},"end":{"line":196,"column":50}},"type":"binary-expr","locations":[{"start":{"line":196,"column":15},"end":{"line":196,"column":31}},{"start":{"line":196,"column":35},"end":{"line":196,"column":50}}],"line":196},"37":{"loc":{"start":{"line":199,"column":11},"end":{"line":207,"column":5}},"type":"if","locations":[{"start":{"line":199,"column":11},"end":{"line":207,"column":5}},{"start":{},"end":{}}],"line":199},"38":{"loc":{"start":{"line":200,"column":6},"end":{"line":206,"column":7}},"type":"if","locations":[{"start":{"line":200,"column":6},"end":{"line":206,"column":7}},{"start":{"line":203,"column":13},"end":{"line":206,"column":7}}],"line":200},"39":{"loc":{"start":{"line":203,"column":13},"end":{"line":206,"column":7}},"type":"if","locations":[{"start":{"line":203,"column":13},"end":{"line":206,"column":7}},{"start":{},"end":{}}],"line":203},"40":{"loc":{"start":{"line":208,"column":4},"end":{"line":210,"column":5}},"type":"if","locations":[{"start":{"line":208,"column":4},"end":{"line":210,"column":5}},{"start":{},"end":{}}],"line":208},"41":{"loc":{"start":{"line":219,"column":4},"end":{"line":219,"column":31}},"type":"if","locations":[{"start":{"line":219,"column":4},"end":{"line":219,"column":31}},{"start":{},"end":{}}],"line":219},"42":{"loc":{"start":{"line":222,"column":4},"end":{"line":222,"column":37}},"type":"if","locations":[{"start":{"line":222,"column":4},"end":{"line":222,"column":37}},{"start":{},"end":{}}],"line":222},"43":{"loc":{"start":{"line":233,"column":4},"end":{"line":245,"column":5}},"type":"if","locations":[{"start":{"line":233,"column":4},"end":{"line":245,"column":5}},{"start":{},"end":{}}],"line":233},"44":{"loc":{"start":{"line":234,"column":6},"end":{"line":244,"column":7}},"type":"if","locations":[{"start":{"line":234,"column":6},"end":{"line":244,"column":7}},{"start":{"line":241,"column":13},"end":{"line":244,"column":7}}],"line":234},"45":{"loc":{"start":{"line":234,"column":10},"end":{"line":234,"column":82}},"type":"binary-expr","locations":[{"start":{"line":234,"column":10},"end":{"line":234,"column":35}},{"start":{"line":234,"column":39},"end":{"line":234,"column":82}}],"line":234},"46":{"loc":{"start":{"line":237,"column":19},"end":{"line":237,"column":68}},"type":"cond-expr","locations":[{"start":{"line":237,"column":31},"end":{"line":237,"column":60}},{"start":{"line":237,"column":63},"end":{"line":237,"column":68}}],"line":237},"47":{"loc":{"start":{"line":238,"column":8},"end":{"line":238,"column":62}},"type":"if","locations":[{"start":{"line":238,"column":8},"end":{"line":238,"column":62}},{"start":{},"end":{}}],"line":238},"48":{"loc":{"start":{"line":238,"column":12},"end":{"line":238,"column":47}},"type":"binary-expr","locations":[{"start":{"line":238,"column":12},"end":{"line":238,"column":34}},{"start":{"line":238,"column":38},"end":{"line":238,"column":47}}],"line":238},"49":{"loc":{"start":{"line":241,"column":13},"end":{"line":244,"column":7}},"type":"if","locations":[{"start":{"line":241,"column":13},"end":{"line":244,"column":7}},{"start":{},"end":{}}],"line":241},"50":{"loc":{"start":{"line":241,"column":17},"end":{"line":241,"column":71}},"type":"binary-expr","locations":[{"start":{"line":241,"column":17},"end":{"line":241,"column":43}},{"start":{"line":241,"column":47},"end":{"line":241,"column":71}}],"line":241},"51":{"loc":{"start":{"line":276,"column":2},"end":{"line":279,"column":3}},"type":"if","locations":[{"start":{"line":276,"column":2},"end":{"line":279,"column":3}},{"start":{},"end":{}}],"line":276},"52":{"loc":{"start":{"line":289,"column":2},"end":{"line":293,"column":3}},"type":"if","locations":[{"start":{"line":289,"column":2},"end":{"line":293,"column":3}},{"start":{},"end":{}}],"line":289},"53":{"loc":{"start":{"line":309,"column":2},"end":{"line":313,"column":3}},"type":"if","locations":[{"start":{"line":309,"column":2},"end":{"line":313,"column":3}},{"start":{},"end":{}}],"line":309},"54":{"loc":{"start":{"line":341,"column":2},"end":{"line":341,"column":21}},"type":"if","locations":[{"start":{"line":341,"column":2},"end":{"line":341,"column":21}},{"start":{},"end":{}}],"line":341},"55":{"loc":{"start":{"line":347,"column":8},"end":{"line":350,"column":9}},"type":"if","locations":[{"start":{"line":347,"column":8},"end":{"line":350,"column":9}},{"start":{},"end":{}}],"line":347},"56":{"loc":{"start":{"line":347,"column":12},"end":{"line":347,"column":39}},"type":"binary-expr","locations":[{"start":{"line":347,"column":12},"end":{"line":347,"column":25}},{"start":{"line":347,"column":29},"end":{"line":347,"column":39}}],"line":347},"57":{"loc":{"start":{"line":355,"column":60},"end":{"line":355,"column":79}},"type":"binary-expr","locations":[{"start":{"line":355,"column":60},"end":{"line":355,"column":66}},{"start":{"line":355,"column":70},"end":{"line":355,"column":79}}],"line":355}},"s":{"0":5,"1":5,"2":5,"3":5,"4":5,"5":5,"6":5,"7":5,"8":5,"9":2,"10":5,"11":0,"12":0,"13":0,"14":0,"15":0,"16":0,"17":0,"18":0,"19":0,"20":0,"21":0,"22":0,"23":0,"24":0,"25":0,"26":0,"27":0,"28":0,"29":0,"30":0,"31":0,"32":0,"33":1,"34":0,"35":0,"36":0,"37":0,"38":0,"39":0,"40":0,"41":0,"42":0,"43":0,"44":0,"45":0,"46":0,"47":0,"48":0,"49":0,"50":0,"51":0,"52":0,"53":0,"54":0,"55":0,"56":0,"57":0,"58":0,"59":0,"60":0,"61":0,"62":0,"63":0,"64":0,"65":0,"66":0,"67":0,"68":0,"69":0,"70":0,"71":0,"72":0,"73":0,"74":0,"75":0,"76":0,"77":0,"78":0,"79":0,"80":0,"81":0,"82":0,"83":0,"84":0,"85":0,"86":0,"87":0,"88":0,"89":0,"90":0,"91":0,"92":0,"93":0,"94":0,"95":0,"96":0,"97":0,"98":0,"99":0,"100":0,"101":0,"102":0,"103":0,"104":0,"105":0,"106":0,"107":0,"108":0,"109":0,"110":0,"111":0,"112":0,"113":0,"114":0,"115":0,"116":0,"117":0,"118":0,"119":0,"120":0,"121":0,"122":0,"123":0,"124":0,"125":0,"126":0,"127":0,"128":0,"129":0,"130":0,"131":0,"132":0,"133":0,"134":0,"135":0,"136":0,"137":0,"138":0,"139":0,"140":0,"141":0,"142":0,"143":0,"144":0,"145":0,"146":0,"147":0,"148":0,"149":0,"150":0,"151":0,"152":0,"153":0,"154":0,"155":0,"156":0,"157":0,"158":0,"159":0,"160":0,"161":0,"162":0,"163":0,"164":0,"165":0,"166":0,"167":0,"168":5,"169":4,"170":1,"171":1,"172":1,"173":1,"174":1,"175":0,"176":0,"177":0,"178":1,"179":1,"180":2,"181":0,"182":2,"183":2,"184":5},"f":{"0":0,"1":0,"2":0,"3":0,"4":1,"5":0,"6":0,"7":0,"8":0,"9":0,"10":0,"11":0,"12":0,"13":0,"14":0,"15":0,"16":0,"17":0,"18":0,"19":0,"20":0,"21":0,"22":0,"23":5,"24":1,"25":2},"b":{"0":[2,3],"1":[0,0],"2":[0,0],"3":[0,0],"4":[0,0],"5":[0,0],"6":[0,0],"7":[0,0],"8":[0,0],"9":[0,0],"10":[0,0],"11":[0,0],"12":[0,0],"13":[0,0],"14":[0],"15":[0,0],"16":[0,0],"17":[0],"18":[0,0],"19":[0,0],"20":[0,0],"21":[0,0],"22":[0,0],"23":[0,0],"24":[0,0],"25":[0,0],"26":[0],"27":[0,0],"28":[0,0],"29":[0,0],"30":[0,0],"31":[0,0],"32":[0,0],"33":[0,0],"34":[0,0],"35":[0,0],"36":[0,0],"37":[0,0],"38":[0,0],"39":[0,0],"40":[0,0],"41":[0,0],"42":[0,0],"43":[0,0],"44":[0,0],"45":[0,0],"46":[0,0],"47":[0,0],"48":[0,0],"49":[0,0],"50":[0,0],"51":[0,0],"52":[0,0],"53":[0,0],"54":[4,1],"55":[0,0],"56":[0,0],"57":[1,0]},"_coverageSchema":"1a1c01bbd47fc00a2c39e90264f33305004495a9","hash":"1f444a2cb59a666a0f42e8f00f24cbfbac85044e"}
,"/home/laimonas/git/crypto-signals/src/liveRunner.js": {"path":"/home/laimonas/git/crypto-signals/src/liveRunner.js","statementMap":{"0":{"start":{"line":2,"column":0},"end":{"line":2,"column":52}},"1":{"start":{"line":16,"column":19},"end":{"line":22,"column":3}},"2":{"start":{"line":23,"column":18},"end":{"line":30,"column":5}},"3":{"start":{"line":23,"column":43},"end":{"line":30,"column":3}},"4":{"start":{"line":31,"column":22},"end":{"line":31,"column":76}},"5":{"start":{"line":32,"column":2},"end":{"line":38,"column":3}},"6":{"start":{"line":32,"column":15},"end":{"line":32,"column":16}},"7":{"start":{"line":33,"column":17},"end":{"line":33,"column":48}},"8":{"start":{"line":34,"column":4},"end":{"line":37,"column":5}},"9":{"start":{"line":35,"column":19},"end":{"line":35,"column":53}},"10":{"start":{"line":36,"column":6},"end":{"line":36,"column":67}},"11":{"start":{"line":36,"column":20},"end":{"line":36,"column":67}},"12":{"start":{"line":39,"column":17},"end":{"line":39,"column":48}},"13":{"start":{"line":40,"column":2},"end":{"line":40,"column":92}},"14":{"start":{"line":40,"column":14},"end":{"line":40,"column":92}},"15":{"start":{"line":41,"column":2},"end":{"line":41,"column":17}},"16":{"start":{"line":46,"column":2},"end":{"line":50,"column":4}},"17":{"start":{"line":54,"column":19},"end":{"line":58,"column":3}},"18":{"start":{"line":59,"column":2},"end":{"line":59,"column":27}},"19":{"start":{"line":59,"column":20},"end":{"line":59,"column":27}},"20":{"start":{"line":60,"column":13},"end":{"line":60,"column":20}},"21":{"start":{"line":61,"column":15},"end":{"line":61,"column":45}},"22":{"start":{"line":62,"column":2},"end":{"line":67,"column":4}},"23":{"start":{"line":68,"column":2},"end":{"line":68,"column":36}},"24":{"start":{"line":72,"column":44},"end":{"line":72,"column":54}},"25":{"start":{"line":73,"column":17},"end":{"line":73,"column":35}},"26":{"start":{"line":74,"column":2},"end":{"line":165,"column":3}},"27":{"start":{"line":75,"column":4},"end":{"line":162,"column":5}},"28":{"start":{"line":76,"column":22},"end":{"line":76,"column":68}},"29":{"start":{"line":77,"column":22},"end":{"line":77,"column":56}},"30":{"start":{"line":78,"column":24},"end":{"line":78,"column":58}},"31":{"start":{"line":79,"column":6},"end":{"line":79,"column":73}},"32":{"start":{"line":79,"column":64},"end":{"line":79,"column":73}},"33":{"start":{"line":80,"column":6},"end":{"line":161,"column":7}},"34":{"start":{"line":81,"column":22},"end":{"line":81,"column":46}},"35":{"start":{"line":82,"column":8},"end":{"line":82,"column":29}},"36":{"start":{"line":82,"column":20},"end":{"line":82,"column":29}},"37":{"start":{"line":83,"column":23},"end":{"line":83,"column":73}},"38":{"start":{"line":84,"column":27},"end":{"line":84,"column":65}},"39":{"start":{"line":85,"column":21},"end":{"line":85,"column":46}},"40":{"start":{"line":86,"column":8},"end":{"line":86,"column":28}},"41":{"start":{"line":86,"column":19},"end":{"line":86,"column":28}},"42":{"start":{"line":87,"column":8},"end":{"line":160,"column":9}},"43":{"start":{"line":88,"column":23},"end":{"line":88,"column":32}},"44":{"start":{"line":89,"column":24},"end":{"line":89,"column":47}},"45":{"start":{"line":90,"column":24},"end":{"line":90,"column":98}},"46":{"start":{"line":91,"column":24},"end":{"line":91,"column":98}},"47":{"start":{"line":92,"column":26},"end":{"line":92,"column":59}},"48":{"start":{"line":93,"column":29},"end":{"line":93,"column":64}},"49":{"start":{"line":94,"column":21},"end":{"line":94,"column":56}},"50":{"start":{"line":95,"column":21},"end":{"line":95,"column":56}},"51":{"start":{"line":96,"column":26},"end":{"line":96,"column":93}},"52":{"start":{"line":97,"column":25},"end":{"line":97,"column":59}},"53":{"start":{"line":98,"column":28},"end":{"line":98,"column":60}},"54":{"start":{"line":99,"column":10},"end":{"line":99,"column":39}},"55":{"start":{"line":100,"column":32},"end":{"line":100,"column":92}},"56":{"start":{"line":100,"column":70},"end":{"line":100,"column":91}},"57":{"start":{"line":101,"column":35},"end":{"line":101,"column":37}},"58":{"start":{"line":102,"column":10},"end":{"line":106,"column":11}},"59":{"start":{"line":103,"column":29},"end":{"line":103,"column":57}},"60":{"start":{"line":104,"column":24},"end":{"line":104,"column":62}},"61":{"start":{"line":105,"column":12},"end":{"line":105,"column":45}},"62":{"start":{"line":107,"column":22},"end":{"line":120,"column":11}},"63":{"start":{"line":121,"column":10},"end":{"line":121,"column":105}},"64":{"start":{"line":122,"column":34},"end":{"line":130,"column":12}},"65":{"start":{"line":131,"column":10},"end":{"line":131,"column":24}},"66":{"start":{"line":132,"column":10},"end":{"line":132,"column":42}},"67":{"start":{"line":133,"column":26},"end":{"line":133,"column":50}},"68":{"start":{"line":134,"column":12},"end":{"line":137,"column":13}},"69":{"start":{"line":135,"column":14},"end":{"line":135,"column":61}},"70":{"start":{"line":136,"column":14},"end":{"line":136,"column":20}},"71":{"start":{"line":138,"column":12},"end":{"line":142,"column":13}},"72":{"start":{"line":139,"column":14},"end":{"line":139,"column":59}},"73":{"start":{"line":140,"column":14},"end":{"line":140,"column":77}},"74":{"start":{"line":141,"column":14},"end":{"line":141,"column":23}},"75":{"start":{"line":143,"column":12},"end":{"line":159,"column":13}},"76":{"start":{"line":144,"column":14},"end":{"line":144,"column":87}},"77":{"start":{"line":145,"column":29},"end":{"line":145,"column":104}},"78":{"start":{"line":146,"column":14},"end":{"line":155,"column":15}},"79":{"start":{"line":148,"column":16},"end":{"line":148,"column":90}},"80":{"start":{"line":150,"column":16},"end":{"line":150,"column":90}},"81":{"start":{"line":151,"column":16},"end":{"line":151,"column":90}},"82":{"start":{"line":152,"column":16},"end":{"line":152,"column":120}},"83":{"start":{"line":154,"column":16},"end":{"line":154,"column":48}},"84":{"start":{"line":157,"column":14},"end":{"line":157,"column":61}},"85":{"start":{"line":158,"column":14},"end":{"line":158,"column":51}},"86":{"start":{"line":164,"column":4},"end":{"line":164,"column":21}},"87":{"start":{"line":168,"column":18},"end":{"line":168,"column":56}},"88":{"start":{"line":169,"column":19},"end":{"line":169,"column":23}},"89":{"start":{"line":172,"column":2},"end":{"line":172,"column":21}},"90":{"start":{"line":176,"column":2},"end":{"line":176,"column":36}},"91":{"start":{"line":177,"column":2},"end":{"line":184,"column":3}},"92":{"start":{"line":179,"column":4},"end":{"line":179,"column":26}},"93":{"start":{"line":181,"column":4},"end":{"line":181,"column":38}},"94":{"start":{"line":183,"column":4},"end":{"line":183,"column":35}},"95":{"start":{"line":188,"column":2},"end":{"line":188,"column":22}}},"fnMap":{"0":{"name":"selectRecentCandles","decl":{"start":{"line":15,"column":15},"end":{"line":15,"column":34}},"loc":{"start":{"line":15,"column":64},"end":{"line":42,"column":1}},"line":15},"1":{"name":"(anonymous_1)","decl":{"start":{"line":23,"column":37},"end":{"line":23,"column":38}},"loc":{"start":{"line":23,"column":43},"end":{"line":30,"column":3}},"line":23},"2":{"name":"openTrade","decl":{"start":{"line":45,"column":15},"end":{"line":45,"column":24}},"loc":{"start":{"line":45,"column":82},"end":{"line":51,"column":1}},"line":45},"3":{"name":"closeTrade","decl":{"start":{"line":53,"column":15},"end":{"line":53,"column":25}},"loc":{"start":{"line":53,"column":69},"end":{"line":69,"column":1}},"line":53},"4":{"name":"runOnce","decl":{"start":{"line":71,"column":22},"end":{"line":71,"column":29}},"loc":{"start":{"line":71,"column":42},"end":{"line":166,"column":1}},"line":71},"5":{"name":"(anonymous_5)","decl":{"start":{"line":100,"column":65},"end":{"line":100,"column":66}},"loc":{"start":{"line":100,"column":70},"end":{"line":100,"column":91}},"line":100},"6":{"name":"getRunnerStatus","decl":{"start":{"line":171,"column":16},"end":{"line":171,"column":31}},"loc":{"start":{"line":171,"column":34},"end":{"line":173,"column":1}},"line":171},"7":{"name":"gracefulRestart","decl":{"start":{"line":175,"column":22},"end":{"line":175,"column":37}},"loc":{"start":{"line":175,"column":46},"end":{"line":185,"column":1}},"line":175},"8":{"name":"getActiveRunnerConfig","decl":{"start":{"line":187,"column":16},"end":{"line":187,"column":37}},"loc":{"start":{"line":187,"column":40},"end":{"line":189,"column":1}},"line":187}},"branchMap":{"0":{"loc":{"start":{"line":2,"column":17},"end":{"line":2,"column":51}},"type":"binary-expr","locations":[{"start":{"line":2,"column":17},"end":{"line":2,"column":31}},{"start":{"line":2,"column":35},"end":{"line":2,"column":51}}],"line":2},"1":{"loc":{"start":{"line":15,"column":51},"end":{"line":15,"column":62}},"type":"default-arg","locations":[{"start":{"line":15,"column":59},"end":{"line":15,"column":62}}],"line":15},"2":{"loc":{"start":{"line":31,"column":22},"end":{"line":31,"column":76}},"type":"binary-expr","locations":[{"start":{"line":31,"column":22},"end":{"line":31,"column":70}},{"start":{"line":31,"column":74},"end":{"line":31,"column":76}}],"line":31},"3":{"loc":{"start":{"line":34,"column":4},"end":{"line":37,"column":5}},"type":"if","locations":[{"start":{"line":34,"column":4},"end":{"line":37,"column":5}},{"start":{},"end":{}}],"line":34},"4":{"loc":{"start":{"line":36,"column":6},"end":{"line":36,"column":67}},"type":"if","locations":[{"start":{"line":36,"column":6},"end":{"line":36,"column":67}},{"start":{},"end":{}}],"line":36},"5":{"loc":{"start":{"line":40,"column":2},"end":{"line":40,"column":92}},"type":"if","locations":[{"start":{"line":40,"column":2},"end":{"line":40,"column":92}},{"start":{},"end":{}}],"line":40},"6":{"loc":{"start":{"line":49,"column":49},"end":{"line":49,"column":61}},"type":"binary-expr","locations":[{"start":{"line":49,"column":49},"end":{"line":49,"column":55}},{"start":{"line":49,"column":59},"end":{"line":49,"column":61}}],"line":49},"7":{"loc":{"start":{"line":59,"column":2},"end":{"line":59,"column":27}},"type":"if","locations":[{"start":{"line":59,"column":2},"end":{"line":59,"column":27}},{"start":{},"end":{}}],"line":59},"8":{"loc":{"start":{"line":72,"column":10},"end":{"line":72,"column":22}},"type":"default-arg","locations":[{"start":{"line":72,"column":20},"end":{"line":72,"column":22}}],"line":72},"9":{"loc":{"start":{"line":72,"column":24},"end":{"line":72,"column":39}},"type":"default-arg","locations":[{"start":{"line":72,"column":37},"end":{"line":72,"column":39}}],"line":72},"10":{"loc":{"start":{"line":79,"column":6},"end":{"line":79,"column":73}},"type":"if","locations":[{"start":{"line":79,"column":6},"end":{"line":79,"column":73}},{"start":{},"end":{}}],"line":79},"11":{"loc":{"start":{"line":79,"column":10},"end":{"line":79,"column":62}},"type":"binary-expr","locations":[{"start":{"line":79,"column":10},"end":{"line":79,"column":31}},{"start":{"line":79,"column":35},"end":{"line":79,"column":62}}],"line":79},"12":{"loc":{"start":{"line":82,"column":8},"end":{"line":82,"column":29}},"type":"if","locations":[{"start":{"line":82,"column":8},"end":{"line":82,"column":29}},{"start":{},"end":{}}],"line":82},"13":{"loc":{"start":{"line":83,"column":53},"end":{"line":83,"column":70}},"type":"binary-expr","locations":[{"start":{"line":83,"column":53},"end":{"line":83,"column":64}},{"start":{"line":83,"column":68},"end":{"line":83,"column":70}}],"line":83},"14":{"loc":{"start":{"line":86,"column":8},"end":{"line":86,"column":28}},"type":"if","locations":[{"start":{"line":86,"column":8},"end":{"line":86,"column":28}},{"start":{},"end":{}}],"line":86},"15":{"loc":{"start":{"line":87,"column":8},"end":{"line":160,"column":9}},"type":"if","locations":[{"start":{"line":87,"column":8},"end":{"line":160,"column":9}},{"start":{},"end":{}}],"line":87},"16":{"loc":{"start":{"line":87,"column":12},"end":{"line":87,"column":55}},"type":"binary-expr","locations":[{"start":{"line":87,"column":12},"end":{"line":87,"column":31}},{"start":{"line":87,"column":35},"end":{"line":87,"column":55}}],"line":87},"17":{"loc":{"start":{"line":89,"column":24},"end":{"line":89,"column":47}},"type":"binary-expr","locations":[{"start":{"line":89,"column":24},"end":{"line":89,"column":34}},{"start":{"line":89,"column":38},"end":{"line":89,"column":47}}],"line":89},"18":{"loc":{"start":{"line":90,"column":24},"end":{"line":90,"column":98}},"type":"cond-expr","locations":[{"start":{"line":90,"column":41},"end":{"line":90,"column":68}},{"start":{"line":90,"column":71},"end":{"line":90,"column":98}}],"line":90},"19":{"loc":{"start":{"line":91,"column":24},"end":{"line":91,"column":98}},"type":"cond-expr","locations":[{"start":{"line":91,"column":41},"end":{"line":91,"column":68}},{"start":{"line":91,"column":71},"end":{"line":91,"column":98}}],"line":91},"20":{"loc":{"start":{"line":100,"column":33},"end":{"line":100,"column":56}},"type":"binary-expr","locations":[{"start":{"line":100,"column":33},"end":{"line":100,"column":50}},{"start":{"line":100,"column":54},"end":{"line":100,"column":56}}],"line":100},"21":{"loc":{"start":{"line":104,"column":24},"end":{"line":104,"column":62}},"type":"cond-expr","locations":[{"start":{"line":104,"column":33},"end":{"line":104,"column":58}},{"start":{"line":104,"column":61},"end":{"line":104,"column":62}}],"line":104},"22":{"loc":{"start":{"line":109,"column":18},"end":{"line":109,"column":51}},"type":"cond-expr","locations":[{"start":{"line":109,"column":35},"end":{"line":109,"column":41}},{"start":{"line":109,"column":44},"end":{"line":109,"column":51}}],"line":109},"23":{"loc":{"start":{"line":134,"column":12},"end":{"line":137,"column":13}},"type":"if","locations":[{"start":{"line":134,"column":12},"end":{"line":137,"column":13}},{"start":{},"end":{}}],"line":134},"24":{"loc":{"start":{"line":138,"column":12},"end":{"line":142,"column":13}},"type":"if","locations":[{"start":{"line":138,"column":12},"end":{"line":142,"column":13}},{"start":{},"end":{}}],"line":138},"25":{"loc":{"start":{"line":143,"column":12},"end":{"line":159,"column":13}},"type":"if","locations":[{"start":{"line":143,"column":12},"end":{"line":159,"column":13}},{"start":{"line":156,"column":19},"end":{"line":159,"column":13}}],"line":143}},"s":{"0":5,"1":0,"2":0,"3":0,"4":0,"5":0,"6":0,"7":0,"8":0,"9":0,"10":0,"11":0,"12":0,"13":0,"14":0,"15":0,"16":0,"17":0,"18":0,"19":0,"20":0,"21":0,"22":0,"23":0,"24":0,"25":0,"26":0,"27":0,"28":0,"29":0,"30":0,"31":0,"32":0,"33":0,"34":0,"35":0,"36":0,"37":0,"38":0,"39":0,"40":0,"41":0,"42":0,"43":0,"44":0,"45":0,"46":0,"47":0,"48":0,"49":0,"50":0,"51":0,"52":0,"53":0,"54":0,"55":0,"56":0,"57":0,"58":0,"59":0,"60":0,"61":0,"62":0,"63":0,"64":0,"65":0,"66":0,"67":0,"68":0,"69":0,"70":0,"71":0,"72":0,"73":0,"74":0,"75":0,"76":0,"77":0,"78":0,"79":0,"80":0,"81":0,"82":0,"83":0,"84":0,"85":0,"86":0,"87":5,"88":5,"89":0,"90":0,"91":0,"92":0,"93":0,"94":0,"95":0},"f":{"0":0,"1":0,"2":0,"3":0,"4":0,"5":0,"6":0,"7":0,"8":0},"b":{"0":[5,0],"1":[0],"2":[0,0],"3":[0,0],"4":[0,0],"5":[0,0],"6":[0,0],"7":[0,0],"8":[0],"9":[0],"10":[0,0],"11":[0,0],"12":[0,0],"13":[0,0],"14":[0,0],"15":[0,0],"16":[0,0],"17":[0,0],"18":[0,0],"19":[0,0],"20":[0,0],"21":[0,0],"22":[0,0],"23":[0,0],"24":[0,0],"25":[0,0]},"_coverageSchema":"1a1c01bbd47fc00a2c39e90264f33305004495a9","hash":"8e3cd470b72a3eb59318a976c0fa778f4657540e"}
,"/home/laimonas/git/crypto-signals/src/logger.js": {"path":"/home/laimonas/git/crypto-signals/src/logger.js","statementMap":{"0":{"start":{"line":5,"column":0},"end":{"line":5,"column":41}},"1":{"start":{"line":7,"column":15},"end":{"line":20,"column":1}},"2":{"start":{"line":11,"column":19},"end":{"line":11,"column":50}},"3":{"start":{"line":12,"column":6},"end":{"line":15,"column":7}},"4":{"start":{"line":13,"column":24},"end":{"line":13,"column":42}},"5":{"start":{"line":14,"column":8},"end":{"line":14,"column":68}},"6":{"start":{"line":16,"column":6},"end":{"line":16,"column":16}}},"fnMap":{"0":{"name":"(anonymous_0)","decl":{"start":{"line":10,"column":4},"end":{"line":10,"column":5}},"loc":{"start":{"line":10,"column":12},"end":{"line":17,"column":5}},"line":10}},"branchMap":{"0":{"loc":{"start":{"line":12,"column":6},"end":{"line":15,"column":7}},"type":"if","locations":[{"start":{"line":12,"column":6},"end":{"line":15,"column":7}},{"start":{},"end":{}}],"line":12}},"s":{"0":5,"1":5,"2":1,"3":1,"4":0,"5":0,"6":1},"f":{"0":1},"b":{"0":[0,1]},"_coverageSchema":"1a1c01bbd47fc00a2c39e90264f33305004495a9","hash":"7eb5fbfe6bf162fea26c4a4ee8b51c981cbb942b"}
,"/home/laimonas/git/crypto-signals/src/metrics-job.js": {"path":"/home/laimonas/git/crypto-signals/src/metrics-job.js","statementMap":{"0":{"start":{"line":3,"column":27},"end":{"line":8,"column":2}},"1":{"start":{"line":10,"column":32},"end":{"line":14,"column":2}},"2":{"start":{"line":16,"column":31},"end":{"line":20,"column":2}}},"fnMap":{},"branchMap":{},"s":{"0":4,"1":4,"2":4},"f":{},"b":{},"_coverageSchema":"1a1c01bbd47fc00a2c39e90264f33305004495a9","hash":"4946a7a1d096d848f1fe6c54ff7bc23b2e83e7a5"}
,"/home/laimonas/git/crypto-signals/src/metrics-signal.js": {"path":"/home/laimonas/git/crypto-signals/src/metrics-signal.js","statementMap":{"0":{"start":{"line":3,"column":32},"end":{"line":8,"column":2}},"1":{"start":{"line":10,"column":29},"end":{"line":14,"column":2}},"2":{"start":{"line":16,"column":32},"end":{"line":20,"column":2}},"3":{"start":{"line":22,"column":29},"end":{"line":26,"column":2}},"4":{"start":{"line":28,"column":34},"end":{"line":32,"column":2}},"5":{"start":{"line":34,"column":32},"end":{"line":38,"column":2}},"6":{"start":{"line":40,"column":30},"end":{"line":44,"column":2}}},"fnMap":{},"branchMap":{},"s":{"0":5,"1":5,"2":5,"3":5,"4":5,"5":5,"6":5},"f":{},"b":{},"_coverageSchema":"1a1c01bbd47fc00a2c39e90264f33305004495a9","hash":"af251a510661ce771def804d84058f18ece9b5af"}
,"/home/laimonas/git/crypto-signals/src/otel.js": {"path":"/home/laimonas/git/crypto-signals/src/otel.js","statementMap":{"0":{"start":{"line":9,"column":12},"end":{"line":11,"column":1}},"1":{"start":{"line":16,"column":2},"end":{"line":16,"column":22}},"2":{"start":{"line":16,"column":11},"end":{"line":16,"column":22}},"3":{"start":{"line":17,"column":24},"end":{"line":19,"column":4}},"4":{"start":{"line":20,"column":25},"end":{"line":24,"column":4}},"5":{"start":{"line":25,"column":37},"end":{"line":25,"column":50}},"6":{"start":{"line":26,"column":2},"end":{"line":37,"column":5}},"7":{"start":{"line":38,"column":2},"end":{"line":38,"column":20}},"8":{"start":{"line":39,"column":2},"end":{"line":39,"column":13}}},"fnMap":{"0":{"name":"startOtel","decl":{"start":{"line":15,"column":22},"end":{"line":15,"column":31}},"loc":{"start":{"line":15,"column":34},"end":{"line":40,"column":1}},"line":15}},"branchMap":{"0":{"loc":{"start":{"line":16,"column":2},"end":{"line":16,"column":22}},"type":"if","locations":[{"start":{"line":16,"column":2},"end":{"line":16,"column":22}},{"start":{},"end":{}}],"line":16},"1":{"loc":{"start":{"line":18,"column":9},"end":{"line":18,"column":61}},"type":"binary-expr","locations":[{"start":{"line":18,"column":9},"end":{"line":18,"column":48}},{"start":{"line":18,"column":52},"end":{"line":18,"column":61}}],"line":18},"2":{"loc":{"start":{"line":21,"column":9},"end":{"line":23,"column":17}},"type":"cond-expr","locations":[{"start":{"line":22,"column":8},"end":{"line":22,"column":84}},{"start":{"line":23,"column":8},"end":{"line":23,"column":17}}],"line":21},"3":{"loc":{"start":{"line":28,"column":24},"end":{"line":28,"column":56}},"type":"binary-expr","locations":[{"start":{"line":28,"column":24},"end":{"line":28,"column":32}},{"start":{"line":28,"column":36},"end":{"line":28,"column":56}}],"line":28},"4":{"loc":{"start":{"line":31,"column":8},"end":{"line":31,"column":57}},"type":"binary-expr","locations":[{"start":{"line":31,"column":8},"end":{"line":31,"column":37}},{"start":{"line":31,"column":41},"end":{"line":31,"column":57}}],"line":31},"5":{"loc":{"start":{"line":33,"column":8},"end":{"line":33,"column":47}},"type":"binary-expr","locations":[{"start":{"line":33,"column":8},"end":{"line":33,"column":30}},{"start":{"line":33,"column":34},"end":{"line":33,"column":47}}],"line":33}},"s":{"0":5,"1":0,"2":0,"3":0,"4":0,"5":0,"6":0,"7":0,"8":0},"f":{"0":0},"b":{"0":[0,0],"1":[0,0],"2":[0,0],"3":[0,0],"4":[0,0],"5":[0,0]},"_coverageSchema":"1a1c01bbd47fc00a2c39e90264f33305004495a9","hash":"640dce3afc4d95cc7164b554a53760103b3bb191"}
,"/home/laimonas/git/crypto-signals/src/backtest/engine.js": {"path":"/home/laimonas/git/crypto-signals/src/backtest/engine.js","statementMap":{"0":{"start":{"line":8,"column":6},"end":{"line":8,"column":12}},"1":{"start":{"line":10,"column":12},"end":{"line":10,"column":13}},"2":{"start":{"line":10,"column":23},"end":{"line":10,"column":24}},"3":{"start":{"line":10,"column":33},"end":{"line":10,"column":34}},"4":{"start":{"line":11,"column":17},"end":{"line":11,"column":19}},"5":{"start":{"line":13,"column":20},"end":{"line":18,"column":3}},"6":{"start":{"line":15,"column":17},"end":{"line":15,"column":71}},"7":{"start":{"line":16,"column":17},"end":{"line":16,"column":66}},"8":{"start":{"line":17,"column":4},"end":{"line":17,"column":27}},"9":{"start":{"line":20,"column":2},"end":{"line":48,"column":3}},"10":{"start":{"line":20,"column":15},"end":{"line":20,"column":16}},"11":{"start":{"line":21,"column":14},"end":{"line":21,"column":23}},"12":{"start":{"line":21,"column":29},"end":{"line":21,"column":38}},"13":{"start":{"line":22,"column":4},"end":{"line":22,"column":27}},"14":{"start":{"line":22,"column":18},"end":{"line":22,"column":27}},"15":{"start":{"line":24,"column":4},"end":{"line":47,"column":5}},"16":{"start":{"line":25,"column":6},"end":{"line":25,"column":14}},"17":{"start":{"line":26,"column":6},"end":{"line":26,"column":41}},"18":{"start":{"line":27,"column":6},"end":{"line":27,"column":33}},"19":{"start":{"line":28,"column":6},"end":{"line":28,"column":60}},"20":{"start":{"line":29,"column":11},"end":{"line":47,"column":5}},"21":{"start":{"line":31,"column":6},"end":{"line":46,"column":7}},"22":{"start":{"line":32,"column":24},"end":{"line":32,"column":28}},"23":{"start":{"line":33,"column":21},"end":{"line":33,"column":47}},"24":{"start":{"line":34,"column":8},"end":{"line":34,"column":98}},"25":{"start":{"line":35,"column":8},"end":{"line":35,"column":16}},"26":{"start":{"line":35,"column":17},"end":{"line":35,"column":27}},"27":{"start":{"line":35,"column":28},"end":{"line":35,"column":37}},"28":{"start":{"line":38,"column":11},"end":{"line":46,"column":7}},"29":{"start":{"line":39,"column":21},"end":{"line":39,"column":48}},"30":{"start":{"line":40,"column":8},"end":{"line":40,"column":98}},"31":{"start":{"line":41,"column":8},"end":{"line":41,"column":16}},"32":{"start":{"line":41,"column":17},"end":{"line":41,"column":27}},"33":{"start":{"line":41,"column":28},"end":{"line":41,"column":37}},"34":{"start":{"line":44,"column":22},"end":{"line":44,"column":44}},"35":{"start":{"line":45,"column":8},"end":{"line":45,"column":37}},"36":{"start":{"line":50,"column":14},"end":{"line":50,"column":69}},"37":{"start":{"line":50,"column":33},"end":{"line":50,"column":43}},"38":{"start":{"line":50,"column":59},"end":{"line":50,"column":66}},"39":{"start":{"line":51,"column":2},"end":{"line":51,"column":25}}},"fnMap":{"0":{"name":"runBacktest","decl":{"start":{"line":1,"column":16},"end":{"line":1,"column":27}},"loc":{"start":{"line":1,"column":88},"end":{"line":52,"column":1}},"line":1},"1":{"name":"(anonymous_1)","decl":{"start":{"line":13,"column":20},"end":{"line":13,"column":21}},"loc":{"start":{"line":13,"column":34},"end":{"line":18,"column":3}},"line":13},"2":{"name":"(anonymous_2)","decl":{"start":{"line":50,"column":28},"end":{"line":50,"column":29}},"loc":{"start":{"line":50,"column":33},"end":{"line":50,"column":43}},"line":50},"3":{"name":"(anonymous_3)","decl":{"start":{"line":50,"column":52},"end":{"line":50,"column":53}},"loc":{"start":{"line":50,"column":59},"end":{"line":50,"column":66}},"line":50}},"branchMap":{"0":{"loc":{"start":{"line":3,"column":4},"end":{"line":3,"column":13}},"type":"default-arg","locations":[{"start":{"line":3,"column":11},"end":{"line":3,"column":13}}],"line":3},"1":{"loc":{"start":{"line":3,"column":15},"end":{"line":3,"column":25}},"type":"default-arg","locations":[{"start":{"line":3,"column":23},"end":{"line":3,"column":25}}],"line":3},"2":{"loc":{"start":{"line":4,"column":4},"end":{"line":4,"column":13}},"type":"default-arg","locations":[{"start":{"line":4,"column":12},"end":{"line":4,"column":13}}],"line":4},"3":{"loc":{"start":{"line":5,"column":4},"end":{"line":5,"column":20}},"type":"default-arg","locations":[{"start":{"line":5,"column":17},"end":{"line":5,"column":20}}],"line":5},"4":{"loc":{"start":{"line":6,"column":4},"end":{"line":6,"column":17}},"type":"default-arg","locations":[{"start":{"line":6,"column":11},"end":{"line":6,"column":17}}],"line":6},"5":{"loc":{"start":{"line":7,"column":4},"end":{"line":7,"column":22}},"type":"default-arg","locations":[{"start":{"line":7,"column":16},"end":{"line":7,"column":22}}],"line":7},"6":{"loc":{"start":{"line":15,"column":17},"end":{"line":15,"column":71}},"type":"cond-expr","locations":[{"start":{"line":15,"column":35},"end":{"line":15,"column":50}},{"start":{"line":15,"column":55},"end":{"line":15,"column":70}}],"line":15},"7":{"loc":{"start":{"line":16,"column":17},"end":{"line":16,"column":66}},"type":"cond-expr","locations":[{"sta
[...]
,"/home/laimonas/git/crypto-signals/src/signal/indicators/rsi14.js": {"path":"/home/laimonas/git/crypto-signals/src/signal/indicators/rsi14.js","statementMap":{"0":{"start":{"line":5,"column":2},"end":{"line":5,"column":98}}},"fnMap":{"0":{"name":"rsi14Instrumented","decl":{"start":{"line":4,"column":16},"end":{"line":4,"column":33}},"loc":{"start":{"line":4,"column":75},"end":{"line":6,"column":1}},"line":4}},"branchMap":{},"s":{"0":0},"f":{"0":0},"b":{},"_coverageSchema":"1a1c01bbd47fc00a2c39e90264f33305004495a9","hash":"714015ea7909552de44393d6eebc0a2d823c4b6c"}
,"/home/laimonas/git/crypto-signals/src/signal/indicators/trend.core.js": {"path":"/home/laimonas/git/crypto-signals/src/signal/indicators/trend.core.js","statementMap":{"0":{"start":{"line":4,"column":2},"end":{"line":4,"column":27}}},"fnMap":{"0":{"name":"computeTrend","decl":{"start":{"line":3,"column":16},"end":{"line":3,"column":28}},"loc":{"start":{"line":3,"column":38},"end":{"line":5,"column":1}},"line":3}},"branchMap":{},"s":{"0":0},"f":{"0":0},"b":{},"_coverageSchema":"1a1c01bbd47fc00a2c39e90264f33305004495a9","hash":"63de897e9088b571553bbd085c508579e520bfa5"}
,"/home/laimonas/git/crypto-signals/src/signal/indicators/trend.js": {"path":"/home/laimonas/git/crypto-signals/src/signal/indicators/trend.js","statementMap":{"0":{"start":{"line":5,"column":2},"end":{"line":5,"column":98}}},"fnMap":{"0":{"name":"trendInstrumented","decl":{"start":{"line":4,"column":16},"end":{"line":4,"column":33}},"loc":{"start":{"line":4,"column":75},"end":{"line":6,"column":1}},"line":4}},"branchMap":{},"s":{"0":0},"f":{"0":0},"b":{},"_coverageSchema":"1a1c01bbd47fc00a2c39e90264f33305004495a9","hash":"e3833cb24562ebd0d0504081614080a7add1352b"}
,"/home/laimonas/git/crypto-signals/src/storage/db.js": {"path":"/home/laimonas/git/crypto-signals/src/storage/db.js","statementMap":{"0":{"start":{"line":2,"column":17},"end":{"line":2,"column":19}},"1":{"start":{"line":5,"column":12},"end":{"line":8,"column":1}},"2":{"start":{"line":10,"column":13},"end":{"line":10,"column":26}},"3":{"start":{"line":12,"column":12},"end":{"line":12,"column":17}},"4":{"start":{"line":13,"column":14},"end":{"line":13,"column":15}},"5":{"start":{"line":14,"column":21},"end":{"line":14,"column":66}},"6":{"start":{"line":17,"column":2},"end":{"line":27,"column":3}},"7":{"start":{"line":18,"column":4},"end":{"line":18,"column":33}},"8":{"start":{"line":19,"column":4},"end":{"line":19,"column":17}},"9":{"start":{"line":20,"column":4},"end":{"line":20,"column":16}},"10":{"start":{"line":21,"column":4},"end":{"line":21,"column":34}},"11":{"start":{"line":23,"column":4},"end":{"line":23,"column":17}},"12":{"start":{"line":24,"column":18},"end":{"line":24,"column":74}},"13":{"start":{"line":25,"column":4},"end":{"line":25,"column":85}},"14":{"start":{"line":26,"column":4},"end":{"line":26,"column":40}},"15":{"start":{"line":29,"column":0},"end":{"line":29,"column":11}},"16":{"start":{"line":32,"column":2},"end":{"line":32,"column":14}},"17":{"start":{"line":35,"column":2},"end":{"line":35,"column":15}},"18":{"start":{"line":37,"column":18},"end":{"line":37,"column":22}},"19":{"start":{"line":40,"column":2},"end":{"line":44,"column":3}},"20":{"start":{"line":41,"column":4},"end":{"line":41,"column":21}},"21":{"start":{"line":50,"column":17},"end":{"line":50,"column":37}},"22":{"start":{"line":51,"column":19},"end":{"line":53,"column":3}},"23":{"start":{"line":52,"column":4},"end":{"line":52,"column":54}},"24":{"start":{"line":52,"column":33},"end":{"line":52,"column":54}},"25":{"start":{"line":54,"column":2},"end":{"line":54,"column":42}},"26":{"start":{"line":55,"column":2},"end":{"line":55,"column":38}},"27":{"start":{"line":56,"column":2},"end":{"line":60,"column":4}},"28":{"start":{"line":57,"column":4},"end":{"line":57,"column":77}},"29":{"start":{"line":57,"column":10},"end":{"line":57,"column":52}},"30":{"start":{"line":58,"column":4},"end":{"line":58,"column":52}},"31":{"start":{"line":59,"column":4},"end":{"line":59,"column":21}},"32":{"start":{"line":64,"column":17},"end":{"line":64,"column":83}},"33":{"start":{"line":65,"column":2},"end":{"line":65,"column":27}},"34":{"start":{"line":66,"column":2},"end":{"line":66,"column":41}},"35":{"start":{"line":69,"column":0},"end":{"line":74,"column":1}},"36":{"start":{"line":70,"column":2},"end":{"line":73,"column":5}},"37":{"start":{"line":71,"column":4},"end":{"line":71,"column":51}},"38":{"start":{"line":72,"column":4},"end":{"line":72,"column":20}}},"fnMap":{"0":{"name":"pingOnce","decl":{"start":{"line":16,"column":15},"end":{"line":16,"column":23}},"loc":{"start":{"line":16,"column":26},"end":{"line":28,"column":1}},"line":16},"1":{"name":"getDbPool","decl":{"start":{"line":31,"column":16},"end":{"line":31,"column":25}},"loc":{"start":{"line":31,"column":28},"end":{"line":33,"column":1}},"line":31},"2":{"name":"isDbReady","decl":{"start":{"line":34,"column":16},"end":{"line":34,"column":25}},"loc":{"start":{"line":34,"column":28},"end":{"line":36,"column":1}},"line":34},"3":{"name":"endPool","decl":{"start":{"line":39,"column":22},"end":{"line":39,"column":29}},"loc":{"start":{"line":39,"column":32},"end":{"line":45,"column":1}},"line":39},"4":{"name":"listen","decl":{"start":{"line":49,"column":22},"end":{"line":49,"column":28}},"loc":{"start":{"line":49,"column":47},"end":{"line":61,"column":1}},"line":49},"5":{"name":"(anonymous_5)","decl":{"start":{"line":51,"column":19},"end":{"line":51,"column":20}},"loc":{"start":{"line":51,"column":28},"end":{"line":53,"column":3}},"line":51},"6":{"name":"(anonymous_6)","decl":{"start":{"line":56,"column":9},"end":{"line":56,"column":10}},"loc":{"start":{"line":56,"column":21},"end":{"line":60,"column":3}},"line":56},"7":{"name":"init","decl":{"start":{"line":63,"column":22},"end":{"line":63,"column":26}},"loc":{"start":{"line":63,"column":29},"end":{"line":67,"column":1}},"line":63},"8":{"name":"(anonymous_8)","decl":{"start":{"line":70,"column":15},"end":{"line":70,"column":16}},"loc":{"start":{"line":70,"column":22},"end":{"line":73,"column":3}},"line":70}},"branchMap":{"0":{"loc":{"start":{"line":7,"column":7},"end":{"line":7,"column":86}},"type":"cond-expr","locations":[{"start":{"line":7,"column":45},"end":{"line":7,"column":74}},{"start":{"line":7,"column":77},"end":{"line":7,"column":86}}],"line":7},"1":{"loc":{"start":{"line":14,"column":23},"end":{"line":14,"column":65}},"type":"binary-expr","locations":[{"start":{"line":14,"column":23},"end":{"line":14,"column":56}},{"start":{"line":14,"column":60},"end":{"line":14,"column":65}}],"line":14},"2":{"loc":{"start":{"line":52,"column":4},"end":{"line":52,"column":54}},"type":"if","locations":[{"start":{"line":52,"column":4},"end":{"line":52,"column":54}},{"start":{},"end":{}}],"line":52},"3":{"loc":{"start":{"line":69,"column":0},"end":{"line":74,"column":1}},"type":"if","locations":[{"start":{"line":69,"column":0},"end":{"line":74,"column":1}},{"start":{},"end":{}}],"line":69}},"s":{"0":2,"1":2,"2":2,"3":2,"4":2,"5":2,"6":2,"7":2,"8":2,"9":2,"10":2,"11":0,"12":0,"13":0,"14":0,"15":2,"16":2,"17":2,"18":2,"19":2,"20":2,"21":0,"22":0,"23":0,"24":0,"25":0,"26":0,"27":0,"28":0,"29":0,"30":0,"31":0,"32":0,"33":0,"34":0,"35":2,"36":0,"37":0,"38":0},"f":{"0":2,"1":2,"2":2,"3":2,"4":0,"5":0,"6":0,"7":0,"8":0},"b":{"0":[0,2],"1":[2,2],"2":[0,0],"3":[0,2]},"_coverageSchema":"1a1c01bbd47fc00a2c39e90264f33305004495a9","hash":"40f5a9e6fecf1d16053390c8e19c9ea58c5a1bee"}
,"/home/laimonas/git/crypto-signals/src/strategies/adx.js": {"path":"/home/laimonas/git/crypto-signals/src/strategies/adx.js","statementMap":{"0":{"start":{"line":1,"column":18},"end":{"line":1,"column":23}},"1":{"start":{"line":2,"column":29},"end":{"line":2,"column":43}},"2":{"start":{"line":5,"column":2},"end":{"line":5,"column":12}}},"fnMap":{"0":{"name":"generateSignals","decl":{"start":{"line":4,"column":16},"end":{"line":4,"column":31}},"loc":{"start":{"line":4,"column":56},"end":{"line":6,"column":1}},"line":4}},"branchMap":{"0":{"loc":{"start":{"line":4,"column":42},"end":{"line":4,"column":54}},"type":"default-arg","locations":[{"start":{"line":4,"column":52},"end":{"line":4,"column":54}}],"line":4}},"s":{"0":5,"1":5,"2":0},"f":{"0":0},"b":{"0":[0]},"_coverageSchema":"1a1c01bbd47fc00a2c39e90264f33305004495a9","hash":"29f3d3a2ad0fbd86f3262c682459e4e2f16141d6"}
,"/home/laimonas/git/crypto-signals/src/strategies/ema.js": {"path":"/home/laimonas/git/crypto-signals/src/strategies/ema.js","statementMap":{"0":{"start":{"line":4,"column":18},"end":{"line":4,"column":23}},"1":{"start":{"line":5,"column":29},"end":{"line":14,"column":1}},"2":{"start":{"line":32,"column":6},"end":{"line":32,"column":37}},"3":{"start":{"line":34,"column":13},"end":{"line":34,"column":43}},"4":{"start":{"line":34,"column":30},"end":{"line":34,"column":42}},"5":{"start":{"line":35,"column":15},"end":{"line":35,"column":47}},"6":{"start":{"line":35,"column":32},"end":{"line":35,"column":46}},"7":{"start":{"line":36,"column":15},"end":{"line":36,"column":47}},"8":{"start":{"line":36,"column":32},"end":{"line":36,"column":46}},"9":{"start":{"line":37,"column":14},"end":{"line":37,"column":45}},"10":{"start":{"line":37,"column":31},"end":{"line":37,"column":44}},"11":{"start":{"line":38,"column":16},"end":{"line":38,"column":49}},"12":{"start":{"line":38,"column":33},"end":{"line":38,"column":48}},"13":{"start":{"line":40,"column":17},"end":{"line":40,"column":31}},"14":{"start":{"line":41,"column":17},"end":{"line":41,"column":42}},"15":{"start":{"line":42,"column":17},"end":{"line":42,"column":32}},"16":{"start":{"line":43,"column":17},"end":{"line":43,"column":33}},"17":{"start":{"line":45,"column":20},"end":{"line":49,"column":4}},"18":{"start":{"line":46,"column":14},"end":{"line":46,"column":25}},"19":{"start":{"line":47,"column":4},"end":{"line":47,"column":28}},"20":{"start":{"line":47,"column":19},"end":{"line":47,"column":28}},"21":{"start":{"line":48,"column":4},"end":{"line":48,"column":36}},"22":{"start":{"line":51,"column":37},"end":{"line":55,"column":3}},"23":{"start":{"line":57,"column":17},"end":{"line":62,"column":5}},"24":{"start":{"line":57,"column":45},"end":{"line":62,"column":3}},"25":{"start":{"line":64,"column":2},"end":{"line":64,"column":25}}},"fnMap":{"0":{"name":"generateSignals","decl":{"start":{"line":22,"column":16},"end":{"line":22,"column":31}},"loc":{"start":{"line":22,"column":54},"end":{"line":65,"column":1}},"line":22},"1":{"name":"(anonymous_1)","decl":{"start":{"line":34,"column":25},"end":{"line":34,"column":26}},"loc":{"start":{"line":34,"column":30},"end":{"line":34,"column":42}},"line":34},"2":{"name":"(anonymous_2)","decl":{"start":{"line":35,"column":27},"end":{"line":35,"column":28}},"loc":{"start":{"line":35,"column":32},"end":{"line":35,"column":46}},"line":35},"3":{"name":"(anonymous_3)","decl":{"start":{"line":36,"column":27},"end":{"line":36,"column":28}},"loc":{"start":{"line":36,"column":32},"end":{"line":36,"column":46}},"line":36},"4":{"name":"(anonymous_4)","decl":{"start":{"line":37,"column":26},"end":{"line":37,"column":27}},"loc":{"start":{"line":37,"column":31},"end":{"line":37,"column":44}},"line":37},"5":{"name":"(anonymous_5)","decl":{"start":{"line":38,"column":28},"end":{"line":38,"column":29}},"loc":{"start":{"line":38,"column":33},"end":{"line":38,"column":48}},"line":38},"6":{"name":"(anonymous_6)","decl":{"start":{"line":45,"column":31},"end":{"line":45,"column":32}},"loc":{"start":{"line":45,"column":41},"end":{"line":49,"column":3}},"line":45},"7":{"name":"(anonymous_7)","decl":{"start":{"line":57,"column":39},"end":{"line":57,"column":40}},"loc":{"start":{"line":57,"column":45},"end":{"line":62,"column":3}},"line":57}},"branchMap":{"0":{"loc":{"start":{"line":22,"column":41},"end":{"line":22,"column":52}},"type":"default-arg","locations":[{"start":{"line":22,"column":50},"end":{"line":22,"column":52}}],"line":22},"1":{"loc":{"start":{"line":47,"column":4},"end":{"line":47,"column":28}},"type":"if","locations":[{"start":{"line":47,"column":4},"end":{"line":47,"column":28}},{"start":{},"end":{}}],"line":47},"2":{"loc":{"start":{"line":48,"column":11},"end":{"line":48,"column":35}},"type":"cond-expr","locations":[{"start":{"line":48,"column":27},"end":{"line":48,"column":28}},{"start":{"line":48,"column":31},"end":{"line":48,"column":35}}],"line":48},"3":{"loc":{"start":{"line":57,"column":18},"end":{"line":57,"column":33}},"type":"binary-expr","locations":[{"start":{"line":57,"column":18},"end":{"line":57,"column":27}},{"start":{"line":57,"column":31},"end":{"line":57,"column":33}}],"line":57},"4":{"loc":{"start":{"line":59,"column":10},"end":{"line":59,"column":44}},"type":"cond-expr","locations":[{"start":{"line":59,"column":30},"end":{"line":59,"column":36}},{"start":{"line":59,"column":39},"end":{"line":59,"column":44}}],"line":59},"5":{"loc":{"start":{"line":61,"column":10},"end":{"line":61,"column":51}},"type":"cond-expr","locations":[{"start":{"line":61,"column":26},"end":{"line":61,"column":35}},{"start":{"line":61,"column":38},"end":{"line":61,"column":51}}],"line":61}},"s":{"0":5,"1":5,"2":0,"3":0,"4":0,"5":0,"6":0,"7":0,"8":0,"9":0,"10":0,"11":0,"12":0,"13":0,"14":0,"15":0,"16":0,"17":0,"18":0,"19":0,"20":0,"21":0,"22":0,"23":0,"24":0,"25":0},"f":{"0":0,"1":0,"2":0,"3":0,"4":0,"5":0,"6":0,"7":0},"b":{"0":[0],"1":[0,0],"2":[0,0],"3":[0,0],"4":[0,0],"5":[0,0]},"_coverageSchema":"1a1c01bbd47fc00a2c39e90264f33305004495a9","hash":"78f662bc9a4a78aca8d06a8103c31423d0b90220"}
,"/home/laimonas/git/crypto-signals/src/strategies/index.js": {"path":"/home/laimonas/git/crypto-signals/src/strategies/index.js","statementMap":{"0":{"start":{"line":5,"column":19},"end":{"line":5,"column":50}},"1":{"start":{"line":8,"column":2},"end":{"line":8,"column":20}},"2":{"start":{"line":12,"column":2},"end":{"line":12,"column":43}},"3":{"start":{"line":12,"column":30},"end":{"line":12,"column":41}}},"fnMap":{"0":{"name":"getStrategies","decl":{"start":{"line":7,"column":16},"end":{"line":7,"column":29}},"loc":{"start":{"line":7,"column":32},"end":{"line":9,"column":1}},"line":7},"1":{"name":"getStrategyById","decl":{"start":{"line":11,"column":16},"end":{"line":11,"column":31}},"loc":{"start":{"line":11,"column":36},"end":{"line":13,"column":1}},"line":11},"2":{"name":"(anonymous_2)","decl":{"start":{"line":12,"column":25},"end":{"line":12,"column":26}},"loc":{"start":{"line":12,"column":30},"end":{"line":12,"column":41}},"line":12}},"branchMap":{},"s":{"0":5,"1":0,"2":0,"3":0},"f":{"0":0,"1":0,"2":0},"b":{},"_coverageSchema":"1a1c01bbd47fc00a2c39e90264f33305004495a9","hash":"33ae6e11a1edb3d40c47dafb5c435899d18c3a59"}
,"/home/laimonas/git/crypto-signals/src/strategies/rsi.js": {"path":"/home/laimonas/git/crypto-signals/src/strategies/rsi.js","statementMap":{"0":{"start":{"line":1,"column":18},"end":{"line":1,"column":23}},"1":{"start":{"line":2,"column":29},"end":{"line":2,"column":72}},"2":{"start":{"line":5,"column":2},"end":{"line":5,"column":12}}},"fnMap":{"0":{"name":"generateSignals","decl":{"start":{"line":4,"column":16},"end":{"line":4,"column":31}},"loc":{"start":{"line":4,"column":56},"end":{"line":6,"column":1}},"line":4}},"branchMap":{"0":{"loc":{"start":{"line":4,"column":42},"end":{"line":4,"column":54}},"type":"default-arg","locations":[{"start":{"line":4,"column":52},"end":{"line":4,"column":54}}],"line":4}},"s":{"0":5,"1":5,"2":0},"f":{"0":0},"b":{"0":[0]},"_coverageSchema":"1a1c01bbd47fc00a2c39e90264f33305004495a9","hash":"907b6fe09d5d412c89e060959c87772651ded714"}
,"/home/laimonas/git/crypto-signals/src/strategy/trend.js": {"path":"/home/laimonas/git/crypto-signals/src/strategy/trend.js","statementMap":{"0":{"start":{"line":2,"column":2},"end":{"line":2,"column":42}},"1":{"start":{"line":2,"column":30},"end":{"line":2,"column":42}},"2":{"start":{"line":3,"column":12},"end":{"line":3,"column":28}},"3":{"start":{"line":4,"column":12},"end":{"line":4,"column":63}},"4":{"start":{"line":4,"column":48},"end":{"line":4,"column":51}},"5":{"start":{"line":5,"column":2},"end":{"line":7,"column":3}},"6":{"start":{"line":5,"column":15},"end":{"line":5,"column":41}},"7":{"start":{"line":6,"column":4},"end":{"line":6,"column":34}},"8":{"start":{"line":8,"column":2},"end":{"line":8,"column":13}},"9":{"start":{"line":12,"column":17},"end":{"line":12,"column":40}},"10":{"start":{"line":12,"column":32},"end":{"line":12,"column":39}},"11":{"start":{"line":13,"column":13},"end":{"line":13,"column":27}},"12":{"start":{"line":14,"column":14},"end":{"line":14,"column":29}},"13":{"start":{"line":15,"column":2},"end":{"line":15,"column":47}},"14":{"start":{"line":15,"column":33},"end":{"line":15,"column":47}},"15":{"start":{"line":16,"column":2},"end":{"line":16,"column":28}},"16":{"start":{"line":16,"column":16},"end":{"line":16,"column":28}},"17":{"start":{"line":17,"column":2},"end":{"line":17,"column":30}},"18":{"start":{"line":17,"column":16},"end":{"line":17,"column":30}},"19":{"start":{"line":18,"column":2},"end":{"line":18,"column":16}}},"fnMap":{"0":{"name":"ema","decl":{"start":{"line":1,"column":16},"end":{"line":1,"column":19}},"loc":{"start":{"line":1,"column":36},"end":{"line":9,"column":1}},"line":1},"1":{"name":"(anonymous_1)","decl":{"start":{"line":4,"column":41},"end":{"line":4,"column":42}},"loc":{"start":{"line":4,"column":48},"end":{"line":4,"column":51}},"line":4},"2":{"name":"getTrend","decl":{"start":{"line":11,"column":16},"end":{"line":11,"column":24}},"loc":{"start":{"line":11,"column":34},"end":{"line":19,"column":1}},"line":11},"3":{"name":"(anonymous_3)","decl":{"start":{"line":12,"column":29},"end":{"line":12,"column":30}},"loc":{"start":{"line":12,"column":32},"end":{"line":12,"column":39}},"line":12}},"branchMap":{"0":{"loc":{"start":{"line":2,"column":2},"end":{"line":2,"column":42}},"type":"if","locations":[{"start":{"line":2,"column":2},"end":{"line":2,"column":42}},{"start":{},"end":{}}],"line":2},"1":{"loc":{"start":{"line":15,"column":2},"end":{"line":15,"column":47}},"type":"if","locations":[{"start":{"line":15,"column":2},"end":{"line":15,"column":47}},{"start":{},"end":{}}],"line":15},"2":{"loc":{"start":{"line":15,"column":6},"end":{"line":15,"column":31}},"type":"binary-expr","locations":[{"start":{"line":15,"column":6},"end":{"line":15,"column":16}},{"start":{"line":15,"column":20},"end":{"line":15,"column":31}}],"line":15},"3":{"loc":{"start":{"line":16,"column":2},"end":{"line":16,"column":28}},"type":"if","locations":[{"start":{"line":16,"column":2},"end":{"line":16,"column":28}},{"start":{},"end":{}}],"line":16},"4":{"loc":{"start":{"line":17,"column":2},"end":{"line":17,"column":30}},"type":"if","locations":[{"start":{"line":17,"column":2},"end":{"line":17,"column":30}},{"start":{},"end":{}}],"line":17}},"s":{"0":0,"1":0,"2":0,"3":0,"4":0,"5":0,"6":0,"7":0,"8":0,"9":0,"10":0,"11":0,"12":0,"13":0,"14":0,"15":0,"16":0,"17":0,"18":0,"19":0},"f":{"0":0,"1":0,"2":0,"3":0},"b":{"0":[0,0],"1":[0,0],"2":[0,0],"3":[0,0],"4":[0,0]},"_coverageSchema":"1a1c01bbd47fc00a2c39e90264f33305004495a9","hash":"05f7c8579299830296246a615622003cf158889e"}
}
