TN:
SF:src/config.js
FNF:0
FNH:0
DA:4,5
DA:6,5
LF:2
LH:2
BRDA:4,0,0,5
BRDA:4,0,1,3
BRDA:7,1,0,5
BRDA:7,1,1,0
BRDA:8,2,0,5
BRDA:8,2,1,0
BRDA:10,3,0,5
BRDA:10,3,1,0
BRDA:11,4,0,5
BRDA:11,4,1,0
BRDA:19,5,0,5
BRDA:19,5,1,5
BRDA:20,6,0,5
BRDA:20,6,1,5
BRDA:21,7,0,5
BRDA:21,7,1,5
BRDA:22,8,0,5
BRDA:22,8,1,5
BRDA:23,9,0,5
BRDA:23,9,1,5
BRDA:24,10,0,5
BRDA:24,10,1,5
BRF:22
BRH:18
end_of_record
TN:
SF:src/ingest.js
FN:9,intervalToMs
FN:22,selectLastTs
FN:28,fetchKlines
FN:37,(anonymous_3)
FN:47,upsertCandles
FN:77,ingestOnce
FN:111,getIngestHealth
FNF:7
FNH:0
FNDA:0,intervalToMs
FNDA:0,selectLastTs
FNDA:0,fetchKlines
FNDA:0,(anonymous_3)
FNDA:0,upsertCandles
FNDA:0,ingestOnce
FNDA:0,getIngestHealth
DA:7,5
DA:10,0
DA:18,0
DA:19,0
DA:23,0
DA:24,0
DA:25,0
DA:29,0
DA:35,0
DA:36,0
DA:37,0
DA:48,0
DA:49,0
DA:50,0
DA:51,0
DA:52,0
DA:53,0
DA:54,0
DA:56,0
DA:66,0
DA:67,0
DA:68,0
DA:69,0
DA:71,0
DA:72,0
DA:74,0
DA:78,0
DA:79,0
DA:80,0
DA:81,0
DA:82,0
DA:84,0
DA:85,0
DA:86,0
DA:88,0
DA:89,0
DA:90,0
DA:91,0
DA:92,0
DA:93,0
DA:94,0
DA:95,0
DA:96,0
DA:97,0
DA:98,0
DA:99,0
DA:100,0
DA:101,0
DA:102,0
DA:103,0
DA:105,0
DA:107,0
DA:112,0
DA:113,0
DA:114,0
DA:115,0
LF:56
LH:1
BRDA:18,0,0,0
BRDA:18,0,1,0
BRDA:25,1,0,0
BRDA:25,1,1,0
BRDA:28,2,0,0
BRDA:48,3,0,0
BRDA:48,3,1,0
BRDA:84,4,0,0
BRDA:84,4,1,0
BRDA:85,5,0,0
BRDA:85,5,1,0
BRDA:92,6,0,0
BRDA:92,6,1,0
BRDA:99,7,0,0
BRDA:99,7,1,0
BRDA:105,8,0,0
BRDA:105,8,1,0
BRDA:113,9,0,0
BRDA:113,9,1,0
BRDA:114,10,0,0
BRDA:114,10,1,0
BRF:21
BRH:0
end_of_record
TN:
SF:src/jobRunner.js
FN:11,claimNextJob
FN:27,runBacktest
FN:63,processJob
FN:78,tick
FN:96,start
FN:102,stop
FN:109,requestCancel
FNF:7
FNH:6
FNDA:1,claimNextJob
FNDA:1,runBacktest
FNDA:1,processJob
FNDA:1,tick
FNDA:5,start
FNDA:2,stop
FNDA:0,requestCancel
DA:6,5
DA:7,5
DA:8,5
DA:9,5
DA:12,1
DA:24,1
DA:28,1
DA:29,1
DA:30,1
DA:31,1
DA:33,1
DA:40,1
DA:41,1
DA:42,1
DA:43,3
DA:44,3
DA:47,1
DA:48,1
DA:49,1
DA:50,1
DA:52,1
DA:60,1
DA:64,1
DA:65,1
DA:66,1
DA:67,1
DA:68,1
DA:70,0
DA:71,0
DA:73,0
DA:79,1
DA:80,1
DA:81,1
DA:82,1
DA:83,1
DA:84,0
DA:85,0
DA:87,1
DA:88,1
DA:90,0
DA:92,1
DA:97,5
DA:98,1
DA:99,1
DA:103,2
DA:104,1
DA:105,1
DA:110,0
LF:48
LH:41
BRDA:28,0,0,1
BRDA:28,0,1,0
BRDA:29,1,0,1
BRDA:29,1,1,0
BRDA:30,2,0,1
BRDA:30,2,1,0
BRDA:31,3,0,1
BRDA:31,3,1,0
BRDA:42,4,0,1
BRDA:42,4,1,0
BRDA:65,5,0,0
BRDA:65,5,1,1
BRDA:66,6,0,1
BRDA:66,6,1,0
BRDA:67,7,0,0
BRDA:67,7,1,1
BRDA:70,8,0,0
BRDA:70,8,1,0
BRDA:73,9,0,0
BRDA:73,9,1,0
BRDA:83,10,0,0
BRDA:83,10,1,1
BRDA:97,11,0,4
BRDA:97,11,1,1
BRDA:97,12,0,5
BRDA:97,12,1,1
BRDA:98,13,0,0
BRDA:98,13,1,1
BRDA:103,14,0,1
BRDA:103,14,1,1
BRF:30
BRH:16
end_of_record
TN:
SF:src/live.js
FN:35,ensurePublicDir
FN:36,(anonymous_1)
FN:40,getLiveConfig
FN:50,setLiveConfig
FN:66,getState
FN:74,setState
FN:77,(anonymous_6)
FN:78,(anonymous_7)
FN:82,selectRecentCandles
FN:89,(anonymous_9)
FN:99,equityNow
FN:107,lastTrades
FN:115,(anonymous_12)
FN:126,getOpenPositions
FN:128,(anonymous_14)
FN:143,openPosition
FN:163,closePosition
FN:183,applyRiskAndStops
FN:215,step
FN:269,startLive
FN:282,stopLive
FN:296,resetLive
FN:320,getLiveState
FN:340,startBackground
FN:342,(anonymous_24)
FN:360,stopBackground
FNF:26
FNH:4
FNDA:0,ensurePublicDir
FNDA:0,(anonymous_1)
FNDA:0,getLiveConfig
FNDA:0,setLiveConfig
FNDA:1,getState
FNDA:0,setState
FNDA:0,(anonymous_6)
FNDA:0,(anonymous_7)
FNDA:0,selectRecentCandles
FNDA:0,(anonymous_9)
FNDA:0,equityNow
FNDA:0,lastTrades
FNDA:0,(anonymous_12)
FNDA:0,getOpenPositions
FNDA:0,(anonymous_14)
FNDA:0,openPosition
FNDA:0,closePosition
FNDA:0,applyRiskAndStops
FNDA:0,step
FNDA:0,startLive
FNDA:0,stopLive
FNDA:0,resetLive
FNDA:0,getLiveState
FNDA:5,startBackground
FNDA:1,(anonymous_24)
FNDA:2,stopBackground
DA:10,5
DA:11,5
DA:12,5
DA:15,5
DA:16,5
DA:17,5
DA:18,5
DA:20,5
DA:21,5
DA:22,2
DA:25,5
DA:36,0
DA:41,0
DA:42,0
DA:43,0
DA:44,0
DA:46,0
DA:51,0
DA:52,0
DA:53,0
DA:54,0
DA:55,0
DA:56,0
DA:57,0
DA:58,0
DA:60,0
DA:61,0
DA:62,0
DA:67,1
DA:68,0
DA:69,0
DA:71,0
DA:75,0
DA:76,0
DA:77,0
DA:78,0
DA:79,0
DA:83,0
DA:89,0
DA:100,0
DA:101,0
DA:102,0
DA:103,0
DA:104,0
DA:108,0
DA:115,0
DA:127,0
DA:128,0
DA:144,0
DA:145,0
DA:150,0
DA:151,0
DA:152,0
DA:160,0
DA:164,0
DA:165,0
DA:169,0
DA:170,0
DA:171,0
DA:180,0
DA:184,0
DA:185,0
DA:186,0
DA:187,0
DA:188,0
DA:189,0
DA:190,0
DA:191,0
DA:192,0
DA:193,0
DA:194,0
DA:195,0
DA:196,0
DA:197,0
DA:198,0
DA:199,0
DA:200,0
DA:201,0
DA:202,0
DA:203,0
DA:204,0
DA:205,0
DA:208,0
DA:209,0
DA:216,0
DA:217,0
DA:218,0
DA:219,0
DA:221,0
DA:222,0
DA:224,0
DA:225,0
DA:226,0
DA:227,0
DA:228,0
DA:229,0
DA:231,0
DA:233,0
DA:234,0
DA:235,0
DA:236,0
DA:237,0
DA:238,0
DA:239,0
DA:240,0
DA:241,0
DA:242,0
DA:243,0
DA:247,0
DA:249,0
DA:250,0
DA:251,0
DA:252,0
DA:253,0
DA:262,0
DA:264,0
DA:270,0
DA:271,0
DA:272,0
DA:274,0
DA:276,0
DA:277,0
DA:278,0
DA:283,0
DA:284,0
DA:285,0
DA:287,0
DA:289,0
DA:290,0
DA:291,0
DA:292,0
DA:297,0
DA:298,0
DA:299,0
DA:300,0
DA:301,0
DA:302,0
DA:304,0
DA:305,0
DA:307,0
DA:309,0
DA:310,0
DA:311,0
DA:312,0
DA:314,0
DA:315,0
DA:321,0
DA:322,0
DA:323,0
DA:324,0
DA:325,0
DA:326,0
DA:327,0
DA:336,0
DA:341,5
DA:342,1
DA:343,1
DA:344,1
DA:345,1
DA:346,1
DA:347,0
DA:348,0
DA:349,0
DA:352,1
DA:355,1
DA:361,2
DA:362,2
DA:363,2
DA:366,5
LF:169
LH:24
BRDA:21,0,0,2
BRDA:21,0,1,3
BRDA:53,1,0,0
BRDA:53,1,1,0
BRDA:53,2,0,0
BRDA:53,2,1,0
BRDA:54,3,0,0
BRDA:54,3,1,0
BRDA:54,4,0,0
BRDA:54,4,1,0
BRDA:55,5,0,0
BRDA:55,5,1,0
BRDA:55,6,0,0
BRDA:55,6,1,0
BRDA:56,7,0,0
BRDA:56,7,1,0
BRDA:56,8,0,0
BRDA:56,8,1,0
BRDA:57,9,0,0
BRDA:57,9,1,0
BRDA:57,10,0,0
BRDA:57,10,1,0
BRDA:60,11,0,0
BRDA:60,11,1,0
BRDA:68,12,0,0
BRDA:68,12,1,0
BRDA:76,13,0,0
BRDA:76,13,1,0
BRDA:82,14,0,0
BRDA:101,15,0,0
BRDA:101,15,1,0
BRDA:103,16,0,0
BRDA:103,16,1,0
BRDA:107,17,0,0
BRDA:122,18,0,0
BRDA:122,18,1,0
BRDA:135,19,0,0
BRDA:135,19,1,0
BRDA:136,20,0,0
BRDA:136,20,1,0
BRDA:137,21,0,0
BRDA:137,21,1,0
BRDA:138,22,0,0
BRDA:138,22,1,0
BRDA:139,23,0,0
BRDA:139,23,1,0
BRDA:150,24,0,0
BRDA:150,24,1,0
BRDA:151,25,0,0
BRDA:151,25,1,0
BRDA:163,26,0,0
BRDA:169,27,0,0
BRDA:169,27,1,0
BRDA:170,28,0,0
BRDA:170,28,1,0
BRDA:187,29,0,0
BRDA:187,29,1,0
BRDA:188,30,0,0
BRDA:188,30,1,0
BRDA:189,31,0,0
BRDA:189,31,1,0
BRDA:190,32,0,0
BRDA:190,32,1,0
BRDA:193,33,0,0
BRDA:193,33,1,0
BRDA:193,34,0,0
BRDA:193,34,1,0
BRDA:196,35,0,0
BRDA:196,35,1,0
BRDA:196,36,0,0
BRDA:196,36,1,0
BRDA:199,37,0,0
BRDA:199,37,1,0
BRDA:200,38,0,0
BRDA:200,38,1,0
BRDA:203,39,0,0
BRDA:203,39,1,0
BRDA:208,40,0,0
BRDA:208,40,1,0
BRDA:219,41,0,0
BRDA:219,41,1,0
BRDA:222,42,0,0
BRDA:222,42,1,0
BRDA:233,43,0,0
BRDA:233,43,1,0
BRDA:234,44,0,0
BRDA:234,44,1,0
BRDA:234,45,0,0
BRDA:234,45,1,0
BRDA:237,46,0,0
BRDA:237,46,1,0
BRDA:238,47,0,0
BRDA:238,47,1,0
BRDA:238,48,0,0
BRDA:238,48,1,0
BRDA:241,49,0,0
BRDA:241,49,1,0
BRDA:241,50,0,0
BRDA:241,50,1,0
BRDA:276,51,0,0
BRDA:276,51,1,0
BRDA:289,52,0,0
BRDA:289,52,1,0
BRDA:309,53,0,0
BRDA:309,53,1,0
BRDA:341,54,0,4
BRDA:341,54,1,1
BRDA:347,55,0,0
BRDA:347,55,1,0
BRDA:347,56,0,0
BRDA:347,56,1,0
BRDA:355,57,0,1
BRDA:355,57,1,0
BRF:113
BRH:5
end_of_record
TN:
SF:src/liveRunner.js
FN:15,selectRecentCandles
FN:23,(anonymous_1)
FN:45,openTrade
FN:53,closeTrade
FN:71,runOnce
FN:100,(anonymous_5)
FN:171,getRunnerStatus
FN:175,gracefulRestart
FN:187,getActiveRunnerConfig
FNF:9
FNH:0
FNDA:0,selectRecentCandles
FNDA:0,(anonymous_1)
FNDA:0,openTrade
FNDA:0,closeTrade
FNDA:0,runOnce
FNDA:0,(anonymous_5)
FNDA:0,getRunnerStatus
FNDA:0,gracefulRestart
FNDA:0,getActiveRunnerConfig
DA:2,5
DA:16,0
DA:23,0
DA:31,0
DA:32,0
DA:33,0
DA:34,0
DA:35,0
DA:36,0
DA:39,0
DA:40,0
DA:41,0
DA:46,0
DA:54,0
DA:59,0
DA:60,0
DA:61,0
DA:62,0
DA:68,0
DA:72,0
DA:73,0
DA:74,0
DA:75,0
DA:76,0
DA:77,0
DA:78,0
DA:79,0
DA:80,0
DA:81,0
DA:82,0
DA:83,0
DA:84,0
DA:85,0
DA:86,0
DA:87,0
DA:88,0
DA:89,0
DA:90,0
DA:91,0
DA:92,0
DA:93,0
DA:94,0
DA:95,0
DA:96,0
DA:97,0
DA:98,0
DA:99,0
DA:100,0
DA:101,0
DA:102,0
DA:103,0
DA:104,0
DA:105,0
DA:107,0
DA:121,0
DA:122,0
DA:131,0
DA:132,0
DA:133,0
DA:134,0
DA:135,0
DA:136,0
DA:138,0
DA:139,0
DA:140,0
DA:141,0
DA:143,0
DA:144,0
DA:145,0
DA:146,0
DA:148,0
DA:150,0
DA:151,0
DA:152,0
DA:154,0
DA:157,0
DA:158,0
DA:164,0
DA:168,5
DA:169,5
DA:172,0
DA:176,0
DA:177,0
DA:179,0
DA:181,0
DA:183,0
DA:188,0
LF:87
LH:3
BRDA:2,0,0,5
BRDA:2,0,1,0
BRDA:15,1,0,0
BRDA:31,2,0,0
BRDA:31,2,1,0
BRDA:34,3,0,0
BRDA:34,3,1,0
BRDA:36,4,0,0
BRDA:36,4,1,0
BRDA:40,5,0,0
BRDA:40,5,1,0
BRDA:49,6,0,0
BRDA:49,6,1,0
BRDA:59,7,0,0
BRDA:59,7,1,0
BRDA:72,8,0,0
BRDA:72,9,0,0
BRDA:79,10,0,0
BRDA:79,10,1,0
BRDA:79,11,0,0
BRDA:79,11,1,0
BRDA:82,12,0,0
BRDA:82,12,1,0
BRDA:83,13,0,0
BRDA:83,13,1,0
BRDA:86,14,0,0
BRDA:86,14,1,0
BRDA:87,15,0,0
BRDA:87,15,1,0
BRDA:87,16,0,0
BRDA:87,16,1,0
BRDA:89,17,0,0
BRDA:89,17,1,0
BRDA:90,18,0,0
BRDA:90,18,1,0
BRDA:91,19,0,0
BRDA:91,19,1,0
BRDA:100,20,0,0
BRDA:100,20,1,0
BRDA:104,21,0,0
BRDA:104,21,1,0
BRDA:109,22,0,0
BRDA:109,22,1,0
BRDA:134,23,0,0
BRDA:134,23,1,0
BRDA:138,24,0,0
BRDA:138,24,1,0
BRDA:143,25,0,0
BRDA:143,25,1,0
BRF:49
BRH:1
end_of_record
TN:
SF:src/logger.js
FN:10,(anonymous_0)
FNF:1
FNH:1
FNDA:1,(anonymous_0)
DA:5,5
DA:7,5
DA:11,1
DA:12,1
DA:13,0
DA:14,0
DA:16,1
LF:7
LH:5
BRDA:12,0,0,0
BRDA:12,0,1,1
BRF:2
BRH:1
end_of_record
TN:
SF:src/metrics-job.js
FNF:0
FNH:0
DA:3,4
DA:10,4
DA:16,4
LF:3
LH:3
BRF:0
BRH:0
end_of_record
TN:
SF:src/metrics-signal.js
FNF:0
FNH:0
DA:3,5
DA:10,5
DA:16,5
DA:22,5
DA:28,5
DA:34,5
DA:40,5
LF:7
LH:7
BRF:0
BRH:0
end_of_record
TN:
SF:src/otel.js
FN:15,startOtel
FNF:1
FNH:0
FNDA:0,startOtel
DA:9,5
DA:16,0
DA:17,0
DA:20,0
DA:25,0
DA:26,0
DA:38,0
DA:39,0
LF:8
LH:1
BRDA:16,0,0,0
BRDA:16,0,1,0
BRDA:18,1,0,0
BRDA:18,1,1,0
BRDA:21,2,0,0
BRDA:21,2,1,0
BRDA:28,3,0,0
BRDA:28,3,1,0
BRDA:31,4,0,0
BRDA:31,4,1,0
BRDA:33,5,0,0
BRDA:33,5,1,0
BRF:12
BRH:0
end_of_record
TN:
SF:src/backtest/engine.js
FN:1,runBacktest
FN:13,(anonymous_1)
FN:50,(anonymous_2)
FN:50,(anonymous_3)
FNF:4
FNH:0
FNDA:0,runBacktest
FNDA:0,(anonymous_1)
FNDA:0,(anonymous_2)
FNDA:0,(anonymous_3)
DA:8,0
DA:10,0
DA:11,0
DA:13,0
DA:15,0
DA:16,0
DA:17,0
DA:20,0
DA:21,0
DA:22,0
DA:24,0
DA:25,0
DA:26,0
DA:27,0
DA:28,0
DA:29,0
DA:31,0
DA:32,0
DA:33,0
DA:34,0
DA:35,0
DA:38,0
DA:39,0
DA:40,0
DA:41,0
DA:44,0
DA:45,0
DA:50,0
DA:51,0
LF:29
LH:0
BRDA:3,0,0,0
BRDA:3,1,0,0
BRDA:4,2,0,0
BRDA:5,3,0,0
BRDA:6,4,0,0
BRDA:7,5,0,0
BRDA:15,6,0,0
BRDA:15,6,1,0
BRDA:16,7,0,0
BRDA:16,7,1,0
BRDA:22,8,0,0
BRDA:22,8,1,0
BRDA:22,9,0,0
BRDA:22,9,1,0
BRDA:24,10,0,0
BRDA:24,10,1,0
BRDA:24,11,0,0
BRDA:24,11,1,0
BRDA:29,12,0,0
BRDA:29,12,1,0
BRDA:31,13,0,0
BRDA:31,13,1,0
BRDA:38,14,0,0
BRDA:38,14,1,0
BRF:24
BRH:0
end_of_record
TN:
SF:src/backtest/indicators.js
FN:1,rsi
FN:24,calcRsi
FN:30,atr
FN:49,ema
FN:70,adx
FN:93,(anonymous_5)
FNF:6
FNH:0
FNDA:0,rsi
FNDA:0,calcRsi
FNDA:0,atr
FNDA:0,ema
FNDA:0,adx
FNDA:0,(anonymous_5)
DA:2,0
DA:3,0
DA:5,0
DA:6,0
DA:7,0
DA:9,0
DA:10,0
DA:11,0
DA:13,0
DA:14,0
DA:15,0
DA:16,0
DA:17,0
DA:18,0
DA:19,0
DA:21,0
DA:25,0
DA:26,0
DA:27,0
DA:31,0
DA:32,0
DA:33,0
DA:34,0
DA:35,0
DA:36,0
DA:37,0
DA:39,0
DA:40,0
DA:41,0
DA:42,0
DA:43,0
DA:44,0
DA:46,0
DA:50,0
DA:51,0
DA:52,0
DA:54,0
DA:55,0
DA:56,0
DA:57,0
DA:58,0
DA:59,0
DA:60,0
DA:61,0
DA:62,0
DA:64,0
DA:66,0
DA:71,0
DA:72,0
DA:73,0
DA:75,0
DA:76,0
DA:77,0
DA:79,0
DA:80,0
DA:81,0
DA:83,0
DA:84,0
DA:86,0
DA:87,0
DA:88,0
DA:89,0
DA:93,0
DA:94,0
DA:96,0
DA:97,0
DA:98,0
DA:99,0
DA:100,0
DA:102,0
DA:105,0
DA:106,0
DA:107,0
DA:109,0
DA:110,0
DA:111,0
DA:113,0
DA:114,0
DA:115,0
DA:116,0
DA:117,0
DA:118,0
DA:119,0
DA:124,0
DA:125,0
DA:126,0
DA:127,0
DA:129,0
DA:130,0
DA:132,0
DA:133,0
DA:136,0
LF:92
LH:0
BRDA:1,0,0,0
BRDA:7,1,0,0
BRDA:7,1,1,0
BRDA:25,2,0,0
BRDA:25,2,1,0
BRDA:30,3,0,0
BRDA:33,4,0,0
BRDA:33,4,1,0
BRDA:43,5,0,0
BRDA:43,5,1,0
BRDA:44,6,0,0
BRDA:44,6,1,0
BRDA:49,7,0,0
BRDA:51,8,0,0
BRDA:51,8,1,0
BRDA:57,9,0,0
BRDA:57,9,1,0
BRDA:57,10,0,0
BRDA:57,10,1,0
BRDA:58,11,0,0
BRDA:58,11,1,0
BRDA:61,12,0,0
BRDA:61,12,1,0
BRDA:70,13,0,0
BRDA:73,14,0,0
BRDA:73,14,1,0
BRDA:83,15,0,0
BRDA:83,15,1,0
BRDA:83,16,0,0
BRDA:83,16,1,0
BRDA:84,17,0,0
BRDA:84,17,1,0
BRDA:84,18,0,0
BRDA:84,18,1,0
BRDA:114,19,0,0
BRDA:114,19,1,0
BRDA:126,20,0,0
BRDA:126,20,1,0
BRDA:127,21,0,0
BRDA:127,21,1,0
BRDA:129,22,0,0
BRDA:129,22,1,0
BRDA:133,23,0,0
BRDA:133,23,1,0
BRF:44
BRH:0
end_of_record
TN:
SF:src/config/schemas.js
FNF:0
FNH:0
LF:0
LH:0
BRF:0
BRH:0
end_of_record
TN:
SF:src/config/strategies.js
FN:5,getActiveConfig
FN:10,validateBySchema
FN:39,validateConfig
FN:55,(anonymous_3)
FN:56,(anonymous_4)
FN:70,saveActiveConfig
FN:74,applyActiveConfig
FNF:7
FNH:0
FNDA:0,getActiveConfig
FNDA:0,validateBySchema
FNDA:0,validateConfig
FNDA:0,(anonymous_3)
FNDA:0,(anonymous_4)
FNDA:0,saveActiveConfig
FNDA:0,applyActiveConfig
DA:6,0
DA:7,0
DA:11,0
DA:12,0
DA:13,0
DA:14,0
DA:15,0
DA:16,0
DA:17,0
DA:19,0
DA:20,0
DA:21,0
DA:22,0
DA:23,0
DA:25,0
DA:26,0
DA:27,0
DA:28,0
DA:29,0
DA:30,0
DA:31,0
DA:32,0
DA:33,0
DA:36,0
DA:40,0
DA:41,0
DA:42,0
DA:43,0
DA:45,0
DA:46,0
DA:47,0
DA:48,0
DA:50,0
DA:51,0
DA:52,0
DA:54,0
DA:55,0
DA:56,0
DA:57,0
DA:59,0
DA:60,0
DA:61,0
DA:62,0
DA:63,0
DA:67,0
DA:71,0
DA:75,0
DA:76,0
LF:48
LH:0
BRDA:7,0,0,0
BRDA:7,0,1,0
BRDA:12,1,0,0
BRDA:12,1,1,0
BRDA:14,2,0,0
BRDA:14,2,1,0
BRDA:15,3,0,0
BRDA:15,3,1,0
BRDA:17,4,0,0
BRDA:17,4,1,0
BRDA:19,5,0,0
BRDA:19,5,1,0
BRDA:21,6,0,0
BRDA:21,6,1,0
BRDA:22,7,0,0
BRDA:22,7,1,0
BRDA:26,8,0,0
BRDA:26,8,1,0
BRDA:27,9,0,0
BRDA:27,9,1,0
BRDA:28,10,0,0
BRDA:28,10,1,0
BRDA:28,11,0,0
BRDA:28,11,1,0
BRDA:29,12,0,0
BRDA:29,12,1,0
BRDA:29,13,0,0
BRDA:29,13,1,0
BRDA:30,14,0,0
BRDA:30,14,1,0
BRDA:31,15,0,0
BRDA:31,15,1,0
BRDA:31,16,0,0
BRDA:31,16,1,0
BRDA:32,17,0,0
BRDA:32,17,1,0
BRDA:32,18,0,0
BRDA:32,18,1,0
BRDA:33,19,0,0
BRDA:33,19,1,0
BRDA:33,20,0,0
BRDA:33,20,1,0
BRDA:41,21,0,0
BRDA:41,21,1,0
BRDA:41,22,0,0
BRDA:41,22,1,0
BRDA:41,22,2,0
BRDA:46,23,0,0
BRDA:46,23,1,0
BRDA:46,24,0,0
BRDA:46,24,1,0
BRDA:50,25,0,0
BRDA:50,25,1,0
BRDA:50,26,0,0
BRDA:50,26,1,0
BRDA:54,27,0,0
BRDA:54,27,1,0
BRDA:56,28,0,0
BRDA:56,28,1,0
BRDA:56,29,0,0
BRDA:56,29,1,0
BRDA:56,29,2,0
BRDA:56,30,0,0
BRDA:56,30,1,0
BRDA:59,31,0,0
BRDA:59,31,1,0
BRDA:62,32,0,0
BRDA:62,32,1,0
BRDA:62,33,0,0
BRDA:62,33,1,0
BRDA:62,33,2,0
BRF:71
BRH:0
end_of_record
TN:
SF:src/indicators/atr.js
FN:1,atr
FN:11,(anonymous_1)
FNF:2
FNH:0
FNDA:0,atr
FNDA:0,(anonymous_1)
DA:2,0
DA:3,0
DA:4,0
DA:5,0
DA:6,0
DA:7,0
DA:8,0
DA:9,0
DA:11,0
LF:9
LH:0
BRDA:1,0,0,0
BRDA:2,1,0,0
BRDA:2,1,1,0
BRF:3
BRH:0
end_of_record
TN:
SF:src/indicators/patterns.js
FN:1,bullishEngulfing
FN:8,bearishEngulfing
FN:15,doji
FNF:3
FNH:0
FNDA:0,bullishEngulfing
FNDA:0,bearishEngulfing
FNDA:0,doji
DA:2,0
DA:3,0
DA:4,0
DA:5,0
DA:9,0
DA:10,0
DA:11,0
DA:12,0
DA:16,0
DA:17,0
DA:18,0
LF:11
LH:0
BRDA:4,0,0,0
BRDA:4,0,1,0
BRDA:5,1,0,0
BRDA:5,1,1,0
BRDA:5,1,2,0
BRDA:11,2,0,0
BRDA:11,2,1,0
BRDA:12,3,0,0
BRDA:12,3,1,0
BRDA:12,3,2,0
BRDA:17,4,0,0
BRDA:17,4,1,0
BRF:12
BRH:0
end_of_record
TN:
SF:src/indicators/rsi.js
FN:1,rsi
FNF:1
FNH:0
FNDA:0,rsi
DA:2,0
DA:3,0
DA:4,0
DA:5,0
DA:6,0
DA:8,0
DA:9,0
DA:10,0
DA:11,0
LF:9
LH:0
BRDA:1,0,0,0
BRDA:2,1,0,0
BRDA:2,1,1,0
BRDA:6,2,0,0
BRDA:6,2,1,0
BRDA:9,3,0,0
BRDA:9,3,1,0
BRF:7
BRH:0
end_of_record
TN:
SF:src/integrations/binance/client.js
FN:13,timeSync
FN:27,buildQuery
FN:29,(anonymous_2)
FN:31,(anonymous_3)
FN:35,sign
FN:39,send
FN:72,(anonymous_6)
FN:80,getTimeOffset
FNF:8
FNH:1
FNDA:5,timeSync
FNDA:0,buildQuery
FNDA:0,(anonymous_2)
FNDA:0,(anonymous_3)
FNDA:0,sign
FNDA:0,send
FNDA:0,(anonymous_6)
FNDA:0,getTimeOffset
DA:4,5
DA:5,5
DA:6,5
DA:7,5
DA:9,5
DA:11,5
DA:14,5
DA:15,5
DA:16,1
DA:17,1
DA:24,5
DA:25,5
DA:28,0
DA:29,0
DA:31,0
DA:36,0
DA:40,0
DA:41,0
DA:42,0
DA:44,0
DA:45,0
DA:46,0
DA:49,0
DA:50,0
DA:51,0
DA:52,0
DA:55,0
DA:57,0
DA:58,0
DA:60,0
DA:61,0
DA:64,0
DA:65,0
DA:66,0
DA:67,0
DA:69,0
DA:70,0
DA:71,0
DA:72,0
DA:73,0
DA:75,0
DA:81,0
LF:42
LH:12
BRDA:4,0,0,5
BRDA:4,0,1,0
BRDA:5,1,0,5
BRDA:5,1,1,0
BRDA:6,2,0,5
BRDA:6,2,1,0
BRDA:7,3,0,5
BRDA:7,3,1,0
BRDA:27,4,0,0
BRDA:29,5,0,0
BRDA:29,5,1,0
BRDA:39,6,0,0
BRDA:39,7,0,0
BRDA:40,8,0,0
BRDA:44,9,0,0
BRDA:44,9,1,0
BRDA:50,10,0,0
BRDA:50,10,1,0
BRDA:51,11,0,0
BRDA:51,11,1,0
BRDA:57,12,0,0
BRDA:57,12,1,0
BRDA:57,13,0,0
BRDA:57,13,1,0
BRDA:58,14,0,0
BRDA:58,14,1,0
BRDA:70,15,0,0
BRDA:70,15,1,0
BRDA:70,16,0,0
BRDA:70,16,1,0
BRDA:70,16,2,0
BRDA:75,17,0,0
BRDA:75,17,1,0
BRF:33
BRH:4
end_of_record
TN:
SF:src/integrations/binance/routes.js
FN:7,(anonymous_0)
FN:19,(anonymous_1)
FN:28,(anonymous_2)
FN:38,(anonymous_3)
FN:48,(anonymous_4)
FN:61,(anonymous_5)
FN:73,(anonymous_6)
FN:82,(anonymous_7)
FN:91,(anonymous_8)
FN:100,(anonymous_9)
FNF:10
FNH:0
FNDA:0,(anonymous_0)
FNDA:0,(anonymous_1)
FNDA:0,(anonymous_2)
FNDA:0,(anonymous_3)
FNDA:0,(anonymous_4)
FNDA:0,(anonymous_5)
FNDA:0,(anonymous_6)
FNDA:0,(anonymous_7)
FNDA:0,(anonymous_8)
FNDA:0,(anonymous_9)
DA:5,5
DA:7,5
DA:8,0
DA:9,0
DA:13,0
DA:15,0
DA:19,5
DA:20,0
DA:21,0
DA:22,0
DA:24,0
DA:28,5
DA:29,0
DA:30,0
DA:31,0
DA:32,0
DA:34,0
DA:38,5
DA:39,0
DA:40,0
DA:41,0
DA:42,0
DA:44,0
DA:48,5
DA:49,0
DA:50,0
DA:51,0
DA:52,0
DA:53,0
DA:54,0
DA:55,0
DA:57,0
DA:61,5
DA:62,0
DA:63,0
DA:64,0
DA:65,0
DA:67,0
DA:73,5
DA:74,0
DA:75,0
DA:76,0
DA:78,0
DA:82,5
DA:83,0
DA:84,0
DA:85,0
DA:87,0
DA:91,5
DA:92,0
DA:93,0
DA:94,0
DA:96,0
DA:100,5
DA:101,0
LF:55
LH:11
BRDA:50,0,0,0
BRDA:50,1,0,0
BRDA:50,2,0,0
BRDA:50,3,0,0
BRDA:52,4,0,0
BRDA:52,4,1,0
BRDA:53,5,0,0
BRDA:53,5,1,0
BRF:8
BRH:0
end_of_record
TN:
SF:src/integrations/binance/userDataService.js
FN:10,(anonymous_0)
FN:19,(anonymous_1)
FN:26,(anonymous_2)
FN:34,(anonymous_3)
FN:39,(anonymous_4)
FN:45,(anonymous_5)
FN:50,(anonymous_6)
FN:55,(anonymous_7)
FN:57,(anonymous_8)
FN:62,(anonymous_9)
FN:67,(anonymous_10)
FN:71,(anonymous_11)
FN:74,(anonymous_12)
FN:83,(anonymous_13)
FN:94,(anonymous_14)
FN:108,(anonymous_15)
FN:130,(anonymous_16)
FN:135,(anonymous_17)
FN:136,(anonymous_18)
FN:142,(anonymous_19)
FNF:20
FNH:1
FNDA:5,(anonymous_0)
FNDA:0,(anonymous_1)
FNDA:0,(anonymous_2)
FNDA:0,(anonymous_3)
FNDA:0,(anonymous_4)
FNDA:0,(anonymous_5)
FNDA:0,(anonymous_6)
FNDA:0,(anonymous_7)
FNDA:0,(anonymous_8)
FNDA:0,(anonymous_9)
FNDA:0,(anonymous_10)
FNDA:0,(anonymous_11)
FNDA:0,(anonymous_12)
FNDA:0,(anonymous_13)
FNDA:0,(anonymous_14)
FNDA:0,(anonymous_15)
FNDA:0,(anonymous_16)
FNDA:0,(anonymous_17)
FNDA:0,(anonymous_18)
FNDA:0,(anonymous_19)
DA:6,5
DA:7,5
DA:11,5
DA:12,5
DA:13,5
DA:14,5
DA:15,5
DA:16,5
DA:20,0
DA:27,0
DA:28,0
DA:30,0
DA:31,0
DA:33,0
DA:34,0
DA:36,0
DA:40,0
DA:41,0
DA:42,0
DA:46,0
DA:47,0
DA:48,0
DA:50,0
DA:51,0
DA:52,0
DA:55,0
DA:57,0
DA:58,0
DA:59,0
DA:62,0
DA:68,0
DA:69,0
DA:70,0
DA:71,0
DA:75,0
DA:76,0
DA:77,0
DA:79,0
DA:84,0
DA:85,0
DA:86,0
DA:89,0
DA:90,0
DA:95,0
DA:96,0
DA:97,0
DA:98,0
DA:99,0
DA:101,0
DA:102,0
DA:104,0
DA:105,0
DA:110,0
DA:111,0
DA:112,0
DA:113,0
DA:129,0
DA:130,0
DA:131,0
DA:132,0
DA:135,0
DA:136,0
DA:138,0
DA:144,0
DA:145,0
DA:146,0
DA:151,0
DA:152,0
DA:153,0
DA:154,0
DA:155,0
DA:156,0
DA:161,0
DA:170,5
LF:74
LH:9
BRDA:27,0,0,0
BRDA:27,0,1,0
BRDA:30,1,0,0
BRDA:30,1,1,0
BRDA:30,2,0,0
BRDA:30,2,1,0
BRDA:33,3,0,0
BRDA:33,3,1,0
BRDA:46,4,0,0
BRDA:46,4,1,0
BRDA:68,5,0,0
BRDA:68,5,1,0
BRDA:69,6,0,0
BRDA:69,6,1,0
BRDA:84,7,0,0
BRDA:84,7,1,0
BRDA:95,8,0,0
BRDA:95,8,1,0
BRDA:96,9,0,0
BRDA:96,9,1,0
BRDA:97,10,0,0
BRDA:97,10,1,0
BRDA:101,11,0,0
BRDA:101,11,1,0
BRDA:111,12,0,0
BRDA:111,12,1,0
BRDA:112,13,0,0
BRDA:112,13,1,0
BRDA:131,14,0,0
BRDA:131,14,1,0
BRDA:135,15,0,0
BRDA:135,15,1,0
BRDA:136,16,0,0
BRDA:136,16,1,0
BRDA:144,17,0,0
BRDA:144,17,1,0
BRDA:144,18,0,0
BRDA:144,18,1,0
BRDA:145,19,0,0
BRDA:145,19,1,0
BRDA:151,20,0,0
BRDA:151,20,1,0
BRDA:151,21,0,0
BRDA:151,21,1,0
BRDA:152,22,0,0
BRDA:152,22,1,0
BRDA:152,22,2,0
BRDA:154,23,0,0
BRDA:154,23,1,0
BRDA:155,24,0,0
BRDA:155,24,1,0
BRF:51
BRH:0
end_of_record
TN:
SF:src/jobs/metrics.js
FN:19,observeQueue
FN:20,(anonymous_1)
FN:29,markTradeExecuted
FNF:3
FNH:0
FNDA:0,observeQueue
FNDA:0,(anonymous_1)
FNDA:0,markTradeExecuted
DA:5,5
DA:6,5
DA:7,5
DA:11,5
DA:12,5
DA:15,5
DA:16,5
DA:17,5
DA:20,0
DA:21,0
DA:22,0
DA:23,0
DA:24,0
DA:25,0
DA:30,0
LF:15
LH:8
BRDA:11,0,0,5
BRDA:11,0,1,0
BRDA:22,1,0,0
BRDA:22,1,1,0
BRF:4
BRH:1
end_of_record
TN:
SF:src/middleware/error-handler.js
FN:1,errorHandler
FNF:1
FNH:0
FNDA:0,errorHandler
DA:2,0
DA:3,0
DA:4,0
LF:3
LH:0
BRDA:3,0,0,0
BRDA:3,0,1,0
BRDA:4,1,0,0
BRDA:4,1,1,0
BRDA:5,2,0,0
BRDA:5,2,1,0
BRF:6
BRH:0
end_of_record
TN:
SF:src/middleware/logger-context.js
FN:3,loggerContext
FNF:1
FNH:1
FNDA:18,loggerContext
DA:4,18
DA:5,18
LF:2
LH:2
BRF:0
BRH:0
end_of_record
TN:
SF:src/middleware/request-id.js
FN:4,requestId
FNF:1
FNH:1
FNDA:18,requestId
DA:5,18
DA:6,18
DA:7,18
DA:9,18
DA:10,18
DA:11,18
DA:12,18
DA:13,0
DA:14,0
DA:17,18
DA:18,0
DA:19,0
DA:21,18
LF:13
LH:9
BRDA:5,0,0,18
BRDA:5,0,1,18
BRDA:10,1,0,18
BRDA:10,1,1,0
BRDA:12,2,0,0
BRDA:12,2,1,18
BRDA:17,3,0,0
BRDA:17,3,1,18
BRF:8
BRH:5
end_of_record
TN:
SF:src/notify/telegram.js
FN:5,getBot
FN:21,sendMessage
FN:46,sendTradeAlert
FN:65,(anonymous_3)
FN:91,notifyPublic
FN:97,notifyPrivate
FN:103,createSingleUseInviteLink
FNF:7
FNH:0
FNDA:0,getBot
FNDA:0,sendMessage
FNDA:0,sendTradeAlert
FNDA:0,(anonymous_3)
FNDA:0,notifyPublic
FNDA:0,notifyPrivate
FNDA:0,createSingleUseInviteLink
DA:3,5
DA:6,0
DA:7,0
DA:8,0
DA:9,0
DA:11,0
DA:12,0
DA:14,0
DA:22,0
DA:23,0
DA:24,0
DA:25,0
DA:30,0
DA:32,0
DA:33,0
DA:47,0
DA:48,0
DA:49,0
DA:50,0
DA:62,0
DA:64,0
DA:65,0
DA:67,0
DA:68,0
DA:69,0
DA:70,0
DA:71,0
DA:77,0
DA:78,0
DA:79,0
DA:86,0
DA:87,0
DA:92,0
DA:93,0
DA:94,0
DA:98,0
DA:99,0
DA:100,0
DA:104,0
DA:105,0
DA:106,0
DA:107,0
DA:110,0
LF:43
LH:1
BRDA:7,0,0,0
BRDA:7,0,1,0
BRDA:11,1,0,0
BRDA:11,1,1,0
BRDA:21,2,0,0
BRDA:23,3,0,0
BRDA:23,3,1,0
BRDA:32,4,0,0
BRDA:32,4,1,0
BRDA:33,5,0,0
BRDA:33,5,1,0
BRDA:46,6,0,0
BRDA:48,7,0,0
BRDA:48,7,1,0
BRDA:54,8,0,0
BRDA:55,9,0,0
BRDA:61,10,0,0
BRDA:65,11,0,0
BRDA:65,11,1,0
BRDA:69,12,0,0
BRDA:69,12,1,0
BRDA:78,13,0,0
BRDA:78,13,1,0
BRDA:93,14,0,0
BRDA:93,14,1,0
BRDA:99,15,0,0
BRDA:99,15,1,0
BRDA:106,16,0,0
BRDA:106,16,1,0
BRDA:106,17,0,0
BRDA:106,17,1,0
BRF:31
BRH:0
end_of_record
TN:
SF:src/payments/stripe.js
FN:7,createCheckoutSession
FN:27,stripeWebhook
FN:83,requireEvent
FN:88,onCheckoutCompleted
FN:103,onSubscriptionUpdated
FNF:5
FNH:0
FNDA:0,createCheckoutSession
FNDA:0,stripeWebhook
FNDA:0,requireEvent
FNDA:0,onCheckoutCompleted
FNDA:0,onSubscriptionUpdated
DA:5,5
DA:8,0
DA:9,0
DA:20,0
DA:22,0
DA:23,0
DA:29,0
DA:30,0
DA:31,0
DA:33,0
DA:34,0
DA:36,0
DA:38,0
DA:40,0
DA:45,0
DA:48,0
DA:52,0
DA:54,0
DA:55,0
DA:56,0
DA:59,0
DA:60,0
DA:65,0
DA:67,0
DA:69,0
DA:72,0
DA:73,0
DA:75,0
DA:76,0
DA:78,0
DA:80,0
DA:84,0
DA:85,0
DA:89,0
DA:90,0
DA:91,0
DA:92,0
DA:97,0
DA:99,0
DA:104,0
DA:105,0
DA:109,0
DA:110,0
DA:115,0
DA:117,0
DA:120,0
LF:46
LH:1
BRDA:36,0,0,0
BRDA:36,0,1,0
BRDA:36,0,2,0
BRDA:36,0,3,0
BRDA:45,1,0,0
BRDA:45,1,1,0
BRDA:45,2,0,0
BRDA:45,2,1,0
BRDA:48,3,0,0
BRDA:48,3,1,0
BRDA:48,3,2,0
BRDA:48,3,3,0
BRDA:54,4,0,0
BRDA:54,4,1,0
BRDA:65,5,0,0
BRDA:65,5,1,0
BRDA:89,6,0,0
BRDA:89,6,1,0
BRDA:109,7,0,0
BRDA:109,7,1,0
BRF:20
BRH:0
end_of_record
TN:
SF:src/risk/atr.js
FN:9,computeATR
FN:24,(anonymous_1)
FNF:2
FNH:0
FNDA:0,computeATR
FNDA:0,(anonymous_1)
DA:10,0
DA:11,0
DA:14,0
DA:15,0
DA:16,0
DA:17,0
DA:18,0
DA:19,0
DA:20,0
DA:24,0
DA:25,0
DA:26,0
DA:27,0
DA:28,0
DA:31,0
LF:15
LH:0
BRDA:9,0,0,0
BRDA:10,1,0,0
BRDA:10,1,1,0
BRDA:10,2,0,0
BRDA:10,2,1,0
BRF:5
BRH:0
end_of_record
TN:
SF:src/risk/guardrails.js
FN:4,getLocalTime
FN:17,isWithinTradingSession
FN:23,(anonymous_2)
FN:26,computeDailyLossPct
FN:33,computeIntradayDDPct
FN:41,scheduleResume
FN:45,(anonymous_6)
FN:52,checkPreEntry
FN:56,(anonymous_8)
FN:57,(anonymous_9)
FN:61,(anonymous_10)
FN:102,(anonymous_11)
FNF:12
FNH:0
FNDA:0,getLocalTime
FNDA:0,isWithinTradingSession
FNDA:0,(anonymous_2)
FNDA:0,computeDailyLossPct
FNDA:0,computeIntradayDDPct
FNDA:0,scheduleResume
FNDA:0,(anonymous_6)
FNDA:0,checkPreEntry
FNDA:0,(anonymous_8)
FNDA:0,(anonymous_9)
FNDA:0,(anonymous_10)
FNDA:0,(anonymous_11)
DA:5,0
DA:12,0
DA:13,0
DA:14,0
DA:18,0
DA:19,0
DA:20,0
DA:21,0
DA:22,0
DA:23,0
DA:27,0
DA:28,0
DA:29,0
DA:30,0
DA:34,0
DA:35,0
DA:36,0
DA:37,0
DA:40,5
DA:42,0
DA:43,0
DA:44,0
DA:45,0
DA:46,0
DA:47,0
DA:53,0
DA:54,0
DA:56,0
DA:57,0
DA:58,0
DA:59,0
DA:61,0
DA:62,0
DA:63,0
DA:64,0
DA:65,0
DA:66,0
DA:69,0
DA:70,0
DA:74,0
DA:87,0
DA:90,0
DA:91,0
DA:92,0
DA:95,0
DA:96,0
DA:97,0
DA:98,0
DA:101,0
DA:102,0
DA:103,0
DA:104,0
DA:105,0
DA:108,0
DA:109,0
DA:112,0
DA:113,0
DA:114,0
DA:115,0
DA:117,0
LF:60
LH:1
BRDA:18,0,0,0
BRDA:18,0,1,0
BRDA:19,1,0,0
BRDA:19,1,1,0
BRDA:21,2,0,0
BRDA:21,2,1,0
BRDA:21,3,0,0
BRDA:21,3,1,0
BRDA:22,4,0,0
BRDA:22,4,1,0
BRDA:22,5,0,0
BRDA:22,5,1,0
BRDA:23,6,0,0
BRDA:23,6,1,0
BRDA:27,7,0,0
BRDA:27,7,1,0
BRDA:27,8,0,0
BRDA:27,8,1,0
BRDA:29,9,0,0
BRDA:29,9,1,0
BRDA:34,10,0,0
BRDA:34,10,1,0
BRDA:34,11,0,0
BRDA:34,11,1,0
BRDA:36,12,0,0
BRDA:36,12,1,0
BRDA:42,13,0,0
BRDA:42,13,1,0
BRDA:43,14,0,0
BRDA:43,14,1,0
BRDA:44,15,0,0
BRDA:44,15,1,0
BRDA:58,16,0,0
BRDA:58,16,1,0
BRDA:62,17,0,0
BRDA:62,17,1,0
BRDA:64,18,0,0
BRDA:64,18,1,0
BRDA:69,19,0,0
BRDA:69,19,1,0
BRDA:74,20,0,0
BRDA:74,20,1,0
BRDA:83,21,0,0
BRDA:84,22,0,0
BRDA:85,23,0,0
BRDA:86,24,0,0
BRDA:90,25,0,0
BRDA:90,25,1,0
BRDA:91,26,0,0
BRDA:91,26,1,0
BRDA:91,27,0,0
BRDA:91,27,1,0
BRDA:92,28,0,0
BRDA:92,28,1,0
BRDA:98,29,0,0
BRDA:98,29,1,0
BRDA:101,30,0,0
BRDA:101,30,1,0
BRDA:103,31,0,0
BRDA:103,31,1,0
BRDA:104,32,0,0
BRDA:104,32,1,0
BRDA:105,33,0,0
BRDA:105,33,1,0
BRDA:108,34,0,0
BRDA:108,34,1,0
BRDA:109,35,0,0
BRDA:109,35,1,0
BRDA:114,36,0,0
BRDA:114,36,1,0
BRDA:115,37,0,0
BRDA:115,37,1,0
BRF:72
BRH:0
end_of_record
TN:
SF:src/risk/limits.js
FN:6,now
FN:9,loadExchangeFilters
FN:15,(anonymous_2)
FN:33,roundPrice
FN:37,roundQty
FN:41,enforceNotional
FN:46,ensureSymbolSettings
FNF:7
FNH:0
FNDA:0,now
FNDA:0,loadExchangeFilters
FNDA:0,(anonymous_2)
FNDA:0,roundPrice
FNDA:0,roundQty
FNDA:0,enforceNotional
FNDA:0,ensureSymbolSettings
DA:3,5
DA:4,5
DA:6,0
DA:10,0
DA:11,0
DA:12,0
DA:14,0
DA:15,0
DA:16,0
DA:18,0
DA:19,0
DA:20,0
DA:21,0
DA:22,0
DA:23,0
DA:24,0
DA:26,0
DA:28,0
DA:29,0
DA:30,0
DA:34,0
DA:38,0
DA:42,0
DA:45,5
DA:47,0
DA:48,0
DA:49,0
DA:50,0
DA:52,0
DA:53,0
DA:54,0
DA:56,0
LF:32
LH:3
BRDA:12,0,0,0
BRDA:12,0,1,0
BRDA:12,1,0,0
BRDA:12,1,1,0
BRDA:16,2,0,0
BRDA:16,2,1,0
BRDA:19,3,0,0
BRDA:19,3,1,0
BRDA:20,4,0,0
BRDA:20,4,1,0
BRDA:21,5,0,0
BRDA:21,5,1,0
BRDA:26,6,0,0
BRDA:26,6,1,0
BRDA:46,7,0,0
BRDA:48,8,0,0
BRDA:48,8,1,0
BRDA:49,9,0,0
BRDA:49,9,1,0
BRDA:52,10,0,0
BRDA:52,10,1,0
BRDA:53,11,0,0
BRDA:53,11,1,0
BRF:23
BRH:0
end_of_record
TN:
SF:src/risk/orders.js
FN:15,buildOrders
FNF:1
FNH:0
FNDA:0,buildOrders
DA:25,0
DA:27,0
DA:29,0
DA:35,0
DA:36,0
DA:37,0
DA:40,0
DA:49,0
DA:58,0
LF:9
LH:0
BRDA:18,0,0,0
BRDA:24,1,0,0
BRDA:27,2,0,0
BRDA:27,2,1,0
BRDA:35,3,0,0
BRDA:35,3,1,0
BRF:6
BRH:0
end_of_record
TN:
SF:src/risk/sizing.js
FN:14,computePositionSize
FNF:1
FNH:0
FNDA:0,computePositionSize
DA:23,0
DA:25,0
DA:26,0
DA:27,0
DA:28,0
DA:31,0
DA:32,0
DA:33,0
DA:35,0
DA:36,0
DA:37,0
DA:38,0
DA:40,0
DA:41,0
DA:42,0
DA:44,0
DA:45,0
DA:48,0
LF:18
LH:0
BRDA:22,0,0,0
BRDA:27,1,0,0
BRDA:27,1,1,0
BRDA:27,2,0,0
BRDA:27,2,1,0
BRDA:35,3,0,0
BRDA:35,3,1,0
BRDA:35,3,2,0
BRDA:36,4,0,0
BRDA:36,4,1,0
BRDA:36,4,2,0
BRDA:37,5,0,0
BRDA:37,5,1,0
BRDA:37,5,2,0
BRDA:38,6,0,0
BRDA:38,6,1,0
BRDA:41,7,0,0
BRDA:41,7,1,0
BRDA:42,8,0,0
BRDA:42,8,1,0
BRDA:44,9,0,0
BRDA:44,9,1,0
BRDA:44,10,0,0
BRDA:44,10,1,0
BRF:24
BRH:0
end_of_record
TN:
SF:src/risk/state.js
FN:5,loadConfig
FN:10,saveConfig
FN:17,getState
FN:33,setState
FN:40,todayStr
FN:53,ensureDayStart
FN:81,updateRealizedPnlToday
FN:88,logHalt
FN:95,selectRiskHalts
FNF:9
FNH:0
FNDA:0,loadConfig
FNDA:0,saveConfig
FNDA:0,getState
FNDA:0,setState
FNDA:0,todayStr
FNDA:0,ensureDayStart
FNDA:0,updateRealizedPnlToday
FNDA:0,logHalt
FNDA:0,selectRiskHalts
DA:3,5
DA:6,0
DA:7,0
DA:11,0
DA:18,0
DA:22,0
DA:23,0
DA:34,0
DA:41,0
DA:42,0
DA:48,0
DA:49,0
DA:50,0
DA:54,0
DA:55,0
DA:56,0
DA:57,0
DA:58,0
DA:59,0
DA:60,0
DA:61,0
DA:65,0
DA:67,0
DA:68,0
DA:69,0
DA:73,0
DA:74,0
DA:77,0
DA:82,0
DA:89,0
DA:96,0
DA:100,0
LF:32
LH:1
BRDA:7,0,0,0
BRDA:7,0,1,0
BRDA:22,1,0,0
BRDA:22,1,1,0
BRDA:27,2,0,0
BRDA:27,2,1,0
BRDA:28,3,0,0
BRDA:28,3,1,0
BRDA:29,4,0,0
BRDA:29,4,1,0
BRDA:55,5,0,0
BRDA:55,5,1,0
BRDA:60,6,0,0
BRDA:60,6,1,0
BRDA:68,7,0,0
BRDA:68,7,1,0
BRDA:73,8,0,0
BRDA:73,8,1,0
BRDA:73,9,0,0
BRDA:73,9,1,0
BRDA:84,10,0,0
BRDA:84,10,1,0
BRDA:91,11,0,0
BRDA:91,11,1,0
BRDA:95,12,0,0
BRF:25
BRH:0
end_of_record
TN:
SF:src/routes/analytics-overlay.js
FN:8,(anonymous_0)
FN:14,(anonymous_1)
FN:15,(anonymous_2)
FNF:3
FNH:0
FNDA:0,(anonymous_0)
FNDA:0,(anonymous_1)
FNDA:0,(anonymous_2)
DA:6,5
DA:8,5
DA:9,0
DA:10,0
DA:11,0
DA:13,0
DA:14,0
DA:15,0
DA:17,0
DA:18,0
DA:19,0
DA:20,0
DA:23,0
DA:24,0
DA:25,0
DA:26,0
DA:29,0
DA:30,0
DA:31,0
LF:19
LH:2
BRDA:18,0,0,0
BRDA:18,0,1,0
BRDA:24,1,0,0
BRDA:24,1,1,0
BRF:4
BRH:0
end_of_record
TN:
SF:src/routes/analytics.jobs.js
FN:7,(anonymous_0)
FN:20,(anonymous_1)
FN:24,(anonymous_2)
FN:27,(anonymous_3)
FN:35,(anonymous_4)
FN:38,(anonymous_5)
FNF:6
FNH:0
FNDA:0,(anonymous_0)
FNDA:0,(anonymous_1)
FNDA:0,(anonymous_2)
FNDA:0,(anonymous_3)
FNDA:0,(anonymous_4)
FNDA:0,(anonymous_5)
DA:5,5
DA:7,5
DA:8,0
DA:9,0
DA:10,0
DA:19,0
DA:20,0
DA:21,0
DA:24,5
DA:25,0
DA:26,0
DA:27,0
DA:28,0
DA:29,0
DA:30,0
DA:31,0
DA:32,0
DA:35,5
DA:36,0
DA:37,0
DA:38,0
DA:39,0
DA:40,0
DA:41,0
DA:42,0
LF:25
LH:4
BRDA:9,0,0,0
BRDA:9,0,1,0
BRDA:19,1,0,0
BRDA:19,1,1,0
BRDA:19,2,0,0
BRDA:19,2,1,0
BRDA:19,3,0,0
BRDA:19,3,1,0
BRDA:28,4,0,0
BRDA:28,4,1,0
BRDA:39,5,0,0
BRDA:39,5,1,0
BRF:12
BRH:0
end_of_record
TN:
SF:src/routes/analytics.optimize.inline.js
FN:9,(anonymous_0)
FN:18,(anonymous_1)
FN:22,(anonymous_2)
FNF:3
FNH:0
FNDA:0,(anonymous_0)
FNDA:0,(anonymous_1)
FNDA:0,(anonymous_2)
DA:7,5
DA:9,5
DA:10,0
DA:11,0
DA:12,0
DA:13,0
DA:14,0
DA:15,0
DA:17,0
DA:18,0
DA:19,0
DA:21,0
DA:22,0
DA:23,0
DA:24,0
DA:25,0
DA:27,0
DA:28,0
DA:29,0
LF:19
LH:2
BRDA:11,0,0,0
BRDA:11,0,1,0
BRDA:12,1,0,0
BRDA:12,1,1,0
BRDA:15,2,0,0
BRDA:15,2,1,0
BRDA:19,3,0,0
BRDA:19,3,1,0
BRDA:22,4,0,0
BRDA:22,4,1,0
BRDA:23,5,0,0
BRDA:23,5,1,0
BRDA:24,6,0,0
BRDA:24,6,1,0
BRDA:25,7,0,0
BRDA:25,7,1,0
BRF:16
BRH:0
end_of_record
TN:
SF:src/routes/analytics.optimize.top.js
FN:6,(anonymous_0)
FN:10,(anonymous_1)
FN:14,(anonymous_2)
FN:15,(anonymous_3)
FN:17,(anonymous_4)
FNF:5
FNH:0
FNDA:0,(anonymous_0)
FNDA:0,(anonymous_1)
FNDA:0,(anonymous_2)
FNDA:0,(anonymous_3)
FNDA:0,(anonymous_4)
DA:4,5
DA:6,5
DA:7,0
DA:8,0
DA:9,0
DA:10,0
DA:11,0
DA:12,0
DA:13,0
DA:14,0
DA:15,0
DA:17,0
DA:18,0
LF:13
LH:2
BRDA:8,0,0,0
BRDA:8,0,1,0
BRDA:11,1,0,0
BRDA:11,1,1,0
BRDA:14,2,0,0
BRDA:14,2,1,0
BRDA:14,2,2,0
BRDA:14,2,3,0
BRF:8
BRH:0
end_of_record
TN:
SF:src/routes/analytics.overlay.sets.js
FN:7,sanitizePayload
FN:9,(anonymous_1)
FN:21,(anonymous_2)
FN:27,(anonymous_3)
FN:34,(anonymous_4)
FN:45,(anonymous_5)
FN:60,(anonymous_6)
FN:66,(anonymous_7)
FN:77,(anonymous_8)
FNF:9
FNH:0
FNDA:0,sanitizePayload
FNDA:0,(anonymous_1)
FNDA:0,(anonymous_2)
FNDA:0,(anonymous_3)
FNDA:0,(anonymous_4)
FNDA:0,(anonymous_5)
FNDA:0,(anonymous_6)
FNDA:0,(anonymous_7)
FNDA:0,(anonymous_8)
DA:5,5
DA:8,0
DA:9,0
DA:10,0
DA:11,0
DA:12,0
DA:13,0
DA:18,0
DA:21,5
DA:22,0
DA:24,0
DA:27,5
DA:28,0
DA:30,0
DA:31,0
DA:34,5
DA:35,0
DA:36,0
DA:37,0
DA:38,0
DA:42,0
DA:45,5
DA:46,0
DA:47,0
DA:48,0
DA:49,0
DA:50,0
DA:51,0
DA:52,0
DA:53,0
DA:54,0
DA:55,0
DA:56,0
DA:57,0
DA:60,5
DA:61,0
DA:62,0
DA:63,0
DA:66,5
DA:67,0
DA:68,0
DA:69,0
DA:70,0
DA:71,0
DA:72,0
DA:74,0
DA:77,5
DA:78,0
DA:79,0
DA:80,0
LF:50
LH:8
BRDA:7,0,0,0
BRDA:9,1,0,0
BRDA:9,1,1,0
BRDA:10,2,0,0
BRDA:10,2,1,0
BRDA:11,3,0,0
BRDA:11,3,1,0
BRDA:12,4,0,0
BRDA:12,4,1,0
BRDA:12,5,0,0
BRDA:12,5,1,0
BRDA:13,6,0,0
BRDA:13,6,1,0
BRDA:13,7,0,0
BRDA:13,7,1,0
BRDA:15,8,0,0
BRDA:15,8,1,0
BRDA:16,9,0,0
BRDA:16,9,1,0
BRDA:18,10,0,0
BRDA:18,10,1,0
BRDA:30,11,0,0
BRDA:30,11,1,0
BRDA:35,12,0,0
BRDA:35,12,1,0
BRDA:36,13,0,0
BRDA:36,13,1,0
BRDA:40,14,0,0
BRDA:40,14,1,0
BRDA:49,15,0,0
BRDA:49,15,1,0
BRDA:50,16,0,0
BRDA:50,16,1,0
BRDA:51,17,0,0
BRDA:51,17,1,0
BRDA:52,18,0,0
BRDA:52,18,1,0
BRDA:53,19,0,0
BRDA:53,19,1,0
BRDA:56,20,0,0
BRDA:56,20,1,0
BRDA:62,21,0,0
BRDA:62,21,1,0
BRDA:68,22,0,0
BRDA:68,22,1,0
BRDA:70,23,0,0
BRDA:70,23,1,0
BRDA:79,24,0,0
BRDA:79,24,1,0
BRF:49
BRH:0
end_of_record
TN:
SF:src/routes/analytics.overlay.share.js
FN:7,(anonymous_0)
FN:20,(anonymous_1)
FNF:2
FNH:0
FNDA:0,(anonymous_0)
FNDA:0,(anonymous_1)
DA:5,5
DA:7,5
DA:8,0
DA:9,0
DA:10,0
DA:12,0
DA:13,0
DA:17,0
DA:20,5
DA:21,0
DA:22,0
DA:23,0
LF:12
LH:3
BRDA:8,0,0,0
BRDA:8,1,0,0
BRDA:8,2,0,0
BRDA:8,3,0,0
BRDA:8,4,0,0
BRDA:8,4,1,0
BRDA:9,5,0,0
BRDA:9,5,1,0
BRDA:9,6,0,0
BRDA:9,6,1,0
BRDA:22,7,0,0
BRDA:22,7,1,0
BRF:12
BRH:0
end_of_record
TN:
SF:src/routes/analytics.overlays.csv.js
FN:7,(anonymous_0)
FN:10,(anonymous_1)
FN:22,(anonymous_2)
FN:28,(anonymous_3)
FN:31,(anonymous_4)
FN:33,(anonymous_5)
FN:33,(anonymous_6)
FN:35,(anonymous_7)
FN:37,(anonymous_8)
FN:42,(anonymous_9)
FNF:10
FNH:10
FNDA:1,(anonymous_0)
FNDA:2,(anonymous_1)
FNDA:2,(anonymous_2)
FNDA:4,(anonymous_3)
FNDA:2,(anonymous_4)
FNDA:2,(anonymous_5)
FNDA:1,(anonymous_6)
FNDA:2,(anonymous_7)
FNDA:4,(anonymous_8)
FNDA:4,(anonymous_9)
DA:5,5
DA:7,5
DA:8,1
DA:10,2
DA:13,1
DA:14,0
DA:15,0
DA:18,1
DA:19,1
DA:20,1
DA:21,2
DA:22,2
DA:23,2
DA:24,2
DA:25,2
DA:26,2
DA:27,2
DA:28,4
DA:31,2
DA:32,1
DA:33,2
DA:35,1
DA:36,2
DA:37,4
DA:38,2
DA:41,1
DA:42,4
DA:43,2
DA:46,1
DA:47,1
LF:30
LH:28
BRDA:8,0,0,1
BRDA:8,0,1,0
BRDA:13,1,0,0
BRDA:13,1,1,1
BRDA:23,2,0,0
BRDA:23,2,1,2
BRDA:42,3,0,4
BRDA:42,3,1,0
BRF:8
BRH:4
end_of_record
TN:
SF:src/routes/analytics.report.html.js
FN:9,loadSeries
FN:13,(anonymous_1)
FN:22,loadArtifactsMap
FN:26,(anonymous_3)
FN:37,parseInlineParams
FN:46,(anonymous_5)
FN:47,(anonymous_6)
FN:65,(anonymous_7)
FN:68,(anonymous_8)
FN:83,(anonymous_9)
FN:83,(anonymous_10)
FN:83,(anonymous_11)
FN:100,(anonymous_12)
FNF:13
FNH:0
FNDA:0,loadSeries
FNDA:0,(anonymous_1)
FNDA:0,loadArtifactsMap
FNDA:0,(anonymous_3)
FNDA:0,parseInlineParams
FNDA:0,(anonymous_5)
FNDA:0,(anonymous_6)
FNDA:0,(anonymous_7)
FNDA:0,(anonymous_8)
FNDA:0,(anonymous_9)
FNDA:0,(anonymous_10)
FNDA:0,(anonymous_11)
FNDA:0,(anonymous_12)
DA:10,0
DA:11,0
DA:12,0
DA:13,0
DA:14,0
DA:15,0
DA:16,0
DA:17,0
DA:19,0
DA:23,0
DA:24,0
DA:25,0
DA:26,0
DA:34,0
DA:38,0
DA:39,0
DA:40,0
DA:41,0
DA:44,5
DA:46,5
DA:47,0
DA:48,0
DA:49,0
DA:56,0
DA:58,0
DA:59,0
DA:61,0
DA:62,0
DA:63,0
DA:64,0
DA:65,0
DA:66,0
DA:67,0
DA:68,0
DA:78,0
DA:79,0
DA:80,0
DA:81,0
DA:82,0
DA:83,0
DA:84,0
DA:85,0
DA:86,0
DA:87,0
DA:91,0
DA:92,0
DA:93,0
DA:94,0
DA:95,0
DA:96,0
DA:99,0
DA:100,0
DA:105,0
DA:106,0
DA:107,0
LF:55
LH:2
BRDA:14,0,0,0
BRDA:14,0,1,0
BRDA:17,1,0,0
BRDA:17,1,1,0
BRDA:29,2,0,0
BRDA:29,2,1,0
BRDA:30,3,0,0
BRDA:30,3,1,0
BRDA:38,4,0,0
BRDA:38,4,1,0
BRDA:38,5,0,0
BRDA:38,5,1,0
BRDA:39,6,0,0
BRDA:39,6,1,0
BRDA:40,7,0,0
BRDA:40,7,1,0
BRDA:41,8,0,0
BRDA:41,8,1,0
BRDA:47,9,0,0
BRDA:47,9,1,0
BRDA:48,10,0,0
BRDA:48,10,1,0
BRDA:50,11,0,0
BRDA:50,11,1,0
BRDA:51,12,0,0
BRDA:51,12,1,0
BRDA:52,13,0,0
BRDA:52,13,1,0
BRDA:52,14,0,0
BRDA:52,14,1,0
BRDA:53,15,0,0
BRDA:53,15,1,0
BRDA:54,16,0,0
BRDA:54,16,1,0
BRDA:62,17,0,0
BRDA:62,17,1,0
BRDA:66,18,0,0
BRDA:66,18,1,0
BRDA:68,19,0,0
BRDA:68,19,1,0
BRDA:71,20,0,0
BRDA:71,20,1,0
BRDA:72,21,0,0
BRDA:72,21,1,0
BRDA:79,22,0,0
BRDA:79,22,1,0
BRDA:81,23,0,0
BRDA:81,23,1,0
BRDA:84,24,0,0
BRDA:84,24,1,0
BRDA:85,25,0,0
BRDA:85,25,1,0
BRDA:92,26,0,0
BRDA:92,26,1,0
BRDA:94,27,0,0
BRDA:94,27,1,0
BRF:56
BRH:0
end_of_record
TN:
SF:src/routes/analytics.report.js
FN:9,loadOverlaySeries
FN:13,(anonymous_1)
FN:23,(anonymous_2)
FN:26,(anonymous_3)
FN:40,(anonymous_4)
FN:40,(anonymous_5)
FN:40,(anonymous_6)
FN:56,(anonymous_7)
FN:67,(anonymous_8)
FN:74,(anonymous_9)
FN:76,pct
FN:77,pp
FN:81,(anonymous_12)
FN:81,(anonymous_13)
FN:82,(anonymous_14)
FN:83,(anonymous_15)
FN:85,(anonymous_16)
FN:87,(anonymous_17)
FN:91,(anonymous_18)
FN:98,(anonymous_19)
FN:109,(anonymous_20)
FN:117,(anonymous_21)
FN:123,(anonymous_22)
FN:123,(anonymous_23)
FN:124,(anonymous_24)
FN:125,(anonymous_25)
FN:127,(anonymous_26)
FN:127,(anonymous_27)
FN:128,(anonymous_28)
FNF:29
FNH:0
FNDA:0,loadOverlaySeries
FNDA:0,(anonymous_1)
FNDA:0,(anonymous_2)
FNDA:0,(anonymous_3)
FNDA:0,(anonymous_4)
FNDA:0,(anonymous_5)
FNDA:0,(anonymous_6)
FNDA:0,(anonymous_7)
FNDA:0,(anonymous_8)
FNDA:0,(anonymous_9)
FNDA:0,pct
FNDA:0,pp
FNDA:0,(anonymous_12)
FNDA:0,(anonymous_13)
FNDA:0,(anonymous_14)
FNDA:0,(anonymous_15)
FNDA:0,(anonymous_16)
FNDA:0,(anonymous_17)
FNDA:0,(anonymous_18)
FNDA:0,(anonymous_19)
FNDA:0,(anonymous_20)
FNDA:0,(anonymous_21)
FNDA:0,(anonymous_22)
FNDA:0,(anonymous_23)
FNDA:0,(anonymous_24)
FNDA:0,(anonymous_25)
FNDA:0,(anonymous_26)
FNDA:0,(anonymous_27)
FNDA:0,(anonymous_28)
DA:7,5
DA:10,0
DA:11,0
DA:12,0
DA:13,0
DA:14,0
DA:15,0
DA:16,0
DA:17,0
DA:18,0
DA:20,0
DA:23,5
DA:24,0
DA:26,0
DA:29,0
DA:30,0
DA:31,0
DA:33,0
DA:35,0
DA:37,0
DA:38,0
DA:39,0
DA:40,0
DA:41,0
DA:42,0
DA:43,0
DA:44,0
DA:45,0
DA:46,0
DA:50,0
DA:52,0
DA:53,0
DA:55,0
DA:56,0
DA:57,0
DA:59,0
DA:60,0
DA:62,0
DA:64,0
DA:67,0
DA:74,0
DA:76,0
DA:77,0
DA:78,0
DA:80,0
DA:81,0
DA:82,0
DA:83,0
DA:84,0
DA:85,0
DA:86,0
DA:87,0
DA:88,0
DA:90,0
DA:91,0
DA:93,0
DA:95,0
DA:98,5
DA:99,0
DA:100,0
DA:102,0
DA:103,0
DA:105,0
DA:106,0
DA:108,0
DA:109,0
DA:110,0
DA:112,0
DA:113,0
DA:114,0
DA:116,0
DA:117,0
DA:120,0
DA:122,0
DA:123,0
DA:124,0
DA:125,0
DA:126,0
DA:127,0
DA:128,0
DA:129,0
DA:131,0
DA:132,0
DA:133,0
DA:136,0
LF:85
LH:3
BRDA:14,0,0,0
BRDA:14,0,1,0
BRDA:17,1,0,0
BRDA:17,1,1,0
BRDA:24,2,0,0
BRDA:24,2,1,0
BRDA:29,3,0,0
BRDA:29,3,1,0
BRDA:30,4,0,0
BRDA:30,4,1,0
BRDA:31,5,0,0
BRDA:31,5,1,0
BRDA:33,6,0,0
BRDA:33,6,1,0
BRDA:38,7,0,0
BRDA:38,7,1,0
BRDA:41,8,0,0
BRDA:41,8,1,0
BRDA:42,9,0,0
BRDA:42,9,1,0
BRDA:43,10,0,0
BRDA:43,10,1,0
BRDA:69,11,0,0
BRDA:69,11,1,0
BRDA:76,12,0,0
BRDA:76,12,1,0
BRDA:77,13,0,0
BRDA:77,13,1,0
BRDA:91,14,0,0
BRDA:91,14,1,0
BRDA:99,15,0,0
BRDA:99,16,0,0
BRDA:99,17,0,0
BRDA:99,18,0,0
BRDA:99,19,0,0
BRDA:99,19,1,0
BRDA:100,20,0,0
BRDA:100,20,1,0
BRDA:100,21,0,0
BRDA:100,21,1,0
BRDA:118,22,0,0
BRDA:118,22,1,0
BRDA:128,23,0,0
BRDA:128,23,1,0
BRDA:131,24,0,0
BRDA:131,24,1,0
BRDA:131,25,0,0
BRDA:131,25,1,0
BRF:48
BRH:0
end_of_record
TN:
SF:src/routes/analytics.report.share.html.js
FN:10,loadSeries
FN:14,(anonymous_1)
FN:23,loadArtifactsMap
FN:27,(anonymous_3)
FN:40,(anonymous_4)
FN:63,(anonymous_5)
FN:66,(anonymous_6)
FN:80,(anonymous_7)
FN:80,(anonymous_8)
FN:80,(anonymous_9)
FNF:10
FNH:0
FNDA:0,loadSeries
FNDA:0,(anonymous_1)
FNDA:0,loadArtifactsMap
FNDA:0,(anonymous_3)
FNDA:0,(anonymous_4)
FNDA:0,(anonymous_5)
FNDA:0,(anonymous_6)
FNDA:0,(anonymous_7)
FNDA:0,(anonymous_8)
FNDA:0,(anonymous_9)
DA:11,0
DA:12,0
DA:13,0
DA:14,0
DA:15,0
DA:16,0
DA:17,0
DA:18,0
DA:20,0
DA:24,0
DA:25,0
DA:26,0
DA:27,0
DA:35,0
DA:38,5
DA:40,5
DA:41,0
DA:42,0
DA:43,0
DA:44,0
DA:45,0
DA:46,0
DA:48,0
DA:49,0
DA:50,0
DA:56,0
DA:57,0
DA:59,0
DA:60,0
DA:61,0
DA:62,0
DA:63,0
DA:64,0
DA:65,0
DA:66,0
DA:75,0
DA:76,0
DA:77,0
DA:78,0
DA:79,0
DA:80,0
DA:81,0
DA:82,0
DA:83,0
DA:84,0
DA:88,0
DA:89,0
DA:90,0
DA:91,0
DA:92,0
DA:93,0
DA:95,0
DA:101,0
DA:102,0
DA:103,0
LF:55
LH:2
BRDA:15,0,0,0
BRDA:15,0,1,0
BRDA:18,1,0,0
BRDA:18,1,1,0
BRDA:30,2,0,0
BRDA:30,2,1,0
BRDA:31,3,0,0
BRDA:31,3,1,0
BRDA:43,4,0,0
BRDA:43,4,1,0
BRDA:43,5,0,0
BRDA:43,5,1,0
BRDA:44,6,0,0
BRDA:44,6,1,0
BRDA:46,7,0,0
BRDA:46,7,1,0
BRDA:46,8,0,0
BRDA:46,8,1,0
BRDA:48,9,0,0
BRDA:48,9,1,0
BRDA:49,10,0,0
BRDA:49,10,1,0
BRDA:51,11,0,0
BRDA:51,11,1,0
BRDA:52,12,0,0
BRDA:52,12,1,0
BRDA:53,13,0,0
BRDA:53,13,1,0
BRDA:60,14,0,0
BRDA:60,14,1,0
BRDA:64,15,0,0
BRDA:64,15,1,0
BRDA:66,16,0,0
BRDA:66,16,1,0
BRDA:66,17,0,0
BRDA:66,17,1,0
BRDA:69,18,0,0
BRDA:69,18,1,0
BRDA:70,19,0,0
BRDA:70,19,1,0
BRDA:76,20,0,0
BRDA:76,20,1,0
BRDA:78,21,0,0
BRDA:78,21,1,0
BRDA:81,22,0,0
BRDA:81,22,1,0
BRDA:82,23,0,0
BRDA:82,23,1,0
BRDA:88,24,0,0
BRDA:88,24,1,0
BRDA:89,25,0,0
BRDA:89,25,1,0
BRDA:91,26,0,0
BRDA:91,26,1,0
BRF:54
BRH:0
end_of_record
TN:
SF:src/routes/artifacts.js
FN:10,getArtifact
FN:19,(anonymous_1)
FN:27,(anonymous_2)
FN:35,(anonymous_3)
FN:57,streamArtifact
FN:112,(anonymous_5)
FN:116,(anonymous_6)
FNF:7
FNH:7
FNDA:5,getArtifact
FNDA:2,(anonymous_1)
FNDA:2,(anonymous_2)
FNDA:1,(anonymous_3)
FNDA:4,streamArtifact
FNDA:2,(anonymous_5)
FNDA:2,(anonymous_6)
DA:8,5
DA:11,5
DA:16,5
DA:19,5
DA:20,2
DA:21,2
DA:26,2
DA:27,2
DA:35,5
DA:36,1
DA:37,1
DA:38,1
DA:39,1
DA:40,1
DA:42,1
DA:43,1
DA:44,1
DA:45,1
DA:46,1
DA:47,1
DA:48,1
DA:49,1
DA:50,1
DA:51,1
DA:53,0
DA:58,4
DA:59,4
DA:60,4
DA:61,4
DA:63,4
DA:64,0
DA:67,4
DA:68,4
DA:69,4
DA:70,4
DA:72,4
DA:73,0
DA:74,0
DA:75,0
DA:78,4
DA:79,4
DA:81,4
DA:82,4
DA:83,4
DA:84,4
DA:85,4
DA:86,4
DA:87,2
DA:88,2
DA:90,2
DA:93,4
DA:94,1
DA:95,1
DA:96,1
DA:97,1
DA:98,1
DA:99,1
DA:101,3
DA:102,3
DA:103,3
DA:104,3
DA:107,0
DA:108,0
DA:112,5
DA:113,2
DA:116,5
DA:117,2
LF:67
LH:60
BRDA:16,0,0,5
BRDA:16,0,1,0
BRDA:39,1,0,0
BRDA:39,1,1,1
BRDA:40,2,0,0
BRDA:40,2,1,1
BRDA:61,3,0,0
BRDA:61,3,1,4
BRDA:63,4,0,0
BRDA:63,4,1,4
BRDA:72,5,0,0
BRDA:72,5,1,4
BRDA:86,6,0,2
BRDA:86,6,1,2
BRDA:87,7,0,2
BRDA:87,7,1,0
BRDA:93,8,0,1
BRDA:93,8,1,3
BRF:18
BRH:11
end_of_record
TN:
SF:src/routes/config.js
FN:9,(anonymous_0)
FN:11,(anonymous_1)
FN:16,(anonymous_2)
FN:24,(anonymous_3)
FN:33,(anonymous_4)
FN:44,(anonymous_5)
FN:49,(anonymous_6)
FN:54,(anonymous_7)
FN:58,configRoutes
FNF:9
FNH:1
FNDA:0,(anonymous_0)
FNDA:0,(anonymous_1)
FNDA:0,(anonymous_2)
FNDA:0,(anonymous_3)
FNDA:0,(anonymous_4)
FNDA:0,(anonymous_5)
FNDA:0,(anonymous_6)
FNDA:0,(anonymous_7)
FNDA:5,configRoutes
DA:7,5
DA:9,5
DA:10,0
DA:11,0
DA:12,0
DA:13,0
DA:16,5
DA:17,0
DA:18,0
DA:19,0
DA:20,0
DA:21,0
DA:24,5
DA:25,0
DA:26,0
DA:27,0
DA:28,0
DA:29,0
DA:30,0
DA:33,5
DA:34,0
DA:35,0
DA:36,0
DA:37,0
DA:41,0
DA:44,5
DA:45,0
DA:46,0
DA:49,5
DA:50,0
DA:51,0
DA:54,5
DA:55,0
DA:59,5
LF:34
LH:9
BRDA:19,0,0,0
BRDA:19,0,1,0
BRDA:27,1,0,0
BRDA:27,1,1,0
BRDA:34,2,0,0
BRDA:34,3,0,0
BRDA:34,3,1,0
BRDA:35,4,0,0
BRDA:35,4,1,0
BRDA:36,5,0,0
BRDA:36,5,1,0
BRF:11
BRH:0
end_of_record
TN:
SF:src/routes/debug-observ.js
FN:6,(anonymous_0)
FN:10,(anonymous_1)
FNF:2
FNH:0
FNDA:0,(anonymous_0)
FNDA:0,(anonymous_1)
DA:4,5
DA:6,5
DA:7,0
DA:9,0
DA:10,0
DA:11,0
DA:12,0
DA:13,0
DA:14,0
DA:15,0
DA:16,0
DA:18,0
DA:19,0
LF:13
LH:2
BRDA:7,0,0,0
BRDA:7,1,0,0
BRDA:7,2,0,0
BRDA:7,3,0,0
BRDA:7,4,0,0
BRDA:7,4,1,0
BRF:6
BRH:0
end_of_record
TN:
SF:src/routes/equity.js
FN:8,parseDate
FN:14,parseParams
FN:21,(anonymous_2)
FN:28,parseFilters
FN:38,startingEquity
FN:47,tableExists
FN:52,loadEquitySeries
FN:67,(anonymous_7)
FN:94,loadNewEquityPoints
FN:116,(anonymous_9)
FN:128,(anonymous_10)
FN:137,(anonymous_11)
FN:149,(anonymous_12)
FN:151,(anonymous_13)
FN:159,(anonymous_14)
FN:161,(anonymous_15)
FN:166,(anonymous_16)
FN:172,(anonymous_17)
FN:181,equityRoutes
FNF:19
FNH:1
FNDA:0,parseDate
FNDA:0,parseParams
FNDA:0,(anonymous_2)
FNDA:0,parseFilters
FNDA:0,startingEquity
FNDA:0,tableExists
FNDA:0,loadEquitySeries
FNDA:0,(anonymous_7)
FNDA:0,loadNewEquityPoints
FNDA:0,(anonymous_9)
FNDA:0,(anonymous_10)
FNDA:0,(anonymous_11)
FNDA:0,(anonymous_12)
FNDA:0,(anonymous_13)
FNDA:0,(anonymous_14)
FNDA:0,(anonymous_15)
FNDA:0,(anonymous_16)
FNDA:0,(anonymous_17)
FNDA:5,equityRoutes
DA:5,5
DA:6,5
DA:9,0
DA:10,0
DA:11,0
DA:15,0
DA:16,0
DA:17,0
DA:19,0
DA:20,0
DA:21,0
DA:22,0
DA:24,0
DA:29,0
DA:39,0
DA:40,0
DA:41,0
DA:43,0
DA:48,0
DA:49,0
DA:53,0
DA:54,0
DA:55,0
DA:56,0
DA:57,0
DA:58,0
DA:59,0
DA:60,0
DA:61,0
DA:62,0
DA:63,0
DA:64,0
DA:65,0
DA:66,0
DA:67,0
DA:68,0
DA:69,0
DA:71,0
DA:72,0
DA:73,0
DA:74,0
DA:75,0
DA:76,0
DA:77,0
DA:78,0
DA:79,0
DA:80,0
DA:81,0
DA:82,0
DA:83,0
DA:84,0
DA:85,0
DA:86,0
DA:87,0
DA:89,0
DA:90,0
DA:95,0
DA:96,0
DA:97,0
DA:98,0
DA:99,0
DA:100,0
DA:101,0
DA:102,0
DA:103,0
DA:104,0
DA:105,0
DA:106,0
DA:107,0
DA:108,0
DA:109,0
DA:110,0
DA:111,0
DA:113,0
DA:116,5
DA:117,0
DA:118,0
DA:119,0
DA:120,0
DA:121,0
DA:123,0
DA:124,0
DA:128,5
DA:129,0
DA:135,0
DA:136,0
DA:137,0
DA:138,0
DA:139,0
DA:142,0
DA:143,0
DA:144,0
DA:145,0
DA:147,0
DA:148,0
DA:149,0
DA:150,0
DA:151,0
DA:152,0
DA:153,0
DA:156,0
DA:159,0
DA:160,0
DA:161,0
DA:162,0
DA:163,0
DA:166,0
DA:167,0
DA:168,0
DA:169,0
DA:172,0
DA:173,0
DA:174,0
DA:175,0
DA:176,0
DA:177,0
DA:182,5
LF:117
LH:5
BRDA:9,0,0,0
BRDA:9,0,1,0
BRDA:11,1,0,0
BRDA:11,1,1,0
BRDA:15,2,0,0
BRDA:15,2,1,0
BRDA:22,3,0,0
BRDA:22,3,1,0
BRDA:22,4,0,0
BRDA:22,4,1,0
BRDA:22,5,0,0
BRDA:22,5,1,0
BRDA:24,6,0,0
BRDA:24,6,1,0
BRDA:30,7,0,0
BRDA:30,7,1,0
BRDA:30,8,0,0
BRDA:30,8,1,0
BRDA:31,9,0,0
BRDA:31,9,1,0
BRDA:31,10,0,0
BRDA:31,10,1,0
BRDA:41,11,0,0
BRDA:41,11,1,0
BRDA:52,12,0,0
BRDA:54,13,0,0
BRDA:54,13,1,0
BRDA:59,14,0,0
BRDA:59,14,1,0
BRDA:60,15,0,0
BRDA:60,15,1,0
BRDA:61,16,0,0
BRDA:61,16,1,0
BRDA:62,17,0,0
BRDA:62,17,1,0
BRDA:63,18,0,0
BRDA:63,18,1,0
BRDA:64,19,0,0
BRDA:64,19,1,0
BRDA:69,20,0,0
BRDA:69,20,1,0
BRDA:69,21,0,0
BRDA:69,21,1,0
BRDA:75,22,0,0
BRDA:75,22,1,0
BRDA:76,23,0,0
BRDA:76,23,1,0
BRDA:77,24,0,0
BRDA:77,24,1,0
BRDA:78,25,0,0
BRDA:78,25,1,0
BRDA:79,26,0,0
BRDA:79,26,1,0
BRDA:86,27,0,0
BRDA:86,27,1,0
BRDA:90,28,0,0
BRDA:90,28,1,0
BRDA:90,29,0,0
BRDA:90,29,1,0
BRDA:99,30,0,0
BRDA:99,30,1,0
BRDA:100,31,0,0
BRDA:100,31,1,0
BRDA:101,32,0,0
BRDA:101,32,1,0
BRDA:102,33,0,0
BRDA:102,33,1,0
BRDA:109,34,0,0
BRDA:109,34,1,0
BRDA:139,35,0,0
BRDA:139,35,1,0
BRDA:150,36,0,0
BRDA:150,36,1,0
BRDA:160,37,0,0
BRDA:160,37,1,0
BRDA:175,38,0,0
BRDA:175,38,1,0
BRF:77
BRH:0
end_of_record
TN:
SF:src/routes/health.js
FN:1,healthRoutes
FN:2,(anonymous_1)
FN:6,(anonymous_2)
FNF:3
FNH:1
FNDA:5,healthRoutes
FNDA:0,(anonymous_1)
FNDA:0,(anonymous_2)
DA:2,5
DA:3,0
DA:6,5
DA:7,0
LF:4
LH:2
BRF:0
BRH:0
end_of_record
TN:
SF:src/routes/live.equity.js
FN:8,(anonymous_0)
FN:20,(anonymous_1)
FNF:2
FNH:2
FNDA:2,(anonymous_0)
FNDA:1,(anonymous_1)
DA:6,5
DA:8,5
DA:9,2
DA:10,2
DA:11,2
DA:12,2
DA:13,0
DA:14,0
DA:16,2
DA:17,2
DA:20,5
DA:21,1
DA:22,1
DA:23,1
DA:24,1
DA:26,0
LF:16
LH:13
BRDA:9,0,0,2
BRDA:9,0,1,0
BRDA:11,1,0,2
BRDA:11,1,1,2
BRDA:12,2,0,0
BRDA:12,2,1,2
BRDA:22,3,0,1
BRDA:22,3,1,0
BRF:8
BRH:5
end_of_record
TN:
SF:src/routes/live.js
FN:7,(anonymous_0)
FN:16,(anonymous_1)
FN:35,(anonymous_2)
FN:36,(anonymous_3)
FN:37,(anonymous_4)
FN:43,(anonymous_5)
FN:45,(anonymous_6)
FN:54,userStreamRoutes
FNF:8
FNH:1
FNDA:0,(anonymous_0)
FNDA:0,(anonymous_1)
FNDA:0,(anonymous_2)
FNDA:0,(anonymous_3)
FNDA:0,(anonymous_4)
FNDA:0,(anonymous_5)
FNDA:0,(anonymous_6)
FNDA:5,userStreamRoutes
DA:5,5
DA:7,5
DA:8,0
DA:14,0
DA:16,0
DA:18,0
DA:19,0
DA:21,0
DA:24,0
DA:25,0
DA:30,0
DA:32,0
DA:35,0
DA:36,0
DA:37,0
DA:39,0
DA:40,0
DA:41,0
DA:43,0
DA:45,0
DA:46,0
DA:47,0
DA:48,0
DA:49,0
DA:50,0
DA:55,5
LF:26
LH:3
BRF:0
BRH:0
end_of_record
TN:
SF:src/routes/portfolio.js
FN:7,parseRangeMs
FN:14,(anonymous_1)
FN:30,(anonymous_2)
FN:32,(anonymous_3)
FN:48,(anonymous_4)
FN:49,(anonymous_5)
FN:52,(anonymous_6)
FN:61,(anonymous_7)
FN:62,(anonymous_8)
FN:65,(anonymous_9)
FN:101,(anonymous_10)
FN:103,(anonymous_11)
FN:104,(anonymous_12)
FN:106,(anonymous_13)
FN:111,(anonymous_14)
FN:123,(anonymous_15)
FN:133,(anonymous_16)
FN:145,(anonymous_17)
FN:146,(anonymous_18)
FN:148,pearson
FN:160,(anonymous_20)
FN:170,(anonymous_21)
FN:186,portfolioRoutes
FNF:23
FNH:14
FNDA:1,parseRangeMs
FNDA:1,(anonymous_1)
FNDA:1,(anonymous_2)
FNDA:1,(anonymous_3)
FNDA:1,(anonymous_4)
FNDA:1,(anonymous_5)
FNDA:0,(anonymous_6)
FNDA:1,(anonymous_7)
FNDA:1,(anonymous_8)
FNDA:0,(anonymous_9)
FNDA:2,(anonymous_10)
FNDA:1,(anonymous_11)
FNDA:1,(anonymous_12)
FNDA:1,(anonymous_13)
FNDA:1,(anonymous_14)
FNDA:0,(anonymous_15)
FNDA:0,(anonymous_16)
FNDA:0,(anonymous_17)
FNDA:0,(anonymous_18)
FNDA:0,pearson
FNDA:0,(anonymous_20)
FNDA:0,(anonymous_21)
FNDA:5,portfolioRoutes
DA:5,5
DA:8,1
DA:9,1
DA:10,1
DA:11,1
DA:14,5
DA:15,1
DA:16,1
DA:17,1
DA:19,1
DA:30,1
DA:31,1
DA:32,1
DA:33,1
DA:34,1
DA:35,1
DA:36,1
DA:37,1
DA:38,1
DA:48,1
DA:49,1
DA:52,0
DA:54,1
DA:61,1
DA:62,1
DA:65,0
DA:67,1
DA:74,1
DA:82,1
DA:101,2
DA:103,1
DA:104,1
DA:105,1
DA:106,1
DA:107,1
DA:108,1
DA:109,1
DA:111,1
DA:113,1
DA:123,5
DA:124,0
DA:125,0
DA:133,0
DA:134,0
DA:136,0
DA:145,0
DA:146,0
DA:149,0
DA:150,0
DA:151,0
DA:152,0
DA:153,0
DA:154,0
DA:155,0
DA:156,0
DA:157,0
DA:160,0
DA:161,0
DA:162,0
DA:163,0
DA:164,0
DA:167,0
DA:170,5
DA:171,0
DA:172,0
DA:173,0
DA:174,0
DA:175,0
DA:176,0
DA:183,0
DA:187,5
LF:71
LH:40
BRDA:8,0,0,1
BRDA:8,0,1,0
BRDA:9,1,0,1
BRDA:9,1,1,0
BRDA:10,2,0,0
BRDA:10,2,1,1
BRDA:10,3,0,1
BRDA:10,3,1,1
BRDA:16,4,0,0
BRDA:16,4,1,1
BRDA:34,5,0,1
BRDA:34,5,1,0
BRDA:35,6,0,1
BRDA:35,6,1,0
BRDA:36,7,0,1
BRDA:36,7,1,0
BRDA:48,8,0,1
BRDA:48,8,1,0
BRDA:51,9,0,1
BRDA:51,9,1,0
BRDA:61,10,0,1
BRDA:61,10,1,0
BRDA:61,11,0,1
BRDA:61,11,1,0
BRDA:64,12,0,1
BRDA:64,12,1,0
BRDA:64,13,0,1
BRDA:64,13,1,0
BRDA:101,14,0,2
BRDA:101,14,1,0
BRDA:108,15,0,1
BRDA:108,15,1,0
BRDA:111,16,0,1
BRDA:111,16,1,0
BRDA:124,17,0,0
BRDA:124,17,1,0
BRDA:134,18,0,0
BRDA:134,18,1,0
BRDA:146,19,0,0
BRDA:146,19,1,0
BRDA:150,20,0,0
BRDA:150,20,1,0
BRDA:157,21,0,0
BRDA:157,21,1,0
BRDA:164,22,0,0
BRDA:164,22,1,0
BRDA:172,23,0,0
BRDA:172,23,1,0
BRDA:174,24,0,0
BRDA:174,24,1,0
BRDA:175,25,0,0
BRDA:175,25,1,0
BRF:52
BRH:18
end_of_record
TN:
SF:src/routes/risk.js
FN:6,(anonymous_0)
FN:10,(anonymous_1)
FN:15,(anonymous_2)
FN:22,(anonymous_3)
FN:28,(anonymous_4)
FN:33,riskRoutes
FNF:6
FNH:1
FNDA:0,(anonymous_0)
FNDA:0,(anonymous_1)
FNDA:0,(anonymous_2)
FNDA:0,(anonymous_3)
FNDA:0,(anonymous_4)
FNDA:5,riskRoutes
DA:4,5
DA:6,5
DA:7,0
DA:10,5
DA:11,0
DA:12,0
DA:15,5
DA:16,0
DA:17,0
DA:18,0
DA:19,0
DA:22,5
DA:23,0
DA:24,0
DA:25,0
DA:28,5
DA:29,0
DA:30,0
DA:34,5
LF:19
LH:7
BRDA:16,0,0,0
BRDA:16,0,1,0
BRDA:18,1,0,0
BRDA:18,1,1,0
BRF:4
BRH:0
end_of_record
TN:
SF:src/routes/sse.js
FN:7,sseRoutes
FN:8,(anonymous_1)
FN:22,(anonymous_2)
FN:27,(anonymous_3)
FN:35,getActiveTraceMeta
FN:42,sseBroadcast
FNF:6
FNH:1
FNDA:5,sseRoutes
FNDA:0,(anonymous_1)
FNDA:0,(anonymous_2)
FNDA:0,(anonymous_3)
FNDA:0,getActiveTraceMeta
FNDA:0,sseBroadcast
DA:5,5
DA:8,5
DA:9,0
DA:10,0
DA:11,0
DA:12,0
DA:14,0
DA:15,0
DA:16,0
DA:17,0
DA:19,0
DA:20,0
DA:22,0
DA:23,0
DA:24,0
DA:27,0
DA:28,0
DA:29,0
DA:30,0
DA:36,0
DA:37,0
DA:38,0
DA:39,0
DA:43,0
DA:44,0
DA:45,0
DA:46,0
LF:27
LH:2
BRDA:12,0,0,0
BRDA:12,0,1,0
BRDA:14,1,0,0
BRDA:14,1,1,0
BRDA:37,2,0,0
BRDA:37,2,1,0
BRDA:42,3,0,0
BRF:7
BRH:0
end_of_record
TN:
SF:src/services/analyticsArtifacts.js
FN:10,_key
FN:12,listArtifacts
FN:20,readCSVFile
FN:25,readArtifactCSV
FN:38,normalizeEquity
FN:40,(anonymous_5)
FN:41,(anonymous_6)
FN:42,(anonymous_7)
FN:45,(anonymous_8)
FN:50,normalizeTrades
FN:51,(anonymous_10)
FN:51,(anonymous_11)
FN:52,(anonymous_12)
FN:60,(anonymous_13)
FNF:14
FNH:0
FNDA:0,_key
FNDA:0,listArtifacts
FNDA:0,readCSVFile
FNDA:0,readArtifactCSV
FNDA:0,normalizeEquity
FNDA:0,(anonymous_5)
FNDA:0,(anonymous_6)
FNDA:0,(anonymous_7)
FNDA:0,(anonymous_8)
FNDA:0,normalizeTrades
FNDA:0,(anonymous_10)
FNDA:0,(anonymous_11)
FNDA:0,(anonymous_12)
FNDA:0,(anonymous_13)
DA:7,4
DA:8,4
DA:10,0
DA:13,0
DA:17,0
DA:21,0
DA:22,0
DA:26,0
DA:27,0
DA:28,0
DA:29,0
DA:30,0
DA:31,0
DA:32,0
DA:33,0
DA:34,0
DA:35,0
DA:39,0
DA:40,0
DA:41,0
DA:42,0
DA:45,0
DA:46,0
DA:47,0
DA:51,0
DA:52,0
DA:60,0
LF:27
LH:2
BRDA:31,0,0,0
BRDA:31,0,1,0
BRDA:31,1,0,0
BRDA:31,1,1,0
BRDA:38,2,0,0
BRDA:39,3,0,0
BRDA:39,3,1,0
BRDA:40,4,0,0
BRDA:40,4,1,0
BRDA:41,5,0,0
BRDA:41,5,1,0
BRDA:43,6,0,0
BRDA:43,6,1,0
BRDA:44,7,0,0
BRDA:44,7,1,0
BRDA:45,8,0,0
BRDA:45,8,1,0
BRDA:46,9,0,0
BRDA:46,9,1,0
BRDA:55,10,0,0
BRDA:55,10,1,0
BRDA:60,11,0,0
BRDA:60,11,1,0
BRF:23
BRH:0
end_of_record
TN:
SF:src/services/artifactsFS.js
FN:24,mimeOf
FN:28,safeResolve
FN:34,etagFromStat
FN:39,statCached
FN:48,parseRange
FN:59,writeJobArtifact
FNF:6
FNH:6
FNDA:5,mimeOf
FNDA:5,safeResolve
FNDA:5,etagFromStat
FNDA:5,statCached
FNDA:4,parseRange
FNDA:1,writeJobArtifact
DA:8,5
DA:10,5
DA:25,5
DA:29,5
DA:30,5
DA:31,5
DA:35,5
DA:36,5
DA:40,5
DA:41,5
DA:42,2
DA:43,2
DA:44,2
DA:45,2
DA:49,4
DA:50,1
DA:51,1
DA:52,1
DA:53,1
DA:54,1
DA:55,1
DA:56,1
DA:60,1
DA:61,1
DA:62,1
DA:63,1
DA:64,1
DA:65,1
DA:66,1
DA:71,1
LF:30
LH:30
BRDA:25,0,0,5
BRDA:25,0,1,0
BRDA:30,1,0,0
BRDA:30,1,1,5
BRDA:41,2,0,3
BRDA:41,2,1,2
BRDA:49,3,0,3
BRDA:49,3,1,1
BRDA:49,4,0,4
BRDA:49,4,1,1
BRDA:51,5,0,1
BRDA:51,5,1,0
BRDA:52,6,0,1
BRDA:52,6,1,0
BRDA:53,7,0,0
BRDA:53,7,1,1
BRDA:54,8,0,0
BRDA:54,8,1,1
BRDA:54,9,0,1
BRDA:54,9,1,1
BRDA:55,10,0,0
BRDA:55,10,1,1
BRF:22
BRH:15
end_of_record
TN:
SF:src/services/httpCache.js
FN:3,eTagOfJSON
FN:9,applyCacheHeaders
FN:17,handleConditionalReq
FNF:3
FNH:3
FNDA:5,eTagOfJSON
FNDA:2,applyCacheHeaders
FNDA:3,handleConditionalReq
DA:4,5
DA:5,5
DA:6,5
DA:10,2
DA:11,2
DA:12,2
DA:13,2
DA:18,3
DA:19,3
DA:20,2
DA:21,2
DA:22,0
DA:23,0
DA:25,2
LF:14
LH:12
BRDA:10,0,0,2
BRDA:10,0,1,0
BRDA:11,1,0,2
BRDA:11,1,1,0
BRDA:12,2,0,2
BRDA:12,2,1,0
BRDA:19,3,0,1
BRDA:19,3,1,2
BRDA:19,4,0,3
BRDA:19,4,1,1
BRDA:19,4,2,1
BRDA:21,5,0,0
BRDA:21,5,1,2
BRDA:23,6,0,0
BRDA:23,6,1,0
BRDA:23,7,0,0
BRDA:23,7,1,0
BRDA:23,7,2,0
BRF:18
BRH:9
end_of_record
TN:
SF:src/services/liveEquity.js
FN:4,writeSnapshot
FN:15,readSeries
FN:30,(anonymous_2)
FNF:3
FNH:3
FNDA:1,writeSnapshot
FNDA:3,readSeries
FNDA:6,(anonymous_2)
DA:5,1
DA:6,1
DA:7,1
DA:12,1
DA:16,3
DA:17,3
DA:18,3
DA:19,3
DA:20,3
DA:21,3
DA:22,3
DA:30,6
DA:31,3
DA:32,1
DA:33,1
DA:35,3
LF:16
LH:16
BRDA:4,0,0,0
BRDA:4,1,0,1
BRDA:5,2,0,0
BRDA:5,2,1,1
BRDA:5,3,0,1
BRDA:5,3,1,1
BRDA:15,4,0,3
BRDA:17,5,0,2
BRDA:17,5,1,1
BRDA:18,6,0,2
BRDA:18,6,1,1
BRDA:19,7,0,3
BRDA:19,7,1,0
BRDA:19,8,0,3
BRDA:19,8,1,3
BRDA:21,9,0,3
BRDA:21,9,1,0
BRDA:31,10,0,1
BRDA:31,10,1,2
BRDA:31,11,0,3
BRDA:31,11,1,2
BRDA:32,12,0,1
BRDA:32,12,1,0
BRF:23
BRH:18
end_of_record
TN:
SF:src/services/marketData.js
FN:3,latestPrices
FN:10,(anonymous_1)
FN:18,(anonymous_2)
FNF:3
FNH:2
FNDA:1,latestPrices
FNDA:0,(anonymous_1)
FNDA:1,(anonymous_2)
DA:4,1
DA:5,0
DA:10,0
DA:12,1
DA:18,1
LF:5
LH:3
BRDA:3,0,0,0
BRDA:4,1,0,0
BRDA:4,1,1,1
BRF:3
BRH:1
end_of_record
TN:
SF:src/services/overlayPerf.js
FN:4,simplify
FN:6,(anonymous_1)
FN:7,(anonymous_2)
FN:20,(anonymous_3)
FN:43,getCache
FN:49,setCache
FN:53,lttb
FNF:7
FNH:1
FNDA:0,simplify
FNDA:0,(anonymous_1)
FNDA:0,(anonymous_2)
FNDA:0,(anonymous_3)
FNDA:0,getCache
FNDA:0,setCache
FNDA:2,lttb
DA:5,0
DA:6,0
DA:7,0
DA:8,0
DA:9,0
DA:10,0
DA:11,0
DA:12,0
DA:13,0
DA:14,0
DA:15,0
DA:16,0
DA:17,0
DA:18,0
DA:20,0
DA:21,0
DA:22,0
DA:23,0
DA:24,0
DA:25,0
DA:27,0
DA:28,0
DA:29,0
DA:31,0
DA:32,0
DA:35,0
DA:36,0
DA:37,0
DA:40,6
DA:41,6
DA:44,0
DA:45,0
DA:46,0
DA:50,0
DA:54,2
DA:55,2
DA:56,1
DA:57,1
DA:58,1
DA:59,1
DA:60,498
DA:61,498
DA:62,498
DA:63,498
DA:64,498
DA:65,4989
DA:66,4989
DA:68,498
DA:69,498
DA:70,498
DA:71,498
DA:72,498
DA:73,4989
DA:75,4989
DA:77,498
DA:78,498
DA:80,1
DA:81,1
LF:58
LH:26
BRDA:5,0,0,0
BRDA:5,0,1,0
BRDA:13,1,0,0
BRDA:13,1,1,0
BRDA:13,2,0,0
BRDA:13,2,1,0
BRDA:25,3,0,0
BRDA:25,3,1,0
BRDA:27,4,0,0
BRDA:27,4,1,0
BRDA:32,5,0,0
BRDA:32,5,1,0
BRDA:45,6,0,0
BRDA:45,6,1,0
BRDA:45,7,0,0
BRDA:45,7,1,0
BRDA:55,8,0,1
BRDA:55,8,1,1
BRDA:55,9,0,2
BRDA:55,9,1,1
BRDA:68,10,0,498
BRDA:68,10,1,0
BRDA:69,11,0,498
BRDA:69,11,1,0
BRDA:75,12,0,2720
BRDA:75,12,1,2269
BRF:26
BRH:8
end_of_record
TN:
SF:src/services/overlayStats.js
FN:1,calcReturn
FN:9,calcMaxDD
FN:20,summarizeSeries
FN:21,(anonymous_3)
FN:32,withBaselineDelta
FN:35,(anonymous_5)
FNF:6
FNH:0
FNDA:0,calcReturn
FNDA:0,calcMaxDD
FNDA:0,summarizeSeries
FNDA:0,(anonymous_3)
FNDA:0,withBaselineDelta
FNDA:0,(anonymous_5)
DA:2,0
DA:3,0
DA:4,0
DA:5,0
DA:6,0
DA:10,0
DA:11,0
DA:12,0
DA:13,0
DA:14,0
DA:15,0
DA:17,0
DA:21,0
DA:33,0
DA:34,0
DA:35,0
LF:16
LH:0
BRDA:2,0,0,0
BRDA:2,0,1,0
BRDA:5,1,0,0
BRDA:5,1,1,0
BRDA:5,2,0,0
BRDA:5,2,1,0
BRDA:10,3,0,0
BRDA:10,3,1,0
BRDA:22,4,0,0
BRDA:22,4,1,0
BRDA:23,5,0,0
BRDA:23,5,1,0
BRDA:23,6,0,0
BRDA:23,6,1,0
BRDA:24,7,0,0
BRDA:24,7,1,0
BRDA:25,8,0,0
BRDA:25,8,1,0
BRDA:26,9,0,0
BRDA:26,9,1,0
BRDA:33,10,0,0
BRDA:33,10,1,0
BRDA:37,11,0,0
BRDA:37,11,1,0
BRDA:37,12,0,0
BRDA:37,12,1,0
BRDA:38,13,0,0
BRDA:38,13,1,0
BRDA:38,14,0,0
BRDA:38,14,1,0
BRF:30
BRH:0
end_of_record
TN:
SF:src/services/reportHtml.js
FN:3,htmlPage
FNF:1
FNH:1
FNDA:1,htmlPage
DA:4,1
DA:5,1
DA:7,1
LF:3
LH:3
BRDA:4,0,0,1
BRDA:4,0,1,1
BRDA:5,1,0,1
BRDA:5,1,1,0
BRDA:43,2,0,1
BRDA:43,2,1,0
BRDA:43,3,0,1
BRDA:43,3,1,0
BRDA:43,4,0,1
BRDA:43,4,1,1
BRDA:43,5,0,1
BRDA:43,5,1,1
BRDA:43,6,0,1
BRDA:43,6,1,1
BRF:14
BRH:11
end_of_record
TN:
SF:src/signal/generateSignals.js
FN:8,generateSignals
FN:43,intervalToMs
FN:44,countGaps
FN:52,reasonFrom
FNF:4
FNH:0
FNDA:0,generateSignals
FNDA:0,intervalToMs
FNDA:0,countGaps
FNDA:0,reasonFrom
DA:9,0
DA:10,0
DA:13,0
DA:14,0
DA:15,0
DA:16,0
DA:17,0
DA:20,0
DA:21,0
DA:22,0
DA:23,0
DA:24,0
DA:27,0
DA:28,0
DA:30,0
DA:31,0
DA:32,0
DA:33,0
DA:35,0
DA:39,0
DA:43,0
DA:45,0
DA:46,0
DA:47,0
DA:48,0
DA:50,0
DA:52,0
LF:27
LH:0
BRDA:9,0,0,0
BRDA:9,1,0,0
BRDA:9,2,0,0
BRDA:9,3,0,0
BRDA:9,3,1,0
BRDA:9,4,0,0
BRDA:9,5,0,0
BRDA:9,5,1,0
BRDA:10,6,0,0
BRDA:10,6,1,0
BRDA:10,7,0,0
BRDA:10,7,1,0
BRDA:13,8,0,0
BRDA:13,8,1,0
BRDA:16,9,0,0
BRDA:16,9,1,0
BRDA:30,10,0,0
BRDA:30,10,1,0
BRDA:30,10,2,0
BRDA:30,10,3,0
BRDA:30,10,4,0
BRDA:30,11,0,0
BRDA:30,11,1,0
BRDA:31,12,0,0
BRDA:31,12,1,0
BRDA:43,13,0,0
BRDA:43,13,1,0
BRDA:47,14,0,0
BRDA:47,14,1,0
BRDA:47,15,0,0
BRDA:47,15,1,0
BRDA:48,16,0,0
BRDA:48,16,1,0
BRDA:52,17,0,0
BRDA:52,17,1,0
BRF:35
BRH:0
end_of_record
TN:
SF:src/signal/instrumentation.js
FN:14,isValidByType
FN:34,resolveArgs
FN:42,timeIndicator
FN:65,noteMissingCandles
FN:69,noteDataStaleness
FN:73,noteSignal
FN:77,noteSuppressed
FN:81,noteRiskReject
FNF:8
FNH:0
FNDA:0,isValidByType
FNDA:0,resolveArgs
FNDA:0,timeIndicator
FNDA:0,noteMissingCandles
FNDA:0,noteDataStaleness
FNDA:0,noteSignal
FNDA:0,noteSuppressed
FNDA:0,noteRiskReject
DA:11,5
DA:12,5
DA:15,0
DA:18,0
DA:20,0
DA:21,0
DA:24,0
DA:25,0
DA:26,0
DA:30,0
DA:35,0
DA:36,0
DA:37,0
DA:39,0
DA:43,0
DA:44,0
DA:45,0
DA:46,0
DA:48,0
DA:49,0
DA:50,0
DA:51,0
DA:52,0
DA:53,0
DA:54,0
DA:55,0
DA:57,0
DA:59,0
DA:61,0
DA:66,0
DA:70,0
DA:74,0
DA:78,0
DA:82,0
LF:34
LH:2
BRDA:15,0,0,0
BRDA:15,0,1,0
BRDA:18,1,0,0
BRDA:18,1,1,0
BRDA:18,2,0,0
BRDA:18,2,1,0
BRDA:18,2,2,0
BRDA:20,3,0,0
BRDA:20,3,1,0
BRDA:21,4,0,0
BRDA:21,4,1,0
BRDA:24,5,0,0
BRDA:24,5,1,0
BRDA:26,6,0,0
BRDA:26,6,1,0
BRDA:26,6,2,0
BRDA:30,7,0,0
BRDA:30,7,1,0
BRDA:35,8,0,0
BRDA:35,8,1,0
BRDA:35,9,0,0
BRDA:35,9,1,0
BRDA:36,10,0,0
BRDA:36,10,1,0
BRDA:36,11,0,0
BRDA:36,11,1,0
BRDA:36,11,2,0
BRDA:44,12,0,0
BRDA:44,12,1,0
BRDA:53,13,0,0
BRDA:53,13,1,0
BRDA:54,14,0,0
BRDA:54,14,1,0
BRDA:54,15,0,0
BRDA:54,15,1,0
BRDA:65,16,0,0
BRDA:77,17,0,0
BRF:37
BRH:0
end_of_record
TN:
SF:src/signal/indicators/ai.core.js
FN:3,aiScore
FN:4,(anonymous_1)
FNF:2
FNH:0
FNDA:0,aiScore
FNDA:0,(anonymous_1)
DA:4,0
DA:5,0
DA:6,0
DA:7,0
LF:4
LH:0
BRDA:6,0,0,0
BRDA:6,0,1,0
BRF:2
BRH:0
end_of_record
TN:
SF:src/signal/indicators/ai.js
FN:4,aiScoreInstrumented
FNF:1
FNH:0
FNDA:0,aiScoreInstrumented
DA:5,0
LF:1
LH:0
BRF:0
BRH:0
end_of_record
TN:
SF:src/signal/indicators/atr.core.js
FN:3,computeATR14
FNF:1
FNH:0
FNDA:0,computeATR14
DA:4,0
DA:5,0
LF:2
LH:0
BRDA:5,0,0,0
BRDA:5,0,1,0
BRF:2
BRH:0
end_of_record
TN:
SF:src/signal/indicators/atr.js
FN:4,atr14Instrumented
FNF:1
FNH:0
FNDA:0,atr14Instrumented
DA:5,0
LF:1
LH:0
BRF:0
BRH:0
end_of_record
TN:
SF:src/signal/indicators/patterns.core.js
FN:3,detectBullishEngulfing
FNF:1
FNH:0
FNDA:0,detectBullishEngulfing
DA:4,0
DA:5,0
DA:6,0
LF:3
LH:0
BRDA:4,0,0,0
BRDA:4,0,1,0
BRDA:4,1,0,0
BRDA:4,1,1,0
BRF:4
BRH:0
end_of_record
TN:
SF:src/signal/indicators/patterns.js
FN:4,bullishEngulfingInstrumented
FNF:1
FNH:0
FNDA:0,bullishEngulfingInstrumented
DA:5,0
LF:1
LH:0
BRF:0
BRH:0
end_of_record
TN:
SF:src/signal/indicators/rsi14.core.js
FN:3,computeRSI14
FN:4,(anonymous_1)
FNF:2
FNH:0
FNDA:0,computeRSI14
FNDA:0,(anonymous_1)
DA:4,0
DA:5,0
DA:6,0
LF:3
LH:0
BRDA:6,0,0,0
BRDA:6,0,1,0
BRF:2
BRH:0
end_of_record
TN:
SF:src/signal/indicators/rsi14.js
FN:4,rsi14Instrumented
FNF:1
FNH:0
FNDA:0,rsi14Instrumented
DA:5,0
LF:1
LH:0
BRF:0
BRH:0
end_of_record
TN:
SF:src/signal/indicators/trend.core.js
FN:3,computeTrend
FNF:1
FNH:0
FNDA:0,computeTrend
DA:4,0
LF:1
LH:0
BRF:0
BRH:0
end_of_record
TN:
SF:src/signal/indicators/trend.js
FN:4,trendInstrumented
FNF:1
FNH:0
FNDA:0,trendInstrumented
DA:5,0
LF:1
LH:0
BRF:0
BRH:0
end_of_record
TN:
SF:src/storage/db.js
FN:16,pingOnce
FN:31,getDbPool
FN:34,isDbReady
FN:39,endPool
FN:49,listen
FN:51,(anonymous_5)
FN:56,(anonymous_6)
FN:63,init
FN:70,(anonymous_8)
FNF:9
FNH:4
FNDA:2,pingOnce
FNDA:2,getDbPool
FNDA:2,isDbReady
FNDA:2,endPool
FNDA:0,listen
FNDA:0,(anonymous_5)
FNDA:0,(anonymous_6)
FNDA:0,init
FNDA:0,(anonymous_8)
DA:2,2
DA:5,2
DA:10,2
DA:12,2
DA:13,2
DA:14,2
DA:17,2
DA:18,2
DA:19,2
DA:20,2
DA:21,2
DA:23,0
DA:24,0
DA:25,0
DA:26,0
DA:29,2
DA:32,2
DA:35,2
DA:37,2
DA:40,2
DA:41,2
DA:50,0
DA:51,0
DA:52,0
DA:54,0
DA:55,0
DA:56,0
DA:57,0
DA:58,0
DA:59,0
DA:64,0
DA:65,0
DA:66,0
DA:69,2
DA:70,0
DA:71,0
DA:72,0
LF:37
LH:18
BRDA:7,0,0,0
BRDA:7,0,1,2
BRDA:14,1,0,2
BRDA:14,1,1,2
BRDA:52,2,0,0
BRDA:52,2,1,0
BRDA:69,3,0,0
BRDA:69,3,1,2
BRF:8
BRH:4
end_of_record
TN:
SF:src/strategies/adx.js
FN:4,generateSignals
FNF:1
FNH:0
FNDA:0,generateSignals
DA:1,5
DA:2,5
DA:5,0
LF:3
LH:2
BRDA:4,0,0,0
BRF:1
BRH:0
end_of_record
TN:
SF:src/strategies/ema.js
FN:22,generateSignals
FN:34,(anonymous_1)
FN:35,(anonymous_2)
FN:36,(anonymous_3)
FN:37,(anonymous_4)
FN:38,(anonymous_5)
FN:45,(anonymous_6)
FN:57,(anonymous_7)
FNF:8
FNH:0
FNDA:0,generateSignals
FNDA:0,(anonymous_1)
FNDA:0,(anonymous_2)
FNDA:0,(anonymous_3)
FNDA:0,(anonymous_4)
FNDA:0,(anonymous_5)
FNDA:0,(anonymous_6)
FNDA:0,(anonymous_7)
DA:4,5
DA:5,5
DA:32,0
DA:34,0
DA:35,0
DA:36,0
DA:37,0
DA:38,0
DA:40,0
DA:41,0
DA:42,0
DA:43,0
DA:45,0
DA:46,0
DA:47,0
DA:48,0
DA:51,0
DA:57,0
DA:64,0
LF:19
LH:2
BRDA:22,0,0,0
BRDA:47,1,0,0
BRDA:47,1,1,0
BRDA:48,2,0,0
BRDA:48,2,1,0
BRDA:57,3,0,0
BRDA:57,3,1,0
BRDA:59,4,0,0
BRDA:59,4,1,0
BRDA:61,5,0,0
BRDA:61,5,1,0
BRF:11
BRH:0
end_of_record
TN:
SF:src/strategies/index.js
FN:7,getStrategies
FN:11,getStrategyById
FN:12,(anonymous_2)
FNF:3
FNH:0
FNDA:0,getStrategies
FNDA:0,getStrategyById
FNDA:0,(anonymous_2)
DA:5,5
DA:8,0
DA:12,0
LF:3
LH:1
BRF:0
BRH:0
end_of_record
TN:
SF:src/strategies/rsi.js
FN:4,generateSignals
FNF:1
FNH:0
FNDA:0,generateSignals
DA:1,5
DA:2,5
DA:5,0
LF:3
LH:2
BRDA:4,0,0,0
BRF:1
BRH:0
end_of_record
TN:
SF:src/strategy/trend.js
FN:1,ema
FN:4,(anonymous_1)
FN:11,getTrend
FN:12,(anonymous_3)
FNF:4
FNH:0
FNDA:0,ema
FNDA:0,(anonymous_1)
FNDA:0,getTrend
FNDA:0,(anonymous_3)
DA:2,0
DA:3,0
DA:4,0
DA:5,0
DA:6,0
DA:8,0
DA:12,0
DA:13,0
DA:14,0
DA:15,0
DA:16,0
DA:17,0
DA:18,0
LF:13
LH:0
BRDA:2,0,0,0
BRDA:2,0,1,0
BRDA:15,1,0,0
BRDA:15,1,1,0
BRDA:15,2,0,0
BRDA:15,2,1,0
BRDA:16,3,0,0
BRDA:16,3,1,0
BRDA:17,4,0,0
BRDA:17,4,1,0
BRF:10
BRH:0
end_of_record
